<?xml version="1.0" encoding="utf-8"?>
<TestRun id="8f75a438-25d6-4183-9c9f-6de284c507f7" name="dave@OVERLORD 2025-12-30 19:32:29" runUser="OVERLORD\dave" xmlns="http://microsoft.com/schemas/VisualStudio/TeamTest/2010">
  <Times creation="2025-12-30T19:32:29.0260822-05:00" queuing="2025-12-30T19:32:29.0260827-05:00" start="2025-12-30T19:32:27.0353575-05:00" finish="2025-12-30T19:32:52.2974395-05:00" />
  <TestSettings name="default" id="05340d74-da8b-478e-a86c-51f5a14fe2a9">
    <Deployment runDeploymentRoot="dave_OVERLORD_2025-12-30_19_32_29" />
  </TestSettings>
  <Results>
    <UnitTestResult executionId="30145dcc-a34a-4ba6-b6d9-97b19aab5ef8" testId="366ab443-8065-b89c-6c45-b46631ebb1b4" testName="MotorcycleRAG.IntegrationTests.Api.MotorcycleApiIntegrationTests.HealthEndpoint_ReturnsOk" computerName="OVERLORD" duration="00:00:00.3522893" startTime="2025-12-30T19:32:29.6493180-05:00" endTime="2025-12-30T19:32:30.0015023-05:00" testType="13cdc9d9-ddb5-4fa4-a97d-d965ccfc6d4b" outcome="Failed" testListId="8c84fa94-04c1-424b-9868-57a2d4851a1d" relativeResultsDirectory="30145dcc-a34a-4ba6-b6d9-97b19aab5ef8">
      <Output>
        <ErrorInfo>
          <Message>Assert.Equal() Failure: Values differ&#xD;
Expected: OK&#xD;
Actual:   BadRequest</Message>
          <StackTrace>   at MotorcycleRAG.IntegrationTests.Api.MotorcycleApiIntegrationTests.HealthEndpoint_ReturnsOk() in C:\git\motorcycle-rag-system\5-Test\tests\MotorcycleRAG.IntegrationTests\Api\MotorcycleApiIntegrationTests.cs:line 102&#xD;
--- End of stack trace from previous location ---</StackTrace>
        </ErrorInfo>
      </Output>
    </UnitTestResult>
    <UnitTestResult executionId="20de0cae-6de8-4582-bf6b-9ddd26300535" testId="2bdae08d-1556-ec49-2dc4-1346e3fac186" testName="MotorcycleRAG.IntegrationTests.PdfProcessing.MotorcycleManualCitationComponentTests.PdfProcessing_WithSectionHierarchy_CreatesCorrectSectionLevelLocator" computerName="OVERLORD" duration="00:00:00.0076445" startTime="2025-12-30T19:32:27.8463943-05:00" endTime="2025-12-30T19:32:27.8478280-05:00" testType="13cdc9d9-ddb5-4fa4-a97d-d965ccfc6d4b" outcome="Passed" testListId="8c84fa94-04c1-424b-9868-57a2d4851a1d" relativeResultsDirectory="20de0cae-6de8-4582-bf6b-9ddd26300535" />
    <UnitTestResult executionId="6b31408b-20ae-4eb5-acc7-62c81959850b" testId="d739895b-6364-87d1-c2b6-45808a10dfe0" testName="MotorcycleRAG.IntegrationTests.Api.MeApiIntegrationTests.GetProfile_Authenticated_ReturnsUserProfile" computerName="OVERLORD" duration="00:00:00.2090333" startTime="2025-12-30T19:32:51.9959820-05:00" endTime="2025-12-30T19:32:52.2051514-05:00" testType="13cdc9d9-ddb5-4fa4-a97d-d965ccfc6d4b" outcome="Failed" testListId="8c84fa94-04c1-424b-9868-57a2d4851a1d" relativeResultsDirectory="6b31408b-20ae-4eb5-acc7-62c81959850b">
      <Output>
        <ErrorInfo>
          <Message>System.Net.Http.HttpRequestException : Response status code does not indicate success: 400 (Bad Request).</Message>
          <StackTrace>   at System.Net.Http.HttpResponseMessage.EnsureSuccessStatusCode()&#xD;
   at MotorcycleRAG.IntegrationTests.Api.MeApiIntegrationTests.GetProfile_Authenticated_ReturnsUserProfile() in C:\git\motorcycle-rag-system\5-Test\tests\MotorcycleRAG.IntegrationTests\Api\MeApiIntegrationTests.cs:line 67&#xD;
--- End of stack trace from previous location ---</StackTrace>
        </ErrorInfo>
      </Output>
    </UnitTestResult>
    <UnitTestResult executionId="d12520e0-5a4e-4620-bffe-944b0cd2a045" testId="e7436305-2e8d-fe1a-28e2-57c3e5073ea9" testName="MotorcycleRAG.IntegrationTests.Api.AdminUserManagementIntegrationTests.UpdatePlan_WithAdminRole_Succeeds" computerName="OVERLORD" duration="00:00:00.2446267" startTime="2025-12-30T19:32:31.5455533-05:00" endTime="2025-12-30T19:32:31.7906786-05:00" testType="13cdc9d9-ddb5-4fa4-a97d-d965ccfc6d4b" outcome="Failed" testListId="8c84fa94-04c1-424b-9868-57a2d4851a1d" relativeResultsDirectory="d12520e0-5a4e-4620-bffe-944b0cd2a045">
      <Output>
        <ErrorInfo>
          <Message>System.Net.Http.HttpRequestException : Response status code does not indicate success: 400 (Bad Request).</Message>
          <StackTrace>   at System.Net.Http.HttpResponseMessage.EnsureSuccessStatusCode()&#xD;
   at MotorcycleRAG.IntegrationTests.Api.AdminUserManagementIntegrationTests.UpdatePlan_WithAdminRole_Succeeds() in C:\git\motorcycle-rag-system\5-Test\tests\MotorcycleRAG.IntegrationTests\Api\AdminUserManagementIntegrationTests.cs:line 296&#xD;
--- End of stack trace from previous location ---</StackTrace>
        </ErrorInfo>
      </Output>
    </UnitTestResult>
    <UnitTestResult executionId="373c5440-1112-4d1d-8e2c-70bb6d06272b" testId="557f68f3-43bc-02ca-33bb-45ea3e05ddde" testName="MotorcycleManualCitationControllerSerializationTests.QueryEndpoint_SerializesPageRangeInLocator_Correctly" computerName="OVERLORD" duration="00:00:00.5484782" startTime="2025-12-30T19:32:30.7211807-05:00" endTime="2025-12-30T19:32:31.2695658-05:00" testType="13cdc9d9-ddb5-4fa4-a97d-d965ccfc6d4b" outcome="Failed" testListId="8c84fa94-04c1-424b-9868-57a2d4851a1d" relativeResultsDirectory="373c5440-1112-4d1d-8e2c-70bb6d06272b">
      <Output>
        <ErrorInfo>
          <Message>Assert.Equal() Failure: Values differ&#xD;
Expected: OK&#xD;
Actual:   BadRequest</Message>
          <StackTrace>   at MotorcycleManualCitationControllerSerializationTests.QueryEndpoint_SerializesPageRangeInLocator_Correctly() in C:\git\motorcycle-rag-system\5-Test\tests\MotorcycleRAG.IntegrationTests\Api\MotorcycleManualCitationControllerSerializationTests.cs:line 218&#xD;
--- End of stack trace from previous location ---</StackTrace>
        </ErrorInfo>
      </Output>
    </UnitTestResult>
    <UnitTestResult executionId="09a0c1ea-07d0-41da-b312-870e11c5d543" testId="933e64a3-3a81-f2a9-1e04-dff673cde821" testName="MotorcycleManualCitationControllerSerializationTests.QueryEndpoint_SerializesSectionHierarchyInLocator_Correctly" computerName="OVERLORD" duration="00:00:00.3996927" startTime="2025-12-30T19:32:29.7569099-05:00" endTime="2025-12-30T19:32:30.1570135-05:00" testType="13cdc9d9-ddb5-4fa4-a97d-d965ccfc6d4b" outcome="Failed" testListId="8c84fa94-04c1-424b-9868-57a2d4851a1d" relativeResultsDirectory="09a0c1ea-07d0-41da-b312-870e11c5d543">
      <Output>
        <ErrorInfo>
          <Message>Assert.Equal() Failure: Values differ&#xD;
Expected: OK&#xD;
Actual:   BadRequest</Message>
          <StackTrace>   at MotorcycleManualCitationControllerSerializationTests.QueryEndpoint_SerializesSectionHierarchyInLocator_Correctly() in C:\git\motorcycle-rag-system\5-Test\tests\MotorcycleRAG.IntegrationTests\Api\MotorcycleManualCitationControllerSerializationTests.cs:line 173&#xD;
--- End of stack trace from previous location ---</StackTrace>
        </ErrorInfo>
      </Output>
    </UnitTestResult>
    <UnitTestResult executionId="854568ba-c280-49c3-9f47-edfdb78d9eb0" testId="7f2ff8f4-0454-dbb3-9458-af47d7d8c8d3" testName="MotorcycleRAG.IntegrationTests.Api.AdminUserManagementIntegrationTests.SetUserEnabledStatus_Unauthenticated_ReturnsUnauthorized" computerName="OVERLORD" duration="00:00:00.3566261" startTime="2025-12-30T19:32:31.1815358-05:00" endTime="2025-12-30T19:32:31.5384313-05:00" testType="13cdc9d9-ddb5-4fa4-a97d-d965ccfc6d4b" outcome="Passed" testListId="8c84fa94-04c1-424b-9868-57a2d4851a1d" relativeResultsDirectory="854568ba-c280-49c3-9f47-edfdb78d9eb0" />
    <UnitTestResult executionId="c28be567-0edc-42f9-8765-5607edc7b1cc" testId="ede40d43-7fa2-8f70-cb75-f704da18dedf" testName="MotorcycleRAG.IntegrationTests.Api.AdminUserManagementIntegrationTests.SetUserEnabledStatus_WithAdminRole_Succeeds" computerName="OVERLORD" duration="00:00:00.2407080" startTime="2025-12-30T19:32:31.7914516-05:00" endTime="2025-12-30T19:32:32.0318438-05:00" testType="13cdc9d9-ddb5-4fa4-a97d-d965ccfc6d4b" outcome="Passed" testListId="8c84fa94-04c1-424b-9868-57a2d4851a1d" relativeResultsDirectory="c28be567-0edc-42f9-8765-5607edc7b1cc" />
    <UnitTestResult executionId="cbaaa9b1-5eac-47b3-a7ca-cb7b3dd91f82" testId="c5ba220e-5ec9-f82d-2583-396ec70034cb" testName="MotorcycleManualCitationControllerSerializationTests.QueryEndpoint_SerializesManualCitationWithLocatorMetadata_Correctly" computerName="OVERLORD" duration="00:00:01.3049378" startTime="2025-12-30T19:32:27.6204357-05:00" endTime="2025-12-30T19:32:28.9949605-05:00" testType="13cdc9d9-ddb5-4fa4-a97d-d965ccfc6d4b" outcome="Failed" testListId="8c84fa94-04c1-424b-9868-57a2d4851a1d" relativeResultsDirectory="cbaaa9b1-5eac-47b3-a7ca-cb7b3dd91f82">
      <Output>
        <ErrorInfo>
          <Message>Assert.Equal() Failure: Values differ&#xD;
Expected: OK&#xD;
Actual:   BadRequest</Message>
          <StackTrace>   at MotorcycleManualCitationControllerSerializationTests.QueryEndpoint_SerializesManualCitationWithLocatorMetadata_Correctly() in C:\git\motorcycle-rag-system\5-Test\tests\MotorcycleRAG.IntegrationTests\Api\MotorcycleManualCitationControllerSerializationTests.cs:line 81&#xD;
--- End of stack trace from previous location ---</StackTrace>
        </ErrorInfo>
      </Output>
    </UnitTestResult>
    <UnitTestResult executionId="7ab134cc-2449-44f2-bf8b-1106f87c09bd" testId="44d2dc7a-d511-a28b-2768-e33ab8e5acb8" testName="MotorcycleRAG.IntegrationTests.Authorization.AuthorizationTests.MotorcycleController_QueryEndpoint_RequiresAuthentication" computerName="OVERLORD" duration="00:00:00.0127262" startTime="2025-12-30T19:32:29.5484166-05:00" endTime="2025-12-30T19:32:29.5603509-05:00" testType="13cdc9d9-ddb5-4fa4-a97d-d965ccfc6d4b" outcome="Passed" testListId="8c84fa94-04c1-424b-9868-57a2d4851a1d" relativeResultsDirectory="7ab134cc-2449-44f2-bf8b-1106f87c09bd" />
    <UnitTestResult executionId="bcb5af80-49d3-416a-9e83-5ba5755f32ea" testId="453fa0dc-69ac-8ba3-c668-2bb204f9e67a" testName="MotorcycleRAG.IntegrationTests.Api.AdminUserManagementIntegrationTests.AssignPlanToUser_WithAdminRole_Succeeds" computerName="OVERLORD" duration="00:00:00.6000798" startTime="2025-12-30T19:32:30.1120608-05:00" endTime="2025-12-30T19:32:30.7099612-05:00" testType="13cdc9d9-ddb5-4fa4-a97d-d965ccfc6d4b" outcome="Passed" testListId="8c84fa94-04c1-424b-9868-57a2d4851a1d" relativeResultsDirectory="bcb5af80-49d3-416a-9e83-5ba5755f32ea" />
    <UnitTestResult executionId="6bc00cbe-56b0-4e04-ad81-7e95c9852138" testId="8125c21a-893a-f9e9-28bc-55bb1f87ee9f" testName="MotorcycleRAG.IntegrationTests.Api.AdminUserManagementIntegrationTests.CreatePlan_WithAdminRole_Succeeds" computerName="OVERLORD" duration="00:00:01.3057426" startTime="2025-12-30T19:32:27.6204761-05:00" endTime="2025-12-30T19:32:28.9955161-05:00" testType="13cdc9d9-ddb5-4fa4-a97d-d965ccfc6d4b" outcome="Failed" testListId="8c84fa94-04c1-424b-9868-57a2d4851a1d" relativeResultsDirectory="6bc00cbe-56b0-4e04-ad81-7e95c9852138">
      <Output>
        <ErrorInfo>
          <Message>Assert.Equal() Failure: Values differ&#xD;
Expected: Created&#xD;
Actual:   BadRequest</Message>
          <StackTrace>   at MotorcycleRAG.IntegrationTests.Api.AdminUserManagementIntegrationTests.CreatePlan_WithAdminRole_Succeeds() in C:\git\motorcycle-rag-system\5-Test\tests\MotorcycleRAG.IntegrationTests\Api\AdminUserManagementIntegrationTests.cs:line 253&#xD;
--- End of stack trace from previous location ---</StackTrace>
        </ErrorInfo>
      </Output>
    </UnitTestResult>
    <UnitTestResult executionId="f86dee40-280a-4b3c-91dd-84809089e2ef" testId="935e3d98-71c3-702a-0488-e004c45f7ced" testName="MotorcycleRAG.IntegrationTests.Api.MeApiIntegrationTests.GetProfile_Unauthenticated_ReturnsUnauthorized" computerName="OVERLORD" duration="00:00:00.1838728" startTime="2025-12-30T19:32:51.5866884-05:00" endTime="2025-12-30T19:32:51.7695397-05:00" testType="13cdc9d9-ddb5-4fa4-a97d-d965ccfc6d4b" outcome="Passed" testListId="8c84fa94-04c1-424b-9868-57a2d4851a1d" relativeResultsDirectory="f86dee40-280a-4b3c-91dd-84809089e2ef" />
    <UnitTestResult executionId="829fa858-19d9-4838-a3b7-b3962b672445" testId="b1438836-a93a-36df-a464-2a1ef6599c49" testName="MotorcycleRAG.IntegrationTests.Api.MotorcycleApiIntegrationTests.QueryEndpoint_HandlesNoResultsWithRefinementSuggestions" computerName="OVERLORD" duration="00:00:00.4353411" startTime="2025-12-30T19:32:30.0021440-05:00" endTime="2025-12-30T19:32:30.4378170-05:00" testType="13cdc9d9-ddb5-4fa4-a97d-d965ccfc6d4b" outcome="Failed" testListId="8c84fa94-04c1-424b-9868-57a2d4851a1d" relativeResultsDirectory="829fa858-19d9-4838-a3b7-b3962b672445">
      <Output>
        <ErrorInfo>
          <Message>Assert.Equal() Failure: Values differ&#xD;
Expected: OK&#xD;
Actual:   BadRequest</Message>
          <StackTrace>   at MotorcycleRAG.IntegrationTests.Api.MotorcycleApiIntegrationTests.QueryEndpoint_HandlesNoResultsWithRefinementSuggestions() in C:\git\motorcycle-rag-system\5-Test\tests\MotorcycleRAG.IntegrationTests\Api\MotorcycleApiIntegrationTests.cs:line 186&#xD;
--- End of stack trace from previous location ---</StackTrace>
        </ErrorInfo>
      </Output>
    </UnitTestResult>
    <UnitTestResult executionId="4cdd333b-c229-4256-bc01-a3b0908660f0" testId="2f23b65d-30ba-4210-64e6-337d92f5f293" testName="MotorcycleRAG.IntegrationTests.Api.AdminUserManagementIntegrationTests.DeletePlan_WithAdminRole_Succeeds" computerName="OVERLORD" duration="00:00:00.7751597" startTime="2025-12-30T19:32:28.9964566-05:00" endTime="2025-12-30T19:32:29.7068837-05:00" testType="13cdc9d9-ddb5-4fa4-a97d-d965ccfc6d4b" outcome="Failed" testListId="8c84fa94-04c1-424b-9868-57a2d4851a1d" relativeResultsDirectory="4cdd333b-c229-4256-bc01-a3b0908660f0">
      <Output>
        <ErrorInfo>
          <Message>Assert.Equal() Failure: Values differ&#xD;
Expected: NoContent&#xD;
Actual:   BadRequest</Message>
          <StackTrace>   at MotorcycleRAG.IntegrationTests.Api.AdminUserManagementIntegrationTests.DeletePlan_WithAdminRole_Succeeds() in C:\git\motorcycle-rag-system\5-Test\tests\MotorcycleRAG.IntegrationTests\Api\AdminUserManagementIntegrationTests.cs:line 334&#xD;
--- End of stack trace from previous location ---</StackTrace>
        </ErrorInfo>
      </Output>
    </UnitTestResult>
    <UnitTestResult executionId="7903f372-3b03-4679-bf31-247568a33f27" testId="33c7a44d-af76-6302-5757-77c102290624" testName="MotorcycleRAG.IntegrationTests.Api.MeApiIntegrationTests.GetUsage_InvalidDays_ClampsToValidRange" computerName="OVERLORD" duration="00:00:01.3038948" startTime="2025-12-30T19:32:27.6204912-05:00" endTime="2025-12-30T19:32:28.9940077-05:00" testType="13cdc9d9-ddb5-4fa4-a97d-d965ccfc6d4b" outcome="Failed" testListId="8c84fa94-04c1-424b-9868-57a2d4851a1d" relativeResultsDirectory="7903f372-3b03-4679-bf31-247568a33f27">
      <Output>
        <ErrorInfo>
          <Message>System.Net.Http.HttpRequestException : Response status code does not indicate success: 400 (Bad Request).</Message>
          <StackTrace>   at System.Net.Http.HttpResponseMessage.EnsureSuccessStatusCode()&#xD;
   at MotorcycleRAG.IntegrationTests.Api.MeApiIntegrationTests.GetUsage_InvalidDays_ClampsToValidRange() in C:\git\motorcycle-rag-system\5-Test\tests\MotorcycleRAG.IntegrationTests\Api\MeApiIntegrationTests.cs:line 143&#xD;
--- End of stack trace from previous location ---</StackTrace>
        </ErrorInfo>
      </Output>
    </UnitTestResult>
    <UnitTestResult executionId="5709c3b0-53ee-4a2f-96e4-4e460bfa58b6" testId="171ff947-eed3-8ae8-c239-55e84abe213c" testName="MotorcycleRAG.IntegrationTests.Api.AdminUserManagementIntegrationTests.GetAllPlans_WithAdminRole_ReturnsPlans" computerName="OVERLORD" duration="00:00:00.4014765" startTime="2025-12-30T19:32:29.7076948-05:00" endTime="2025-12-30T19:32:30.1093205-05:00" testType="13cdc9d9-ddb5-4fa4-a97d-d965ccfc6d4b" outcome="Failed" testListId="8c84fa94-04c1-424b-9868-57a2d4851a1d" relativeResultsDirectory="5709c3b0-53ee-4a2f-96e4-4e460bfa58b6">
      <Output>
        <ErrorInfo>
          <Message>System.Net.Http.HttpRequestException : Response status code does not indicate success: 400 (Bad Request).</Message>
          <StackTrace>   at System.Net.Http.HttpResponseMessage.EnsureSuccessStatusCode()&#xD;
   at MotorcycleRAG.IntegrationTests.Api.AdminUserManagementIntegrationTests.GetAllPlans_WithAdminRole_ReturnsPlans() in C:\git\motorcycle-rag-system\5-Test\tests\MotorcycleRAG.IntegrationTests\Api\AdminUserManagementIntegrationTests.cs:line 215&#xD;
--- End of stack trace from previous location ---</StackTrace>
        </ErrorInfo>
      </Output>
    </UnitTestResult>
    <UnitTestResult executionId="c27eb98d-ea0a-4560-87ff-49bee4237148" testId="58714af7-48bf-9be7-3d98-a54a2c5e7ee0" testName="MotorcycleRAG.IntegrationTests.Authorization.AuthorizationTests.DataPipelineController_UploadEndpoint_RequiresDataAdminRole" computerName="OVERLORD" duration="00:00:01.2705525" startTime="2025-12-30T19:32:27.6190265-05:00" endTime="2025-12-30T19:32:28.8985611-05:00" testType="13cdc9d9-ddb5-4fa4-a97d-d965ccfc6d4b" outcome="Passed" testListId="8c84fa94-04c1-424b-9868-57a2d4851a1d" relativeResultsDirectory="c27eb98d-ea0a-4560-87ff-49bee4237148" />
    <UnitTestResult executionId="33f6d56f-f96f-44d8-bc76-a99e576b72ab" testId="d5b0bcad-ad29-1d82-c58d-d6f3fe50df32" testName="MotorcycleRAG.IntegrationTests.Api.MeApiIntegrationTests.GetUsage_Unauthenticated_ReturnsUnauthorized" computerName="OVERLORD" duration="00:00:00.0050945" startTime="2025-12-30T19:32:51.7697718-05:00" endTime="2025-12-30T19:32:51.7750203-05:00" testType="13cdc9d9-ddb5-4fa4-a97d-d965ccfc6d4b" outcome="Passed" testListId="8c84fa94-04c1-424b-9868-57a2d4851a1d" relativeResultsDirectory="33f6d56f-f96f-44d8-bc76-a99e576b72ab" />
    <UnitTestResult executionId="6c021732-ced2-4255-89ec-94c2cf7522d2" testId="f56e8efd-ed72-7f50-1723-4e0f4e3af386" testName="MotorcycleRAG.IntegrationTests.Authorization.AuthorizationTests.MotorcycleController_HealthEndpoint_RequiresAuthentication" computerName="OVERLORD" duration="00:00:00.0058209" startTime="2025-12-30T19:32:29.5606184-05:00" endTime="2025-12-30T19:32:29.5666971-05:00" testType="13cdc9d9-ddb5-4fa4-a97d-d965ccfc6d4b" outcome="Passed" testListId="8c84fa94-04c1-424b-9868-57a2d4851a1d" relativeResultsDirectory="6c021732-ced2-4255-89ec-94c2cf7522d2" />
    <UnitTestResult executionId="b8f9e6bc-5e5c-432a-b67a-0b15d5d7c9cb" testId="2d712072-18b9-fc50-6566-797938881cac" testName="MotorcycleRAG.IntegrationTests.PdfProcessing.MotorcycleManualCitationComponentTests.PdfProcessingToCitationMapping_FullFlow_PreservesLocatorMetadata" computerName="OVERLORD" duration="00:00:00.2030048" startTime="2025-12-30T19:32:27.6204586-05:00" endTime="2025-12-30T19:32:27.8322397-05:00" testType="13cdc9d9-ddb5-4fa4-a97d-d965ccfc6d4b" outcome="Failed" testListId="8c84fa94-04c1-424b-9868-57a2d4851a1d" relativeResultsDirectory="b8f9e6bc-5e5c-432a-b67a-0b15d5d7c9cb">
      <Output>
        <ErrorInfo>
          <Message>Expected doc.SectionLevel to be greater than 0 because SectionLevel should be determined, but found 0.</Message>
          <StackTrace>   at FluentAssertions.Execution.LateBoundTestFramework.Throw(String message)&#xD;
   at FluentAssertions.Execution.DefaultAssertionStrategy.HandleFailure(String message)&#xD;
   at FluentAssertions.Execution.AssertionScope.AddPreFormattedFailure(String formattedFailureMessage)&#xD;
   at FluentAssertions.Execution.AssertionChain.FailWith(Func`1 getFailureReason)&#xD;
   at FluentAssertions.Execution.AssertionChain.FailWith(Func`1 getFailureReason)&#xD;
   at FluentAssertions.Execution.AssertionChain.FailWith(String message, Object[] args)&#xD;
   at FluentAssertions.Numeric.NumericAssertionsBase`3.BeGreaterThan(T expected, String because, Object[] becauseArgs)&#xD;
   at MotorcycleRAG.IntegrationTests.PdfProcessing.MotorcycleManualCitationComponentTests.PdfProcessingToCitationMapping_FullFlow_PreservesLocatorMetadata() in C:\git\motorcycle-rag-system\5-Test\tests\MotorcycleRAG.IntegrationTests\PdfProcessing\MotorcycleManualCitationComponentTests.cs:line 169&#xD;
--- End of stack trace from previous location ---</StackTrace>
        </ErrorInfo>
      </Output>
    </UnitTestResult>
    <UnitTestResult executionId="638d27df-5dff-4b72-a802-6609bf9e6388" testId="5939f9ff-d61f-7c53-c7a8-cb891a9741f1" testName="MotorcycleRAG.IntegrationTests.Api.AdminUserManagementIntegrationTests.GetAllPlans_Unauthenticated_ReturnsUnauthorized" computerName="OVERLORD" duration="00:00:00.0063948" startTime="2025-12-30T19:32:31.5393952-05:00" endTime="2025-12-30T19:32:31.5453227-05:00" testType="13cdc9d9-ddb5-4fa4-a97d-d965ccfc6d4b" outcome="Passed" testListId="8c84fa94-04c1-424b-9868-57a2d4851a1d" relativeResultsDirectory="638d27df-5dff-4b72-a802-6609bf9e6388" />
    <UnitTestResult executionId="fabf37fc-5a6c-441e-aee7-0e81c3b25c5d" testId="e095755c-b273-9a76-d73c-c9f9130af380" testName="MotorcycleRAG.IntegrationTests.Api.MeApiIntegrationTests.Query_WithExceededLimit_Returns429" computerName="OVERLORD" duration="00:00:10.5206491" startTime="2025-12-30T19:32:41.0641728-05:00" endTime="2025-12-30T19:32:51.5851744-05:00" testType="13cdc9d9-ddb5-4fa4-a97d-d965ccfc6d4b" outcome="Failed" testListId="8c84fa94-04c1-424b-9868-57a2d4851a1d" relativeResultsDirectory="fabf37fc-5a6c-441e-aee7-0e81c3b25c5d">
      <Output>
        <ErrorInfo>
          <Message>Assert.Equal() Failure: Values differ&#xD;
Expected: TooManyRequests&#xD;
Actual:   OK</Message>
          <StackTrace>   at MotorcycleRAG.IntegrationTests.Api.MeApiIntegrationTests.Query_WithExceededLimit_Returns429() in C:\git\motorcycle-rag-system\5-Test\tests\MotorcycleRAG.IntegrationTests\Api\MeApiIntegrationTests.cs:line 199&#xD;
--- End of stack trace from previous location ---</StackTrace>
        </ErrorInfo>
      </Output>
    </UnitTestResult>
    <UnitTestResult executionId="a2861ee8-2e63-48bf-921c-93b9e6527c29" testId="7b8ae255-494b-b0f8-65de-0a5f47d6fcfe" testName="MotorcycleRAG.IntegrationTests.Api.MotorcycleApiIntegrationTests.QueryEndpoint_ReturnsCitationsAndSources_WhenValidRequest" computerName="OVERLORD" duration="00:00:00.7193577" startTime="2025-12-30T19:32:28.9938867-05:00" endTime="2025-12-30T19:32:29.6485563-05:00" testType="13cdc9d9-ddb5-4fa4-a97d-d965ccfc6d4b" outcome="Failed" testListId="8c84fa94-04c1-424b-9868-57a2d4851a1d" relativeResultsDirectory="a2861ee8-2e63-48bf-921c-93b9e6527c29">
      <Output>
        <ErrorInfo>
          <Message>Assert.Equal() Failure: Values differ&#xD;
Expected: OK&#xD;
Actual:   BadRequest</Message>
          <StackTrace>   at MotorcycleRAG.IntegrationTests.Api.MotorcycleApiIntegrationTests.QueryEndpoint_ReturnsCitationsAndSources_WhenValidRequest() in C:\git\motorcycle-rag-system\5-Test\tests\MotorcycleRAG.IntegrationTests\Api\MotorcycleApiIntegrationTests.cs:line 122&#xD;
--- End of stack trace from previous location ---</StackTrace>
        </ErrorInfo>
      </Output>
    </UnitTestResult>
    <UnitTestResult executionId="433a5482-b6ff-423c-9deb-d91c89e359be" testId="6f32d52f-3593-539f-cdfe-7ad99d6e1206" testName="MotorcycleManualCitationControllerSerializationTests.QueryEndpoint_SerializesMultipleManualCitationsWithDifferentLocators_Correctly" computerName="OVERLORD" duration="00:00:00.8247929" startTime="2025-12-30T19:32:28.9954806-05:00" endTime="2025-12-30T19:32:29.7562672-05:00" testType="13cdc9d9-ddb5-4fa4-a97d-d965ccfc6d4b" outcome="Failed" testListId="8c84fa94-04c1-424b-9868-57a2d4851a1d" relativeResultsDirectory="433a5482-b6ff-423c-9deb-d91c89e359be">
      <Output>
        <ErrorInfo>
          <Message>Assert.Equal() Failure: Values differ&#xD;
Expected: OK&#xD;
Actual:   BadRequest</Message>
          <StackTrace>   at MotorcycleManualCitationControllerSerializationTests.QueryEndpoint_SerializesMultipleManualCitationsWithDifferentLocators_Correctly() in C:\git\motorcycle-rag-system\5-Test\tests\MotorcycleRAG.IntegrationTests\Api\MotorcycleManualCitationControllerSerializationTests.cs:line 134&#xD;
--- End of stack trace from previous location ---</StackTrace>
        </ErrorInfo>
      </Output>
    </UnitTestResult>
    <UnitTestResult executionId="3c4b7ed6-1e6c-403c-a81b-d8b77e436e90" testId="3546c9e5-3846-0b12-465e-b7507c509a1d" testName="MotorcycleRAG.IntegrationTests.Authorization.AuthorizationTests.DataPipelineController_StatusEndpoint_RequiresDataAdminRole" computerName="OVERLORD" duration="00:00:00.6456650" startTime="2025-12-30T19:32:28.8996189-05:00" endTime="2025-12-30T19:32:29.5471026-05:00" testType="13cdc9d9-ddb5-4fa4-a97d-d965ccfc6d4b" outcome="Passed" testListId="8c84fa94-04c1-424b-9868-57a2d4851a1d" relativeResultsDirectory="3c4b7ed6-1e6c-403c-a81b-d8b77e436e90" />
    <UnitTestResult executionId="4810b30e-bc88-430b-95e0-5fe0a7568b4a" testId="a328354b-935a-fa39-f20b-7a860c30f3ce" testName="MotorcycleRAG.IntegrationTests.Api.MotorcycleApiIntegrationTests.QueryEndpoint_InvalidModel_ReturnsBadRequest" computerName="OVERLORD" duration="00:00:01.3036483" startTime="2025-12-30T19:32:27.6203917-05:00" endTime="2025-12-30T19:32:28.9284334-05:00" testType="13cdc9d9-ddb5-4fa4-a97d-d965ccfc6d4b" outcome="Passed" testListId="8c84fa94-04c1-424b-9868-57a2d4851a1d" relativeResultsDirectory="4810b30e-bc88-430b-95e0-5fe0a7568b4a" />
    <UnitTestResult executionId="ae6e8899-663e-448c-a85d-b719e71e431d" testId="d43bcff3-a9ef-0810-474b-88b213bb96a7" testName="MotorcycleRAG.IntegrationTests.Api.MeApiIntegrationTests.Query_WithinLimit_AllowsRequest" computerName="OVERLORD" duration="00:00:12.1324954" startTime="2025-12-30T19:32:28.9949091-05:00" endTime="2025-12-30T19:32:41.0630841-05:00" testType="13cdc9d9-ddb5-4fa4-a97d-d965ccfc6d4b" outcome="Passed" testListId="8c84fa94-04c1-424b-9868-57a2d4851a1d" relativeResultsDirectory="ae6e8899-663e-448c-a85d-b719e71e431d" />
    <UnitTestResult executionId="db9a0c61-09a1-4d96-9bb8-adbc3889f316" testId="5423c7bb-708e-397b-9b57-673c90ad4e18" testName="MotorcycleRAG.IntegrationTests.Api.AdminUserManagementIntegrationTests.SetUserEnabledStatus_WithoutAdminRole_ReturnsForbidden" computerName="OVERLORD" duration="00:00:00.4707992" startTime="2025-12-30T19:32:30.7101839-05:00" endTime="2025-12-30T19:32:31.1813184-05:00" testType="13cdc9d9-ddb5-4fa4-a97d-d965ccfc6d4b" outcome="Passed" testListId="8c84fa94-04c1-424b-9868-57a2d4851a1d" relativeResultsDirectory="db9a0c61-09a1-4d96-9bb8-adbc3889f316" />
    <UnitTestResult executionId="17d71477-b307-44b5-a965-aa8b105cbe8b" testId="8797e856-b3fc-977d-13da-97385a1dca51" testName="MotorcycleManualCitationControllerSerializationTests.QueryEndpoint_SerializesMixedManualAndDatasetCitations_Correctly" computerName="OVERLORD" duration="00:00:00.5622025" startTime="2025-12-30T19:32:30.1578324-05:00" endTime="2025-12-30T19:32:30.7203006-05:00" testType="13cdc9d9-ddb5-4fa4-a97d-d965ccfc6d4b" outcome="Failed" testListId="8c84fa94-04c1-424b-9868-57a2d4851a1d" relativeResultsDirectory="17d71477-b307-44b5-a965-aa8b105cbe8b">
      <Output>
        <ErrorInfo>
          <Message>Assert.Equal() Failure: Values differ&#xD;
Expected: OK&#xD;
Actual:   BadRequest</Message>
          <StackTrace>   at MotorcycleManualCitationControllerSerializationTests.QueryEndpoint_SerializesMixedManualAndDatasetCitations_Correctly() in C:\git\motorcycle-rag-system\5-Test\tests\MotorcycleRAG.IntegrationTests\Api\MotorcycleManualCitationControllerSerializationTests.cs:line 252&#xD;
--- End of stack trace from previous location ---</StackTrace>
        </ErrorInfo>
      </Output>
    </UnitTestResult>
    <UnitTestResult executionId="77830859-a389-4897-bd5e-6eddd861c0ab" testId="2af4563a-c402-5fc1-98cc-4ef2fc4b7f74" testName="MotorcycleRAG.IntegrationTests.Api.MotorcycleApiIntegrationTests.QueryEndpoint_ReturnsStableQueryIdAndCompleteMetrics" computerName="OVERLORD" duration="00:00:00.4444125" startTime="2025-12-30T19:32:30.4387158-05:00" endTime="2025-12-30T19:32:30.8831529-05:00" testType="13cdc9d9-ddb5-4fa4-a97d-d965ccfc6d4b" outcome="Failed" testListId="8c84fa94-04c1-424b-9868-57a2d4851a1d" relativeResultsDirectory="77830859-a389-4897-bd5e-6eddd861c0ab">
      <Output>
        <ErrorInfo>
          <Message>Assert.Equal() Failure: Values differ&#xD;
Expected: OK&#xD;
Actual:   BadRequest</Message>
          <StackTrace>   at MotorcycleRAG.IntegrationTests.Api.MotorcycleApiIntegrationTests.QueryEndpoint_ReturnsStableQueryIdAndCompleteMetrics() in C:\git\motorcycle-rag-system\5-Test\tests\MotorcycleRAG.IntegrationTests\Api\MotorcycleApiIntegrationTests.cs:line 212&#xD;
--- End of stack trace from previous location ---</StackTrace>
        </ErrorInfo>
      </Output>
    </UnitTestResult>
    <UnitTestResult executionId="783b48bd-bddd-4768-a5d8-f55e9bcec90e" testId="1db2a9d7-9321-8281-7472-9b00bf23d347" testName="MotorcycleRAG.IntegrationTests.PdfProcessing.MotorcycleManualCitationComponentTests.PdfProcessing_WithMultiPageTable_CreatesCorrectPageRangeLocator" computerName="OVERLORD" duration="00:00:00.0095019" startTime="2025-12-30T19:32:27.8496707-05:00" endTime="2025-12-30T19:32:27.8497435-05:00" testType="13cdc9d9-ddb5-4fa4-a97d-d965ccfc6d4b" outcome="Passed" testListId="8c84fa94-04c1-424b-9868-57a2d4851a1d" relativeResultsDirectory="783b48bd-bddd-4768-a5d8-f55e9bcec90e" />
    <UnitTestResult executionId="2f6865e8-b07d-4e0a-9223-44ef74303ce4" testId="6320e416-773e-81cf-4449-1b0277cfb603" testName="MotorcycleRAG.IntegrationTests.Api.MeApiIntegrationTests.GetUsage_Authenticated_ReturnsUsageInformation" computerName="OVERLORD" duration="00:00:00.2198160" startTime="2025-12-30T19:32:51.7752131-05:00" endTime="2025-12-30T19:32:51.9954359-05:00" testType="13cdc9d9-ddb5-4fa4-a97d-d965ccfc6d4b" outcome="Failed" testListId="8c84fa94-04c1-424b-9868-57a2d4851a1d" relativeResultsDirectory="2f6865e8-b07d-4e0a-9223-44ef74303ce4">
      <Output>
        <ErrorInfo>
          <Message>System.Net.Http.HttpRequestException : Response status code does not indicate success: 400 (Bad Request).</Message>
          <StackTrace>   at System.Net.Http.HttpResponseMessage.EnsureSuccessStatusCode()&#xD;
   at MotorcycleRAG.IntegrationTests.Api.MeApiIntegrationTests.GetUsage_Authenticated_ReturnsUsageInformation() in C:\git\motorcycle-rag-system\5-Test\tests\MotorcycleRAG.IntegrationTests\Api\MeApiIntegrationTests.cs:line 112&#xD;
--- End of stack trace from previous location ---</StackTrace>
        </ErrorInfo>
      </Output>
    </UnitTestResult>
    <UnitTestResult executionId="f81c56ea-f41c-4e8b-bc1f-cfd780f47e81" testId="dbe9a695-4f30-49fb-dbdd-c7035c7f1fd5" testName="MotorcycleRAG.IntegrationTests.Api.MotorcycleApiIntegrationTests.QueryEndpoint_ReturnsOkAndResponseBody" computerName="OVERLORD" duration="00:00:00.5118990" startTime="2025-12-30T19:32:30.8838253-05:00" endTime="2025-12-30T19:32:31.3968514-05:00" testType="13cdc9d9-ddb5-4fa4-a97d-d965ccfc6d4b" outcome="Failed" testListId="8c84fa94-04c1-424b-9868-57a2d4851a1d" relativeResultsDirectory="f81c56ea-f41c-4e8b-bc1f-cfd780f47e81">
      <Output>
        <ErrorInfo>
          <Message>Assert.Equal() Failure: Values differ&#xD;
Expected: OK&#xD;
Actual:   BadRequest</Message>
          <StackTrace>   at MotorcycleRAG.IntegrationTests.Api.MotorcycleApiIntegrationTests.QueryEndpoint_ReturnsOkAndResponseBody() in C:\git\motorcycle-rag-system\5-Test\tests\MotorcycleRAG.IntegrationTests\Api\MotorcycleApiIntegrationTests.cs:line 74&#xD;
--- End of stack trace from previous location ---</StackTrace>
        </ErrorInfo>
      </Output>
    </UnitTestResult>
  </Results>
  <TestDefinitions>
    <UnitTest name="MotorcycleRAG.IntegrationTests.Authorization.AuthorizationTests.MotorcycleController_HealthEndpoint_RequiresAuthentication" storage="c:\git\motorcycle-rag-system\5-test\tests\motorcyclerag.integrationtests\bin\debug\net10.0\motorcyclerag.integrationtests.dll" id="f56e8efd-ed72-7f50-1723-4e0f4e3af386">
      <Execution id="6c021732-ced2-4255-89ec-94c2cf7522d2" />
      <TestMethod codeBase="C:\git\motorcycle-rag-system\5-Test\tests\MotorcycleRAG.IntegrationTests\bin\Debug\net10.0\MotorcycleRAG.IntegrationTests.dll" adapterTypeName="executor://xunit/VsTestRunner3/netcore/" className="MotorcycleRAG.IntegrationTests.Authorization.AuthorizationTests" name="MotorcycleController_HealthEndpoint_RequiresAuthentication" />
    </UnitTest>
    <UnitTest name="MotorcycleRAG.IntegrationTests.Api.AdminUserManagementIntegrationTests.SetUserEnabledStatus_WithoutAdminRole_ReturnsForbidden" storage="c:\git\motorcycle-rag-system\5-test\tests\motorcyclerag.integrationtests\bin\debug\net10.0\motorcyclerag.integrationtests.dll" id="5423c7bb-708e-397b-9b57-673c90ad4e18">
      <Execution id="db9a0c61-09a1-4d96-9bb8-adbc3889f316" />
      <TestMethod codeBase="C:\git\motorcycle-rag-system\5-Test\tests\MotorcycleRAG.IntegrationTests\bin\Debug\net10.0\MotorcycleRAG.IntegrationTests.dll" adapterTypeName="executor://xunit/VsTestRunner3/netcore/" className="MotorcycleRAG.IntegrationTests.Api.AdminUserManagementIntegrationTests" name="SetUserEnabledStatus_WithoutAdminRole_ReturnsForbidden" />
    </UnitTest>
    <UnitTest name="MotorcycleRAG.IntegrationTests.Api.AdminUserManagementIntegrationTests.SetUserEnabledStatus_Unauthenticated_ReturnsUnauthorized" storage="c:\git\motorcycle-rag-system\5-test\tests\motorcyclerag.integrationtests\bin\debug\net10.0\motorcyclerag.integrationtests.dll" id="7f2ff8f4-0454-dbb3-9458-af47d7d8c8d3">
      <Execution id="854568ba-c280-49c3-9f47-edfdb78d9eb0" />
      <TestMethod codeBase="C:\git\motorcycle-rag-system\5-Test\tests\MotorcycleRAG.IntegrationTests\bin\Debug\net10.0\MotorcycleRAG.IntegrationTests.dll" adapterTypeName="executor://xunit/VsTestRunner3/netcore/" className="MotorcycleRAG.IntegrationTests.Api.AdminUserManagementIntegrationTests" name="SetUserEnabledStatus_Unauthenticated_ReturnsUnauthorized" />
    </UnitTest>
    <UnitTest name="MotorcycleRAG.IntegrationTests.Api.MotorcycleApiIntegrationTests.QueryEndpoint_ReturnsCitationsAndSources_WhenValidRequest" storage="c:\git\motorcycle-rag-system\5-test\tests\motorcyclerag.integrationtests\bin\debug\net10.0\motorcyclerag.integrationtests.dll" id="7b8ae255-494b-b0f8-65de-0a5f47d6fcfe">
      <Execution id="a2861ee8-2e63-48bf-921c-93b9e6527c29" />
      <TestMethod codeBase="C:\git\motorcycle-rag-system\5-Test\tests\MotorcycleRAG.IntegrationTests\bin\Debug\net10.0\MotorcycleRAG.IntegrationTests.dll" adapterTypeName="executor://xunit/VsTestRunner3/netcore/" className="MotorcycleRAG.IntegrationTests.Api.MotorcycleApiIntegrationTests" name="QueryEndpoint_ReturnsCitationsAndSources_WhenValidRequest" />
    </UnitTest>
    <UnitTest name="MotorcycleRAG.IntegrationTests.Api.AdminUserManagementIntegrationTests.UpdatePlan_WithAdminRole_Succeeds" storage="c:\git\motorcycle-rag-system\5-test\tests\motorcyclerag.integrationtests\bin\debug\net10.0\motorcyclerag.integrationtests.dll" id="e7436305-2e8d-fe1a-28e2-57c3e5073ea9">
      <Execution id="d12520e0-5a4e-4620-bffe-944b0cd2a045" />
      <TestMethod codeBase="C:\git\motorcycle-rag-system\5-Test\tests\MotorcycleRAG.IntegrationTests\bin\Debug\net10.0\MotorcycleRAG.IntegrationTests.dll" adapterTypeName="executor://xunit/VsTestRunner3/netcore/" className="MotorcycleRAG.IntegrationTests.Api.AdminUserManagementIntegrationTests" name="UpdatePlan_WithAdminRole_Succeeds" />
    </UnitTest>
    <UnitTest name="MotorcycleRAG.IntegrationTests.Api.MotorcycleApiIntegrationTests.QueryEndpoint_InvalidModel_ReturnsBadRequest" storage="c:\git\motorcycle-rag-system\5-test\tests\motorcyclerag.integrationtests\bin\debug\net10.0\motorcyclerag.integrationtests.dll" id="a328354b-935a-fa39-f20b-7a860c30f3ce">
      <Execution id="4810b30e-bc88-430b-95e0-5fe0a7568b4a" />
      <TestMethod codeBase="C:\git\motorcycle-rag-system\5-Test\tests\MotorcycleRAG.IntegrationTests\bin\Debug\net10.0\MotorcycleRAG.IntegrationTests.dll" adapterTypeName="executor://xunit/VsTestRunner3/netcore/" className="MotorcycleRAG.IntegrationTests.Api.MotorcycleApiIntegrationTests" name="QueryEndpoint_InvalidModel_ReturnsBadRequest" />
    </UnitTest>
    <UnitTest name="MotorcycleRAG.IntegrationTests.PdfProcessing.MotorcycleManualCitationComponentTests.PdfProcessing_WithSectionHierarchy_CreatesCorrectSectionLevelLocator" storage="c:\git\motorcycle-rag-system\5-test\tests\motorcyclerag.integrationtests\bin\debug\net10.0\motorcyclerag.integrationtests.dll" id="2bdae08d-1556-ec49-2dc4-1346e3fac186">
      <Execution id="20de0cae-6de8-4582-bf6b-9ddd26300535" />
      <TestMethod codeBase="C:\git\motorcycle-rag-system\5-Test\tests\MotorcycleRAG.IntegrationTests\bin\Debug\net10.0\MotorcycleRAG.IntegrationTests.dll" adapterTypeName="executor://xunit/VsTestRunner3/netcore/" className="MotorcycleRAG.IntegrationTests.PdfProcessing.MotorcycleManualCitationComponentTests" name="PdfProcessing_WithSectionHierarchy_CreatesCorrectSectionLevelLocator" />
    </UnitTest>
    <UnitTest name="MotorcycleRAG.IntegrationTests.Api.MotorcycleApiIntegrationTests.QueryEndpoint_ReturnsOkAndResponseBody" storage="c:\git\motorcycle-rag-system\5-test\tests\motorcyclerag.integrationtests\bin\debug\net10.0\motorcyclerag.integrationtests.dll" id="dbe9a695-4f30-49fb-dbdd-c7035c7f1fd5">
      <Execution id="f81c56ea-f41c-4e8b-bc1f-cfd780f47e81" />
      <TestMethod codeBase="C:\git\motorcycle-rag-system\5-Test\tests\MotorcycleRAG.IntegrationTests\bin\Debug\net10.0\MotorcycleRAG.IntegrationTests.dll" adapterTypeName="executor://xunit/VsTestRunner3/netcore/" className="MotorcycleRAG.IntegrationTests.Api.MotorcycleApiIntegrationTests" name="QueryEndpoint_ReturnsOkAndResponseBody" />
    </UnitTest>
    <UnitTest name="MotorcycleRAG.IntegrationTests.Api.MeApiIntegrationTests.GetProfile_Authenticated_ReturnsUserProfile" storage="c:\git\motorcycle-rag-system\5-test\tests\motorcyclerag.integrationtests\bin\debug\net10.0\motorcyclerag.integrationtests.dll" id="d739895b-6364-87d1-c2b6-45808a10dfe0">
      <Execution id="6b31408b-20ae-4eb5-acc7-62c81959850b" />
      <TestMethod codeBase="C:\git\motorcycle-rag-system\5-Test\tests\MotorcycleRAG.IntegrationTests\bin\Debug\net10.0\MotorcycleRAG.IntegrationTests.dll" adapterTypeName="executor://xunit/VsTestRunner3/netcore/" className="MotorcycleRAG.IntegrationTests.Api.MeApiIntegrationTests" name="GetProfile_Authenticated_ReturnsUserProfile" />
    </UnitTest>
    <UnitTest name="MotorcycleRAG.IntegrationTests.Api.MeApiIntegrationTests.Query_WithExceededLimit_Returns429" storage="c:\git\motorcycle-rag-system\5-test\tests\motorcyclerag.integrationtests\bin\debug\net10.0\motorcyclerag.integrationtests.dll" id="e095755c-b273-9a76-d73c-c9f9130af380">
      <Execution id="fabf37fc-5a6c-441e-aee7-0e81c3b25c5d" />
      <TestMethod codeBase="C:\git\motorcycle-rag-system\5-Test\tests\MotorcycleRAG.IntegrationTests\bin\Debug\net10.0\MotorcycleRAG.IntegrationTests.dll" adapterTypeName="executor://xunit/VsTestRunner3/netcore/" className="MotorcycleRAG.IntegrationTests.Api.MeApiIntegrationTests" name="Query_WithExceededLimit_Returns429" />
    </UnitTest>
    <UnitTest name="MotorcycleRAG.IntegrationTests.Api.MeApiIntegrationTests.GetUsage_Unauthenticated_ReturnsUnauthorized" storage="c:\git\motorcycle-rag-system\5-test\tests\motorcyclerag.integrationtests\bin\debug\net10.0\motorcyclerag.integrationtests.dll" id="d5b0bcad-ad29-1d82-c58d-d6f3fe50df32">
      <Execution id="33f6d56f-f96f-44d8-bc76-a99e576b72ab" />
      <TestMethod codeBase="C:\git\motorcycle-rag-system\5-Test\tests\MotorcycleRAG.IntegrationTests\bin\Debug\net10.0\MotorcycleRAG.IntegrationTests.dll" adapterTypeName="executor://xunit/VsTestRunner3/netcore/" className="MotorcycleRAG.IntegrationTests.Api.MeApiIntegrationTests" name="GetUsage_Unauthenticated_ReturnsUnauthorized" />
    </UnitTest>
    <UnitTest name="MotorcycleRAG.IntegrationTests.Api.AdminUserManagementIntegrationTests.CreatePlan_WithAdminRole_Succeeds" storage="c:\git\motorcycle-rag-system\5-test\tests\motorcyclerag.integrationtests\bin\debug\net10.0\motorcyclerag.integrationtests.dll" id="8125c21a-893a-f9e9-28bc-55bb1f87ee9f">
      <Execution id="6bc00cbe-56b0-4e04-ad81-7e95c9852138" />
      <TestMethod codeBase="C:\git\motorcycle-rag-system\5-Test\tests\MotorcycleRAG.IntegrationTests\bin\Debug\net10.0\MotorcycleRAG.IntegrationTests.dll" adapterTypeName="executor://xunit/VsTestRunner3/netcore/" className="MotorcycleRAG.IntegrationTests.Api.AdminUserManagementIntegrationTests" name="CreatePlan_WithAdminRole_Succeeds" />
    </UnitTest>
    <UnitTest name="MotorcycleRAG.IntegrationTests.Authorization.AuthorizationTests.DataPipelineController_StatusEndpoint_RequiresDataAdminRole" storage="c:\git\motorcycle-rag-system\5-test\tests\motorcyclerag.integrationtests\bin\debug\net10.0\motorcyclerag.integrationtests.dll" id="3546c9e5-3846-0b12-465e-b7507c509a1d">
      <Execution id="3c4b7ed6-1e6c-403c-a81b-d8b77e436e90" />
      <TestMethod codeBase="C:\git\motorcycle-rag-system\5-Test\tests\MotorcycleRAG.IntegrationTests\bin\Debug\net10.0\MotorcycleRAG.IntegrationTests.dll" adapterTypeName="executor://xunit/VsTestRunner3/netcore/" className="MotorcycleRAG.IntegrationTests.Authorization.AuthorizationTests" name="DataPipelineController_StatusEndpoint_RequiresDataAdminRole" />
    </UnitTest>
    <UnitTest name="MotorcycleRAG.IntegrationTests.PdfProcessing.MotorcycleManualCitationComponentTests.PdfProcessingToCitationMapping_FullFlow_PreservesLocatorMetadata" storage="c:\git\motorcycle-rag-system\5-test\tests\motorcyclerag.integrationtests\bin\debug\net10.0\motorcyclerag.integrationtests.dll" id="2d712072-18b9-fc50-6566-797938881cac">
      <Execution id="b8f9e6bc-5e5c-432a-b67a-0b15d5d7c9cb" />
      <TestMethod codeBase="C:\git\motorcycle-rag-system\5-Test\tests\MotorcycleRAG.IntegrationTests\bin\Debug\net10.0\MotorcycleRAG.IntegrationTests.dll" adapterTypeName="executor://xunit/VsTestRunner3/netcore/" className="MotorcycleRAG.IntegrationTests.PdfProcessing.MotorcycleManualCitationComponentTests" name="PdfProcessingToCitationMapping_FullFlow_PreservesLocatorMetadata" />
    </UnitTest>
    <UnitTest name="MotorcycleRAG.IntegrationTests.Api.MotorcycleApiIntegrationTests.HealthEndpoint_ReturnsOk" storage="c:\git\motorcycle-rag-system\5-test\tests\motorcyclerag.integrationtests\bin\debug\net10.0\motorcyclerag.integrationtests.dll" id="366ab443-8065-b89c-6c45-b46631ebb1b4">
      <Execution id="30145dcc-a34a-4ba6-b6d9-97b19aab5ef8" />
      <TestMethod codeBase="C:\git\motorcycle-rag-system\5-Test\tests\MotorcycleRAG.IntegrationTests\bin\Debug\net10.0\MotorcycleRAG.IntegrationTests.dll" adapterTypeName="executor://xunit/VsTestRunner3/netcore/" className="MotorcycleRAG.IntegrationTests.Api.MotorcycleApiIntegrationTests" name="HealthEndpoint_ReturnsOk" />
    </UnitTest>
    <UnitTest name="MotorcycleRAG.IntegrationTests.Api.MeApiIntegrationTests.GetUsage_Authenticated_ReturnsUsageInformation" storage="c:\git\motorcycle-rag-system\5-test\tests\motorcyclerag.integrationtests\bin\debug\net10.0\motorcyclerag.integrationtests.dll" id="6320e416-773e-81cf-4449-1b0277cfb603">
      <Execution id="2f6865e8-b07d-4e0a-9223-44ef74303ce4" />
      <TestMethod codeBase="C:\git\motorcycle-rag-system\5-Test\tests\MotorcycleRAG.IntegrationTests\bin\Debug\net10.0\MotorcycleRAG.IntegrationTests.dll" adapterTypeName="executor://xunit/VsTestRunner3/netcore/" className="MotorcycleRAG.IntegrationTests.Api.MeApiIntegrationTests" name="GetUsage_Authenticated_ReturnsUsageInformation" />
    </UnitTest>
    <UnitTest name="MotorcycleRAG.IntegrationTests.Api.MeApiIntegrationTests.GetUsage_InvalidDays_ClampsToValidRange" storage="c:\git\motorcycle-rag-system\5-test\tests\motorcyclerag.integrationtests\bin\debug\net10.0\motorcyclerag.integrationtests.dll" id="33c7a44d-af76-6302-5757-77c102290624">
      <Execution id="7903f372-3b03-4679-bf31-247568a33f27" />
      <TestMethod codeBase="C:\git\motorcycle-rag-system\5-Test\tests\MotorcycleRAG.IntegrationTests\bin\Debug\net10.0\MotorcycleRAG.IntegrationTests.dll" adapterTypeName="executor://xunit/VsTestRunner3/netcore/" className="MotorcycleRAG.IntegrationTests.Api.MeApiIntegrationTests" name="GetUsage_InvalidDays_ClampsToValidRange" />
    </UnitTest>
    <UnitTest name="MotorcycleRAG.IntegrationTests.Api.AdminUserManagementIntegrationTests.DeletePlan_WithAdminRole_Succeeds" storage="c:\git\motorcycle-rag-system\5-test\tests\motorcyclerag.integrationtests\bin\debug\net10.0\motorcyclerag.integrationtests.dll" id="2f23b65d-30ba-4210-64e6-337d92f5f293">
      <Execution id="4cdd333b-c229-4256-bc01-a3b0908660f0" />
      <TestMethod codeBase="C:\git\motorcycle-rag-system\5-Test\tests\MotorcycleRAG.IntegrationTests\bin\Debug\net10.0\MotorcycleRAG.IntegrationTests.dll" adapterTypeName="executor://xunit/VsTestRunner3/netcore/" className="MotorcycleRAG.IntegrationTests.Api.AdminUserManagementIntegrationTests" name="DeletePlan_WithAdminRole_Succeeds" />
    </UnitTest>
    <UnitTest name="MotorcycleRAG.IntegrationTests.Authorization.AuthorizationTests.DataPipelineController_UploadEndpoint_RequiresDataAdminRole" storage="c:\git\motorcycle-rag-system\5-test\tests\motorcyclerag.integrationtests\bin\debug\net10.0\motorcyclerag.integrationtests.dll" id="58714af7-48bf-9be7-3d98-a54a2c5e7ee0">
      <Execution id="c27eb98d-ea0a-4560-87ff-49bee4237148" />
      <TestMethod codeBase="C:\git\motorcycle-rag-system\5-Test\tests\MotorcycleRAG.IntegrationTests\bin\Debug\net10.0\MotorcycleRAG.IntegrationTests.dll" adapterTypeName="executor://xunit/VsTestRunner3/netcore/" className="MotorcycleRAG.IntegrationTests.Authorization.AuthorizationTests" name="DataPipelineController_UploadEndpoint_RequiresDataAdminRole" />
    </UnitTest>
    <UnitTest name="MotorcycleManualCitationControllerSerializationTests.QueryEndpoint_SerializesMultipleManualCitationsWithDifferentLocators_Correctly" storage="c:\git\motorcycle-rag-system\5-test\tests\motorcyclerag.integrationtests\bin\debug\net10.0\motorcyclerag.integrationtests.dll" id="6f32d52f-3593-539f-cdfe-7ad99d6e1206">
      <Execution id="433a5482-b6ff-423c-9deb-d91c89e359be" />
      <TestMethod codeBase="C:\git\motorcycle-rag-system\5-Test\tests\MotorcycleRAG.IntegrationTests\bin\Debug\net10.0\MotorcycleRAG.IntegrationTests.dll" adapterTypeName="executor://xunit/VsTestRunner3/netcore/" className="MotorcycleManualCitationControllerSerializationTests" name="QueryEndpoint_SerializesMultipleManualCitationsWithDifferentLocators_Correctly" />
    </UnitTest>
    <UnitTest name="MotorcycleRAG.IntegrationTests.Api.AdminUserManagementIntegrationTests.AssignPlanToUser_WithAdminRole_Succeeds" storage="c:\git\motorcycle-rag-system\5-test\tests\motorcyclerag.integrationtests\bin\debug\net10.0\motorcyclerag.integrationtests.dll" id="453fa0dc-69ac-8ba3-c668-2bb204f9e67a">
      <Execution id="bcb5af80-49d3-416a-9e83-5ba5755f32ea" />
      <TestMethod codeBase="C:\git\motorcycle-rag-system\5-Test\tests\MotorcycleRAG.IntegrationTests\bin\Debug\net10.0\MotorcycleRAG.IntegrationTests.dll" adapterTypeName="executor://xunit/VsTestRunner3/netcore/" className="MotorcycleRAG.IntegrationTests.Api.AdminUserManagementIntegrationTests" name="AssignPlanToUser_WithAdminRole_Succeeds" />
    </UnitTest>
    <UnitTest name="MotorcycleRAG.IntegrationTests.Api.AdminUserManagementIntegrationTests.SetUserEnabledStatus_WithAdminRole_Succeeds" storage="c:\git\motorcycle-rag-system\5-test\tests\motorcyclerag.integrationtests\bin\debug\net10.0\motorcyclerag.integrationtests.dll" id="ede40d43-7fa2-8f70-cb75-f704da18dedf">
      <Execution id="c28be567-0edc-42f9-8765-5607edc7b1cc" />
      <TestMethod codeBase="C:\git\motorcycle-rag-system\5-Test\tests\MotorcycleRAG.IntegrationTests\bin\Debug\net10.0\MotorcycleRAG.IntegrationTests.dll" adapterTypeName="executor://xunit/VsTestRunner3/netcore/" className="MotorcycleRAG.IntegrationTests.Api.AdminUserManagementIntegrationTests" name="SetUserEnabledStatus_WithAdminRole_Succeeds" />
    </UnitTest>
    <UnitTest name="MotorcycleRAG.IntegrationTests.Api.AdminUserManagementIntegrationTests.GetAllPlans_Unauthenticated_ReturnsUnauthorized" storage="c:\git\motorcycle-rag-system\5-test\tests\motorcyclerag.integrationtests\bin\debug\net10.0\motorcyclerag.integrationtests.dll" id="5939f9ff-d61f-7c53-c7a8-cb891a9741f1">
      <Execution id="638d27df-5dff-4b72-a802-6609bf9e6388" />
      <TestMethod codeBase="C:\git\motorcycle-rag-system\5-Test\tests\MotorcycleRAG.IntegrationTests\bin\Debug\net10.0\MotorcycleRAG.IntegrationTests.dll" adapterTypeName="executor://xunit/VsTestRunner3/netcore/" className="MotorcycleRAG.IntegrationTests.Api.AdminUserManagementIntegrationTests" name="GetAllPlans_Unauthenticated_ReturnsUnauthorized" />
    </UnitTest>
    <UnitTest name="MotorcycleManualCitationControllerSerializationTests.QueryEndpoint_SerializesManualCitationWithLocatorMetadata_Correctly" storage="c:\git\motorcycle-rag-system\5-test\tests\motorcyclerag.integrationtests\bin\debug\net10.0\motorcyclerag.integrationtests.dll" id="c5ba220e-5ec9-f82d-2583-396ec70034cb">
      <Execution id="cbaaa9b1-5eac-47b3-a7ca-cb7b3dd91f82" />
      <TestMethod codeBase="C:\git\motorcycle-rag-system\5-Test\tests\MotorcycleRAG.IntegrationTests\bin\Debug\net10.0\MotorcycleRAG.IntegrationTests.dll" adapterTypeName="executor://xunit/VsTestRunner3/netcore/" className="MotorcycleManualCitationControllerSerializationTests" name="QueryEndpoint_SerializesManualCitationWithLocatorMetadata_Correctly" />
    </UnitTest>
    <UnitTest name="MotorcycleRAG.IntegrationTests.Authorization.AuthorizationTests.MotorcycleController_QueryEndpoint_RequiresAuthentication" storage="c:\git\motorcycle-rag-system\5-test\tests\motorcyclerag.integrationtests\bin\debug\net10.0\motorcyclerag.integrationtests.dll" id="44d2dc7a-d511-a28b-2768-e33ab8e5acb8">
      <Execution id="7ab134cc-2449-44f2-bf8b-1106f87c09bd" />
      <TestMethod codeBase="C:\git\motorcycle-rag-system\5-Test\tests\MotorcycleRAG.IntegrationTests\bin\Debug\net10.0\MotorcycleRAG.IntegrationTests.dll" adapterTypeName="executor://xunit/VsTestRunner3/netcore/" className="MotorcycleRAG.IntegrationTests.Authorization.AuthorizationTests" name="MotorcycleController_QueryEndpoint_RequiresAuthentication" />
    </UnitTest>
    <UnitTest name="MotorcycleManualCitationControllerSerializationTests.QueryEndpoint_SerializesSectionHierarchyInLocator_Correctly" storage="c:\git\motorcycle-rag-system\5-test\tests\motorcyclerag.integrationtests\bin\debug\net10.0\motorcyclerag.integrationtests.dll" id="933e64a3-3a81-f2a9-1e04-dff673cde821">
      <Execution id="09a0c1ea-07d0-41da-b312-870e11c5d543" />
      <TestMethod codeBase="C:\git\motorcycle-rag-system\5-Test\tests\MotorcycleRAG.IntegrationTests\bin\Debug\net10.0\MotorcycleRAG.IntegrationTests.dll" adapterTypeName="executor://xunit/VsTestRunner3/netcore/" className="MotorcycleManualCitationControllerSerializationTests" name="QueryEndpoint_SerializesSectionHierarchyInLocator_Correctly" />
    </UnitTest>
    <UnitTest name="MotorcycleRAG.IntegrationTests.Api.MotorcycleApiIntegrationTests.QueryEndpoint_HandlesNoResultsWithRefinementSuggestions" storage="c:\git\motorcycle-rag-system\5-test\tests\motorcyclerag.integrationtests\bin\debug\net10.0\motorcyclerag.integrationtests.dll" id="b1438836-a93a-36df-a464-2a1ef6599c49">
      <Execution id="829fa858-19d9-4838-a3b7-b3962b672445" />
      <TestMethod codeBase="C:\git\motorcycle-rag-system\5-Test\tests\MotorcycleRAG.IntegrationTests\bin\Debug\net10.0\MotorcycleRAG.IntegrationTests.dll" adapterTypeName="executor://xunit/VsTestRunner3/netcore/" className="MotorcycleRAG.IntegrationTests.Api.MotorcycleApiIntegrationTests" name="QueryEndpoint_HandlesNoResultsWithRefinementSuggestions" />
    </UnitTest>
    <UnitTest name="MotorcycleManualCitationControllerSerializationTests.QueryEndpoint_SerializesPageRangeInLocator_Correctly" storage="c:\git\motorcycle-rag-system\5-test\tests\motorcyclerag.integrationtests\bin\debug\net10.0\motorcyclerag.integrationtests.dll" id="557f68f3-43bc-02ca-33bb-45ea3e05ddde">
      <Execution id="373c5440-1112-4d1d-8e2c-70bb6d06272b" />
      <TestMethod codeBase="C:\git\motorcycle-rag-system\5-Test\tests\MotorcycleRAG.IntegrationTests\bin\Debug\net10.0\MotorcycleRAG.IntegrationTests.dll" adapterTypeName="executor://xunit/VsTestRunner3/netcore/" className="MotorcycleManualCitationControllerSerializationTests" name="QueryEndpoint_SerializesPageRangeInLocator_Correctly" />
    </UnitTest>
    <UnitTest name="MotorcycleRAG.IntegrationTests.PdfProcessing.MotorcycleManualCitationComponentTests.PdfProcessing_WithMultiPageTable_CreatesCorrectPageRangeLocator" storage="c:\git\motorcycle-rag-system\5-test\tests\motorcyclerag.integrationtests\bin\debug\net10.0\motorcyclerag.integrationtests.dll" id="1db2a9d7-9321-8281-7472-9b00bf23d347">
      <Execution id="783b48bd-bddd-4768-a5d8-f55e9bcec90e" />
      <TestMethod codeBase="C:\git\motorcycle-rag-system\5-Test\tests\MotorcycleRAG.IntegrationTests\bin\Debug\net10.0\MotorcycleRAG.IntegrationTests.dll" adapterTypeName="executor://xunit/VsTestRunner3/netcore/" className="MotorcycleRAG.IntegrationTests.PdfProcessing.MotorcycleManualCitationComponentTests" name="PdfProcessing_WithMultiPageTable_CreatesCorrectPageRangeLocator" />
    </UnitTest>
    <UnitTest name="MotorcycleRAG.IntegrationTests.Api.MeApiIntegrationTests.Query_WithinLimit_AllowsRequest" storage="c:\git\motorcycle-rag-system\5-test\tests\motorcyclerag.integrationtests\bin\debug\net10.0\motorcyclerag.integrationtests.dll" id="d43bcff3-a9ef-0810-474b-88b213bb96a7">
      <Execution id="ae6e8899-663e-448c-a85d-b719e71e431d" />
      <TestMethod codeBase="C:\git\motorcycle-rag-system\5-Test\tests\MotorcycleRAG.IntegrationTests\bin\Debug\net10.0\MotorcycleRAG.IntegrationTests.dll" adapterTypeName="executor://xunit/VsTestRunner3/netcore/" className="MotorcycleRAG.IntegrationTests.Api.MeApiIntegrationTests" name="Query_WithinLimit_AllowsRequest" />
    </UnitTest>
    <UnitTest name="MotorcycleRAG.IntegrationTests.Api.AdminUserManagementIntegrationTests.GetAllPlans_WithAdminRole_ReturnsPlans" storage="c:\git\motorcycle-rag-system\5-test\tests\motorcyclerag.integrationtests\bin\debug\net10.0\motorcyclerag.integrationtests.dll" id="171ff947-eed3-8ae8-c239-55e84abe213c">
      <Execution id="5709c3b0-53ee-4a2f-96e4-4e460bfa58b6" />
      <TestMethod codeBase="C:\git\motorcycle-rag-system\5-Test\tests\MotorcycleRAG.IntegrationTests\bin\Debug\net10.0\MotorcycleRAG.IntegrationTests.dll" adapterTypeName="executor://xunit/VsTestRunner3/netcore/" className="MotorcycleRAG.IntegrationTests.Api.AdminUserManagementIntegrationTests" name="GetAllPlans_WithAdminRole_ReturnsPlans" />
    </UnitTest>
    <UnitTest name="MotorcycleRAG.IntegrationTests.Api.MotorcycleApiIntegrationTests.QueryEndpoint_ReturnsStableQueryIdAndCompleteMetrics" storage="c:\git\motorcycle-rag-system\5-test\tests\motorcyclerag.integrationtests\bin\debug\net10.0\motorcyclerag.integrationtests.dll" id="2af4563a-c402-5fc1-98cc-4ef2fc4b7f74">
      <Execution id="77830859-a389-4897-bd5e-6eddd861c0ab" />
      <TestMethod codeBase="C:\git\motorcycle-rag-system\5-Test\tests\MotorcycleRAG.IntegrationTests\bin\Debug\net10.0\MotorcycleRAG.IntegrationTests.dll" adapterTypeName="executor://xunit/VsTestRunner3/netcore/" className="MotorcycleRAG.IntegrationTests.Api.MotorcycleApiIntegrationTests" name="QueryEndpoint_ReturnsStableQueryIdAndCompleteMetrics" />
    </UnitTest>
    <UnitTest name="MotorcycleManualCitationControllerSerializationTests.QueryEndpoint_SerializesMixedManualAndDatasetCitations_Correctly" storage="c:\git\motorcycle-rag-system\5-test\tests\motorcyclerag.integrationtests\bin\debug\net10.0\motorcyclerag.integrationtests.dll" id="8797e856-b3fc-977d-13da-97385a1dca51">
      <Execution id="17d71477-b307-44b5-a965-aa8b105cbe8b" />
      <TestMethod codeBase="C:\git\motorcycle-rag-system\5-Test\tests\MotorcycleRAG.IntegrationTests\bin\Debug\net10.0\MotorcycleRAG.IntegrationTests.dll" adapterTypeName="executor://xunit/VsTestRunner3/netcore/" className="MotorcycleManualCitationControllerSerializationTests" name="QueryEndpoint_SerializesMixedManualAndDatasetCitations_Correctly" />
    </UnitTest>
    <UnitTest name="MotorcycleRAG.IntegrationTests.Api.MeApiIntegrationTests.GetProfile_Unauthenticated_ReturnsUnauthorized" storage="c:\git\motorcycle-rag-system\5-test\tests\motorcyclerag.integrationtests\bin\debug\net10.0\motorcyclerag.integrationtests.dll" id="935e3d98-71c3-702a-0488-e004c45f7ced">
      <Execution id="f86dee40-280a-4b3c-91dd-84809089e2ef" />
      <TestMethod codeBase="C:\git\motorcycle-rag-system\5-Test\tests\MotorcycleRAG.IntegrationTests\bin\Debug\net10.0\MotorcycleRAG.IntegrationTests.dll" adapterTypeName="executor://xunit/VsTestRunner3/netcore/" className="MotorcycleRAG.IntegrationTests.Api.MeApiIntegrationTests" name="GetProfile_Unauthenticated_ReturnsUnauthorized" />
    </UnitTest>
  </TestDefinitions>
  <TestEntries>
    <TestEntry testId="366ab443-8065-b89c-6c45-b46631ebb1b4" executionId="30145dcc-a34a-4ba6-b6d9-97b19aab5ef8" testListId="8c84fa94-04c1-424b-9868-57a2d4851a1d" />
    <TestEntry testId="2bdae08d-1556-ec49-2dc4-1346e3fac186" executionId="20de0cae-6de8-4582-bf6b-9ddd26300535" testListId="8c84fa94-04c1-424b-9868-57a2d4851a1d" />
    <TestEntry testId="d739895b-6364-87d1-c2b6-45808a10dfe0" executionId="6b31408b-20ae-4eb5-acc7-62c81959850b" testListId="8c84fa94-04c1-424b-9868-57a2d4851a1d" />
    <TestEntry testId="e7436305-2e8d-fe1a-28e2-57c3e5073ea9" executionId="d12520e0-5a4e-4620-bffe-944b0cd2a045" testListId="8c84fa94-04c1-424b-9868-57a2d4851a1d" />
    <TestEntry testId="557f68f3-43bc-02ca-33bb-45ea3e05ddde" executionId="373c5440-1112-4d1d-8e2c-70bb6d06272b" testListId="8c84fa94-04c1-424b-9868-57a2d4851a1d" />
    <TestEntry testId="933e64a3-3a81-f2a9-1e04-dff673cde821" executionId="09a0c1ea-07d0-41da-b312-870e11c5d543" testListId="8c84fa94-04c1-424b-9868-57a2d4851a1d" />
    <TestEntry testId="7f2ff8f4-0454-dbb3-9458-af47d7d8c8d3" executionId="854568ba-c280-49c3-9f47-edfdb78d9eb0" testListId="8c84fa94-04c1-424b-9868-57a2d4851a1d" />
    <TestEntry testId="ede40d43-7fa2-8f70-cb75-f704da18dedf" executionId="c28be567-0edc-42f9-8765-5607edc7b1cc" testListId="8c84fa94-04c1-424b-9868-57a2d4851a1d" />
    <TestEntry testId="c5ba220e-5ec9-f82d-2583-396ec70034cb" executionId="cbaaa9b1-5eac-47b3-a7ca-cb7b3dd91f82" testListId="8c84fa94-04c1-424b-9868-57a2d4851a1d" />
    <TestEntry testId="44d2dc7a-d511-a28b-2768-e33ab8e5acb8" executionId="7ab134cc-2449-44f2-bf8b-1106f87c09bd" testListId="8c84fa94-04c1-424b-9868-57a2d4851a1d" />
    <TestEntry testId="453fa0dc-69ac-8ba3-c668-2bb204f9e67a" executionId="bcb5af80-49d3-416a-9e83-5ba5755f32ea" testListId="8c84fa94-04c1-424b-9868-57a2d4851a1d" />
    <TestEntry testId="8125c21a-893a-f9e9-28bc-55bb1f87ee9f" executionId="6bc00cbe-56b0-4e04-ad81-7e95c9852138" testListId="8c84fa94-04c1-424b-9868-57a2d4851a1d" />
    <TestEntry testId="935e3d98-71c3-702a-0488-e004c45f7ced" executionId="f86dee40-280a-4b3c-91dd-84809089e2ef" testListId="8c84fa94-04c1-424b-9868-57a2d4851a1d" />
    <TestEntry testId="b1438836-a93a-36df-a464-2a1ef6599c49" executionId="829fa858-19d9-4838-a3b7-b3962b672445" testListId="8c84fa94-04c1-424b-9868-57a2d4851a1d" />
    <TestEntry testId="2f23b65d-30ba-4210-64e6-337d92f5f293" executionId="4cdd333b-c229-4256-bc01-a3b0908660f0" testListId="8c84fa94-04c1-424b-9868-57a2d4851a1d" />
    <TestEntry testId="33c7a44d-af76-6302-5757-77c102290624" executionId="7903f372-3b03-4679-bf31-247568a33f27" testListId="8c84fa94-04c1-424b-9868-57a2d4851a1d" />
    <TestEntry testId="171ff947-eed3-8ae8-c239-55e84abe213c" executionId="5709c3b0-53ee-4a2f-96e4-4e460bfa58b6" testListId="8c84fa94-04c1-424b-9868-57a2d4851a1d" />
    <TestEntry testId="58714af7-48bf-9be7-3d98-a54a2c5e7ee0" executionId="c27eb98d-ea0a-4560-87ff-49bee4237148" testListId="8c84fa94-04c1-424b-9868-57a2d4851a1d" />
    <TestEntry testId="d5b0bcad-ad29-1d82-c58d-d6f3fe50df32" executionId="33f6d56f-f96f-44d8-bc76-a99e576b72ab" testListId="8c84fa94-04c1-424b-9868-57a2d4851a1d" />
    <TestEntry testId="f56e8efd-ed72-7f50-1723-4e0f4e3af386" executionId="6c021732-ced2-4255-89ec-94c2cf7522d2" testListId="8c84fa94-04c1-424b-9868-57a2d4851a1d" />
    <TestEntry testId="2d712072-18b9-fc50-6566-797938881cac" executionId="b8f9e6bc-5e5c-432a-b67a-0b15d5d7c9cb" testListId="8c84fa94-04c1-424b-9868-57a2d4851a1d" />
    <TestEntry testId="5939f9ff-d61f-7c53-c7a8-cb891a9741f1" executionId="638d27df-5dff-4b72-a802-6609bf9e6388" testListId="8c84fa94-04c1-424b-9868-57a2d4851a1d" />
    <TestEntry testId="e095755c-b273-9a76-d73c-c9f9130af380" executionId="fabf37fc-5a6c-441e-aee7-0e81c3b25c5d" testListId="8c84fa94-04c1-424b-9868-57a2d4851a1d" />
    <TestEntry testId="7b8ae255-494b-b0f8-65de-0a5f47d6fcfe" executionId="a2861ee8-2e63-48bf-921c-93b9e6527c29" testListId="8c84fa94-04c1-424b-9868-57a2d4851a1d" />
    <TestEntry testId="6f32d52f-3593-539f-cdfe-7ad99d6e1206" executionId="433a5482-b6ff-423c-9deb-d91c89e359be" testListId="8c84fa94-04c1-424b-9868-57a2d4851a1d" />
    <TestEntry testId="3546c9e5-3846-0b12-465e-b7507c509a1d" executionId="3c4b7ed6-1e6c-403c-a81b-d8b77e436e90" testListId="8c84fa94-04c1-424b-9868-57a2d4851a1d" />
    <TestEntry testId="a328354b-935a-fa39-f20b-7a860c30f3ce" executionId="4810b30e-bc88-430b-95e0-5fe0a7568b4a" testListId="8c84fa94-04c1-424b-9868-57a2d4851a1d" />
    <TestEntry testId="d43bcff3-a9ef-0810-474b-88b213bb96a7" executionId="ae6e8899-663e-448c-a85d-b719e71e431d" testListId="8c84fa94-04c1-424b-9868-57a2d4851a1d" />
    <TestEntry testId="5423c7bb-708e-397b-9b57-673c90ad4e18" executionId="db9a0c61-09a1-4d96-9bb8-adbc3889f316" testListId="8c84fa94-04c1-424b-9868-57a2d4851a1d" />
    <TestEntry testId="8797e856-b3fc-977d-13da-97385a1dca51" executionId="17d71477-b307-44b5-a965-aa8b105cbe8b" testListId="8c84fa94-04c1-424b-9868-57a2d4851a1d" />
    <TestEntry testId="2af4563a-c402-5fc1-98cc-4ef2fc4b7f74" executionId="77830859-a389-4897-bd5e-6eddd861c0ab" testListId="8c84fa94-04c1-424b-9868-57a2d4851a1d" />
    <TestEntry testId="1db2a9d7-9321-8281-7472-9b00bf23d347" executionId="783b48bd-bddd-4768-a5d8-f55e9bcec90e" testListId="8c84fa94-04c1-424b-9868-57a2d4851a1d" />
    <TestEntry testId="6320e416-773e-81cf-4449-1b0277cfb603" executionId="2f6865e8-b07d-4e0a-9223-44ef74303ce4" testListId="8c84fa94-04c1-424b-9868-57a2d4851a1d" />
    <TestEntry testId="dbe9a695-4f30-49fb-dbdd-c7035c7f1fd5" executionId="f81c56ea-f41c-4e8b-bc1f-cfd780f47e81" testListId="8c84fa94-04c1-424b-9868-57a2d4851a1d" />
  </TestEntries>
  <TestLists>
    <TestList name="Results Not in a List" id="8c84fa94-04c1-424b-9868-57a2d4851a1d" />
    <TestList name="All Loaded Results" id="19431567-8539-422a-85d7-44ee4e166bda" />
  </TestLists>
  <ResultSummary outcome="Failed">
    <Counters total="34" executed="34" passed="15" failed="19" error="0" timeout="0" aborted="0" inconclusive="0" passedButRunAborted="0" notRunnable="0" notExecuted="0" disconnected="0" warning="0" completed="0" inProgress="0" pending="0" />
    <Output>
      <StdOut>[xUnit.net 00:00:00.00] xUnit.net VSTest Adapter v3.1.5+1b188a7b0a (64-bit .NET 10.0.1)&#xD;
[xUnit.net 00:00:00.07]   Discovering: MotorcycleRAG.IntegrationTests&#xD;
[xUnit.net 00:00:00.11]   Discovered:  MotorcycleRAG.IntegrationTests&#xD;
[xUnit.net 00:00:00.13]   Starting:    MotorcycleRAG.IntegrationTests&#xD;
     Warning:&#xD;
     The component "Fluent Assertions" is governed by the rules defined in the Xceed License Agreement and&#xD;
     the Xceed Fluent Assertions Community License. You may use Fluent Assertions free of charge for&#xD;
     non-commercial use only. An active subscription is required to use Fluent Assertions for commercial use.&#xD;
     Please contact Xceed Sales mailto:sales@xceed.com to acquire a subscription at a very low cost.&#xD;
     A paid commercial license supports the development and continued increasing support of&#xD;
     Fluent Assertions users under both commercial and community licenses. Help us&#xD;
     keep Fluent Assertions at the forefront of unit testing.&#xD;
     For more information, visit https://xceed.com/products/unit-testing/fluent-assertions/&#xD;
[xUnit.net 00:00:00.37]       Expected doc.SectionLevel to be greater than 0 because SectionLevel should be determined, but found 0.&#xD;
[xUnit.net 00:00:00.37]       Stack Trace:&#xD;
[xUnit.net 00:00:00.37]            at FluentAssertions.Execution.LateBoundTestFramework.Throw(String message)&#xD;
[xUnit.net 00:00:00.37]            at FluentAssertions.Execution.DefaultAssertionStrategy.HandleFailure(String message)&#xD;
[xUnit.net 00:00:00.37]            at FluentAssertions.Execution.AssertionScope.AddPreFormattedFailure(String formattedFailureMessage)&#xD;
[xUnit.net 00:00:00.37]            at FluentAssertions.Execution.AssertionChain.FailWith(Func`1 getFailureReason)&#xD;
[xUnit.net 00:00:00.37]            at FluentAssertions.Execution.AssertionChain.FailWith(Func`1 getFailureReason)&#xD;
[xUnit.net 00:00:00.37]            at FluentAssertions.Execution.AssertionChain.FailWith(String message, Object[] args)&#xD;
[xUnit.net 00:00:00.37]            at FluentAssertions.Numeric.NumericAssertionsBase`3.BeGreaterThan(T expected, String because, Object[] becauseArgs)&#xD;
[xUnit.net 00:00:00.37]         C:\git\motorcycle-rag-system\5-Test\tests\MotorcycleRAG.IntegrationTests\PdfProcessing\MotorcycleManualCitationComponentTests.cs(169,0): at MotorcycleRAG.IntegrationTests.PdfProcessing.MotorcycleManualCitationComponentTests.PdfProcessingToCitationMapping_FullFlow_PreservesLocatorMetadata()&#xD;
[xUnit.net 00:00:00.37]         --- End of stack trace from previous location ---&#xD;
info: Program[0]&#xD;
      Motorcycle RAG API starting up...&#xD;
info: Program[0]&#xD;
      Motorcycle RAG API starting up...&#xD;
info: Program[0]&#xD;
      Motorcycle RAG API starting up...&#xD;
info: Program[0]&#xD;
      Motorcycle RAG API starting up...&#xD;
info: Program[0]&#xD;
      Motorcycle RAG API starting up...&#xD;
info: Program[0]&#xD;
      Environment: Testing&#xD;
info: Program[0]&#xD;
      Environment: Testing&#xD;
info: Program[0]&#xD;
      Environment: Testing&#xD;
info: Program[0]&#xD;
      Environment: Testing&#xD;
info: Program[0]&#xD;
      Environment: Testing&#xD;
info: MotorcycleRAG.Application.Pipeline.ScheduledPipelineService[0]&#xD;
      Starting scheduled pipeline service with cron expression: 0 2 * * *&#xD;
info: MotorcycleRAG.Application.Pipeline.ScheduledPipelineService[0]&#xD;
      Starting scheduled pipeline service with cron expression: 0 2 * * *&#xD;
info: MotorcycleRAG.Application.Pipeline.ScheduledPipelineService[0]&#xD;
      Starting scheduled pipeline service with cron expression: 0 2 * * *&#xD;
info: MotorcycleRAG.Application.Pipeline.ScheduledPipelineService[0]&#xD;
      Starting scheduled pipeline service with cron expression: 0 2 * * *&#xD;
info: MotorcycleRAG.Application.Pipeline.ScheduledPipelineService[0]&#xD;
      Starting scheduled pipeline service with cron expression: 0 2 * * *&#xD;
info: MotorcycleRAG.Application.Pipeline.ScheduledPipelineService[0]&#xD;
      Scheduled pipeline service started. Next execution: 12/31/2025 02:00:00&#xD;
info: MotorcycleRAG.Application.Pipeline.ScheduledPipelineService[0]&#xD;
      Scheduled pipeline service started. Next execution: 12/31/2025 02:00:00&#xD;
info: MotorcycleRAG.Application.Pipeline.ScheduledPipelineService[0]&#xD;
      Scheduled pipeline service started. Next execution: 12/31/2025 02:00:00&#xD;
info: MotorcycleRAG.Application.Pipeline.ScheduledPipelineService[0]&#xD;
      Scheduled pipeline service started. Next execution: 12/31/2025 02:00:00&#xD;
info: MotorcycleRAG.Application.Pipeline.ScheduledPipelineService[0]&#xD;
      Scheduled pipeline service started. Next execution: 12/31/2025 02:00:00&#xD;
info: Microsoft.Hosting.Lifetime[0]&#xD;
      Application started. Press Ctrl+C to shut down.&#xD;
info: Microsoft.Hosting.Lifetime[0]&#xD;
      Hosting environment: Testing&#xD;
info: Microsoft.Hosting.Lifetime[0]&#xD;
      Content root path: C:\git\motorcycle-rag-system\1-Presentation\MotorcycleRAG.API&#xD;
info: Microsoft.Hosting.Lifetime[0]&#xD;
      Application started. Press Ctrl+C to shut down.&#xD;
info: Microsoft.Hosting.Lifetime[0]&#xD;
      Hosting environment: Testing&#xD;
info: Microsoft.Hosting.Lifetime[0]&#xD;
      Content root path: C:\git\motorcycle-rag-system\1-Presentation\MotorcycleRAG.API&#xD;
info: Microsoft.Hosting.Lifetime[0]&#xD;
      Application started. Press Ctrl+C to shut down.&#xD;
info: Microsoft.Hosting.Lifetime[0]&#xD;
      Hosting environment: Testing&#xD;
info: Microsoft.Hosting.Lifetime[0]&#xD;
      Content root path: C:\git\motorcycle-rag-system\1-Presentation\MotorcycleRAG.API&#xD;
info: Microsoft.Hosting.Lifetime[0]&#xD;
      Application started. Press Ctrl+C to shut down.&#xD;
info: Microsoft.Hosting.Lifetime[0]&#xD;
      Hosting environment: Testing&#xD;
info: Microsoft.Hosting.Lifetime[0]&#xD;
      Content root path: C:\git\motorcycle-rag-system\1-Presentation\MotorcycleRAG.API&#xD;
info: Microsoft.Hosting.Lifetime[0]&#xD;
      Application started. Press Ctrl+C to shut down.&#xD;
info: Microsoft.Hosting.Lifetime[0]&#xD;
      Hosting environment: Testing&#xD;
info: Microsoft.Hosting.Lifetime[0]&#xD;
      Content root path: C:\git\motorcycle-rag-system\1-Presentation\MotorcycleRAG.API&#xD;
warn: Microsoft.AspNetCore.HttpsPolicy.HttpsRedirectionMiddleware[3]&#xD;
      Failed to determine the https port for redirect.&#xD;
warn: Microsoft.AspNetCore.HttpsPolicy.HttpsRedirectionMiddleware[3]&#xD;
      Failed to determine the https port for redirect.&#xD;
warn: Microsoft.AspNetCore.HttpsPolicy.HttpsRedirectionMiddleware[3]&#xD;
      Failed to determine the https port for redirect.&#xD;
warn: Microsoft.AspNetCore.HttpsPolicy.HttpsRedirectionMiddleware[3]&#xD;
      Failed to determine the https port for redirect.&#xD;
warn: Microsoft.AspNetCore.HttpsPolicy.HttpsRedirectionMiddleware[3]&#xD;
      Failed to determine the https port for redirect.&#xD;
info: MotorcycleRAG.API.Middleware.AuthorizationMiddleware[0]&#xD;
      Authorization attempt - CorrelationId: unknown, UserId: anonymous, Roles: none, Path: /api/datapipeline/upload, Method: POST&#xD;
warn: MotorcycleRAG.API.Middleware.AuthorizationMiddleware[0]&#xD;
      Unauthorized access attempt - CorrelationId: unknown, UserId: anonymous, Path: /api/datapipeline/upload&#xD;
info: MotorcycleRAG.API.Middleware.AuthorizationMiddleware[0]&#xD;
      Authorization attempt - CorrelationId: unknown, UserId: test-user-id, Roles: User, Path: /api/motorcycles/query, Method: POST&#xD;
info: MotorcycleRAG.API.Middleware.AuthorizationMiddleware[0]&#xD;
      Authorization attempt - CorrelationId: unknown, UserId: test-user-id, Roles: User, Path: /api/motorcycles/query, Method: POST&#xD;
info: MotorcycleRAG.API.Middleware.AuthorizationMiddleware[0]&#xD;
      Authorization attempt - CorrelationId: unknown, UserId: test-user-id, Roles: User, Path: /api/me/usage, Method: GET&#xD;
info: MotorcycleRAG.API.Middleware.AuthorizationMiddleware[0]&#xD;
      Authorization attempt - CorrelationId: unknown, UserId: test-user-id, Roles: Admin, Path: /api/admin/plans, Method: POST&#xD;
info: MotorcycleRAG.IntegrationTests.TestAuthHandler[12]&#xD;
      AuthenticationScheme: Test was challenged.&#xD;
warn: MotorcycleRAG.API.Middleware.AuthorizationMiddleware[0]&#xD;
      Authorization failed - Unauthorized - CorrelationId: unknown, UserId: anonymous, Path: /api/datapipeline/upload&#xD;
fail: MotorcycleRAG.API.Middleware.ExceptionHandlingMiddleware[0]&#xD;
      Unhandled exception occurred: SQL_CONNECTION_STRING environment variable is required but not set. Please set this environment variable before starting the application.&#xD;
      System.InvalidOperationException: SQL_CONNECTION_STRING environment variable is required but not set. Please set this environment variable before starting the application.&#xD;
         at MotorcycleRAG.Persistence.Sql.SqlConnectionFactory..ctor(IOptions`1 sqlOptions, ILogger`1 logger) in C:\git\motorcycle-rag-system\4-Persistence\MotorcycleRAG.Persistence\Sql\SqlConnectionFactory.cs:line 36&#xD;
         at System.Reflection.MethodBaseInvoker.InterpretedInvoke_Constructor(Object obj, IntPtr* args)&#xD;
         at System.Reflection.MethodBaseInvoker.InvokeDirectByRefWithFewArgs(Object obj, Span`1 copyOfArgs, BindingFlags invokeAttr)&#xD;
         at System.Reflection.MethodBaseInvoker.InvokeWithFewArgs(Object obj, BindingFlags invokeAttr, Binder binder, Object[] parameters, CultureInfo culture)&#xD;
         at System.Reflection.RuntimeConstructorInfo.Invoke(BindingFlags invokeAttr, Binder binder, Object[] parameters, CultureInfo culture)&#xD;
         at Microsoft.Extensions.DependencyInjection.ServiceLookup.CallSiteRuntimeResolver.VisitConstructor(ConstructorCallSite constructorCallSite, RuntimeResolverContext context)&#xD;
         at Microsoft.Extensions.DependencyInjection.ServiceLookup.CallSiteRuntimeResolver.VisitRootCache(ServiceCallSite callSite, RuntimeResolverContext context)&#xD;
         at Microsoft.Extensions.DependencyInjection.ServiceLookup.CallSiteRuntimeResolver.VisitConstructor(ConstructorCallSite constructorCallSite, RuntimeResolverContext context)&#xD;
         at Microsoft.Extensions.DependencyInjection.ServiceLookup.CallSiteRuntimeResolver.VisitCache(ServiceCallSite callSite, RuntimeResolverContext context, ServiceProviderEngineScope serviceProviderEngine, RuntimeResolverLock lockType)&#xD;
         at Microsoft.Extensions.DependencyInjection.ServiceLookup.CallSiteRuntimeResolver.VisitScopeCache(ServiceCallSite callSite, RuntimeResolverContext context)&#xD;
         at Microsoft.Extensions.DependencyInjection.ServiceLookup.CallSiteRuntimeResolver.Resolve(ServiceCallSite callSite, ServiceProviderEngineScope scope)&#xD;
         at Microsoft.Extensions.DependencyInjection.ServiceLookup.DynamicServiceProviderEngine.&lt;&gt;c__DisplayClass2_0.&lt;RealizeService&gt;b__0(ServiceProviderEngineScope scope)&#xD;
         at Microsoft.Extensions.DependencyInjection.ServiceProvider.GetService(ServiceIdentifier serviceIdentifier, ServiceProviderEngineScope serviceProviderEngineScope)&#xD;
         at Microsoft.Extensions.DependencyInjection.ServiceLookup.ServiceProviderEngineScope.GetService(Type serviceType)&#xD;
         at lambda_method92(Closure, IServiceProvider, Object[])&#xD;
         at Microsoft.AspNetCore.Mvc.Controllers.ControllerFactoryProvider.&lt;&gt;c__DisplayClass6_0.&lt;CreateControllerFactory&gt;g__CreateController|0(ControllerContext controllerContext)&#xD;
         at Microsoft.AspNetCore.Mvc.Infrastructure.ControllerActionInvoker.Next(State&amp; next, Scope&amp; scope, Object&amp; state, Boolean&amp; isCompleted)&#xD;
         at Microsoft.AspNetCore.Mvc.Infrastructure.ControllerActionInvoker.InvokeInnerFilterAsync()&#xD;
      --- End of stack trace from previous location ---&#xD;
         at Microsoft.AspNetCore.Mvc.Infrastructure.ResourceInvoker.&lt;InvokeFilterPipelineAsync&gt;g__Awaited|20_0(ResourceInvoker invoker, Task lastTask, State next, Scope scope, Object state, Boolean isCompleted)&#xD;
         at Microsoft.AspNetCore.Mvc.Infrastructure.ResourceInvoker.&lt;InvokeAsync&gt;g__Awaited|17_0(ResourceInvoker invoker, Task task, IDisposable scope)&#xD;
         at Microsoft.AspNetCore.Mvc.Infrastructure.ResourceInvoker.&lt;InvokeAsync&gt;g__Awaited|17_0(ResourceInvoker invoker, Task task, IDisposable scope)&#xD;
         at Microsoft.AspNetCore.Authorization.AuthorizationMiddleware.Invoke(HttpContext context)&#xD;
         at MotorcycleRAG.API.Middleware.AuthorizationMiddleware.InvokeAsync(HttpContext context) in C:\git\motorcycle-rag-system\1-Presentation\MotorcycleRAG.API\Middleware\AuthorizationMiddleware.cs:line 60&#xD;
         at Microsoft.AspNetCore.Authentication.AuthenticationMiddleware.Invoke(HttpContext context)&#xD;
         at MotorcycleRAG.API.Middleware.ExceptionHandlingMiddleware.InvokeAsync(HttpContext context) in C:\git\motorcycle-rag-system\1-Presentation\MotorcycleRAG.API\Middleware\ExceptionHandlingMiddleware.cs:line 39&#xD;
fail: MotorcycleRAG.API.Middleware.ExceptionHandlingMiddleware[0]&#xD;
      Unhandled exception occurred: Unable to resolve service for type 'MotorcycleRAG.Contracts.Interfaces.ICurrentUserService' while attempting to activate 'MotorcycleRAG.API.Controllers.MotorcycleController'.&#xD;
      System.InvalidOperationException: Unable to resolve service for type 'MotorcycleRAG.Contracts.Interfaces.ICurrentUserService' while attempting to activate 'MotorcycleRAG.API.Controllers.MotorcycleController'.&#xD;
         at Microsoft.Extensions.DependencyInjection.ActivatorUtilities.ThrowHelperUnableToResolveService(Type type, Type requiredBy)&#xD;
         at lambda_method93(Closure, IServiceProvider, Object[])&#xD;
         at Microsoft.AspNetCore.Mvc.Controllers.ControllerFactoryProvider.&lt;&gt;c__DisplayClass6_0.&lt;CreateControllerFactory&gt;g__CreateController|0(ControllerContext controllerContext)&#xD;
         at Microsoft.AspNetCore.Mvc.Infrastructure.ControllerActionInvoker.Next(State&amp; next, Scope&amp; scope, Object&amp; state, Boolean&amp; isCompleted)&#xD;
         at Microsoft.AspNetCore.Mvc.Infrastructure.ControllerActionInvoker.InvokeInnerFilterAsync()&#xD;
      --- End of stack trace from previous location ---&#xD;
         at Microsoft.AspNetCore.Mvc.Infrastructure.ResourceInvoker.&lt;InvokeNextResourceFilter&gt;g__Awaited|25_0(ResourceInvoker invoker, Task lastTask, State next, Scope scope, Object state, Boolean isCompleted)&#xD;
         at Microsoft.AspNetCore.Mvc.Infrastructure.ResourceInvoker.Rethrow(ResourceExecutedContextSealed context)&#xD;
         at Microsoft.AspNetCore.Mvc.Infrastructure.ResourceInvoker.Next(State&amp; next, Scope&amp; scope, Object&amp; state, Boolean&amp; isCompleted)&#xD;
         at Microsoft.AspNetCore.Mvc.Infrastructure.ResourceInvoker.InvokeFilterPipelineAsync()&#xD;
      --- End of stack trace from previous location ---&#xD;
         at Microsoft.AspNetCore.Mvc.Infrastructure.ResourceInvoker.&lt;InvokeAsync&gt;g__Awaited|17_0(ResourceInvoker invoker, Task task, IDisposable scope)&#xD;
         at Microsoft.AspNetCore.Mvc.Infrastructure.ResourceInvoker.&lt;InvokeAsync&gt;g__Awaited|17_0(ResourceInvoker invoker, Task task, IDisposable scope)&#xD;
         at Microsoft.AspNetCore.Authorization.AuthorizationMiddleware.Invoke(HttpContext context)&#xD;
         at MotorcycleRAG.API.Middleware.AuthorizationMiddleware.InvokeAsync(HttpContext context) in C:\git\motorcycle-rag-system\1-Presentation\MotorcycleRAG.API\Middleware\AuthorizationMiddleware.cs:line 60&#xD;
         at Microsoft.AspNetCore.Authentication.AuthenticationMiddleware.Invoke(HttpContext context)&#xD;
         at MotorcycleRAG.API.Middleware.ExceptionHandlingMiddleware.InvokeAsync(HttpContext context) in C:\git\motorcycle-rag-system\1-Presentation\MotorcycleRAG.API\Middleware\ExceptionHandlingMiddleware.cs:line 39&#xD;
fail: MotorcycleRAG.API.Middleware.ExceptionHandlingMiddleware[0]&#xD;
      Unhandled exception occurred: Unable to resolve service for type 'MotorcycleRAG.Contracts.Interfaces.ICurrentUserService' while attempting to activate 'MotorcycleRAG.API.Controllers.MotorcycleController'.&#xD;
      System.InvalidOperationException: Unable to resolve service for type 'MotorcycleRAG.Contracts.Interfaces.ICurrentUserService' while attempting to activate 'MotorcycleRAG.API.Controllers.MotorcycleController'.&#xD;
         at Microsoft.Extensions.DependencyInjection.ActivatorUtilities.ThrowHelperUnableToResolveService(Type type, Type requiredBy)&#xD;
         at lambda_method94(Closure, IServiceProvider, Object[])&#xD;
         at Microsoft.AspNetCore.Mvc.Controllers.ControllerFactoryProvider.&lt;&gt;c__DisplayClass6_0.&lt;CreateControllerFactory&gt;g__CreateController|0(ControllerContext controllerContext)&#xD;
         at Microsoft.AspNetCore.Mvc.Infrastructure.ControllerActionInvoker.Next(State&amp; next, Scope&amp; scope, Object&amp; state, Boolean&amp; isCompleted)&#xD;
[...]
      Failed to determine the https port for redirect.&#xD;
info: MotorcycleRAG.API.Middleware.AuthorizationMiddleware[0]&#xD;
      Authorization attempt - CorrelationId: unknown, UserId: test-user-id, Roles: User, Path: /api/me/usage, Method: GET&#xD;
fail: MotorcycleRAG.API.Middleware.ExceptionHandlingMiddleware[0]&#xD;
      Unhandled exception occurred: SQL_CONNECTION_STRING environment variable is required but not set. Please set this environment variable before starting the application.&#xD;
      System.InvalidOperationException: SQL_CONNECTION_STRING environment variable is required but not set. Please set this environment variable before starting the application.&#xD;
         at MotorcycleRAG.Persistence.Sql.SqlConnectionFactory..ctor(IOptions`1 sqlOptions, ILogger`1 logger) in C:\git\motorcycle-rag-system\4-Persistence\MotorcycleRAG.Persistence\Sql\SqlConnectionFactory.cs:line 36&#xD;
         at InvokeStub_SqlConnectionFactory..ctor(Object, Span`1)&#xD;
         at System.Reflection.RuntimeConstructorInfo.Invoke(BindingFlags invokeAttr, Binder binder, Object[] parameters, CultureInfo culture)&#xD;
         at Microsoft.Extensions.DependencyInjection.ServiceLookup.CallSiteVisitor`2.VisitCallSiteMain(ServiceCallSite callSite, TArgument argument)&#xD;
         at Microsoft.Extensions.DependencyInjection.ServiceLookup.CallSiteVisitor`2.VisitCallSite(ServiceCallSite callSite, TArgument argument)&#xD;
         at Microsoft.Extensions.DependencyInjection.ServiceLookup.CallSiteVisitor`2.VisitCallSiteMain(ServiceCallSite callSite, TArgument argument)&#xD;
         at Microsoft.Extensions.DependencyInjection.ServiceLookup.CallSiteRuntimeResolver.VisitCache(ServiceCallSite callSite, RuntimeResolverContext context, ServiceProviderEngineScope serviceProviderEngine, RuntimeResolverLock lockType)&#xD;
         at Microsoft.Extensions.DependencyInjection.ServiceLookup.CallSiteRuntimeResolver.VisitScopeCache(ServiceCallSite callSite, RuntimeResolverContext context)&#xD;
         at Microsoft.Extensions.DependencyInjection.ServiceLookup.CallSiteVisitor`2.VisitCallSite(ServiceCallSite callSite, TArgument argument)&#xD;
         at Microsoft.Extensions.DependencyInjection.ServiceLookup.CallSiteRuntimeResolver.Resolve(ServiceCallSite callSite, ServiceProviderEngineScope scope)&#xD;
         at Microsoft.Extensions.DependencyInjection.ServiceLookup.DynamicServiceProviderEngine.&lt;&gt;c__DisplayClass2_0.&lt;RealizeService&gt;b__0(ServiceProviderEngineScope scope)&#xD;
         at Microsoft.Extensions.DependencyInjection.ServiceLookup.ServiceProviderEngineScope.GetService(Type serviceType)&#xD;
         at lambda_method306(Closure, IServiceProvider, Object[])&#xD;
         at Microsoft.AspNetCore.Mvc.Controllers.ControllerFactoryProvider.&lt;&gt;c__DisplayClass6_0.&lt;CreateControllerFactory&gt;g__CreateController|0(ControllerContext controllerContext)&#xD;
         at Microsoft.AspNetCore.Mvc.Infrastructure.ControllerActionInvoker.Next(State&amp; next, Scope&amp; scope, Object&amp; state, Boolean&amp; isCompleted)&#xD;
         at Microsoft.AspNetCore.Mvc.Infrastructure.ControllerActionInvoker.InvokeInnerFilterAsync()&#xD;
      --- End of stack trace from previous location ---&#xD;
         at Microsoft.AspNetCore.Mvc.Infrastructure.ResourceInvoker.&lt;InvokeFilterPipelineAsync&gt;g__Awaited|20_0(ResourceInvoker invoker, Task lastTask, State next, Scope scope, Object state, Boolean isCompleted)&#xD;
         at Microsoft.AspNetCore.Mvc.Infrastructure.ResourceInvoker.&lt;InvokeAsync&gt;g__Awaited|17_0(ResourceInvoker invoker, Task task, IDisposable scope)&#xD;
         at Microsoft.AspNetCore.Mvc.Infrastructure.ResourceInvoker.&lt;InvokeAsync&gt;g__Awaited|17_0(ResourceInvoker invoker, Task task, IDisposable scope)&#xD;
         at Microsoft.AspNetCore.Authorization.AuthorizationMiddleware.Invoke(HttpContext context)&#xD;
         at MotorcycleRAG.API.Middleware.AuthorizationMiddleware.InvokeAsync(HttpContext context) in C:\git\motorcycle-rag-system\1-Presentation\MotorcycleRAG.API\Middleware\AuthorizationMiddleware.cs:line 60&#xD;
         at Microsoft.AspNetCore.Authentication.AuthenticationMiddleware.Invoke(HttpContext context)&#xD;
         at MotorcycleRAG.API.Middleware.ExceptionHandlingMiddleware.InvokeAsync(HttpContext context) in C:\git\motorcycle-rag-system\1-Presentation\MotorcycleRAG.API\Middleware\ExceptionHandlingMiddleware.cs:line 39&#xD;
[xUnit.net 00:00:24.53]       System.Net.Http.HttpRequestException : Response status code does not indicate success: 400 (Bad Request).&#xD;
[xUnit.net 00:00:24.53]       Stack Trace:&#xD;
[xUnit.net 00:00:24.53]            at System.Net.Http.HttpResponseMessage.EnsureSuccessStatusCode()&#xD;
[xUnit.net 00:00:24.53]         C:\git\motorcycle-rag-system\5-Test\tests\MotorcycleRAG.IntegrationTests\Api\MeApiIntegrationTests.cs(112,0): at MotorcycleRAG.IntegrationTests.Api.MeApiIntegrationTests.GetUsage_Authenticated_ReturnsUsageInformation()&#xD;
[xUnit.net 00:00:24.53]         --- End of stack trace from previous location ---&#xD;
info: Program[0]&#xD;
      Motorcycle RAG API starting up...&#xD;
info: Program[0]&#xD;
      Environment: Testing&#xD;
info: MotorcycleRAG.Application.Pipeline.ScheduledPipelineService[0]&#xD;
      Starting scheduled pipeline service with cron expression: 0 2 * * *&#xD;
info: MotorcycleRAG.Application.Pipeline.ScheduledPipelineService[0]&#xD;
      Scheduled pipeline service started. Next execution: 12/31/2025 02:00:00&#xD;
info: Microsoft.Hosting.Lifetime[0]&#xD;
      Application started. Press Ctrl+C to shut down.&#xD;
info: Microsoft.Hosting.Lifetime[0]&#xD;
      Hosting environment: Testing&#xD;
info: Microsoft.Hosting.Lifetime[0]&#xD;
      Content root path: C:\git\motorcycle-rag-system\1-Presentation\MotorcycleRAG.API&#xD;
warn: Microsoft.AspNetCore.HttpsPolicy.HttpsRedirectionMiddleware[3]&#xD;
      Failed to determine the https port for redirect.&#xD;
info: MotorcycleRAG.API.Middleware.AuthorizationMiddleware[0]&#xD;
      Authorization attempt - CorrelationId: unknown, UserId: test-user-id, Roles: User, Path: /api/me, Method: GET&#xD;
fail: MotorcycleRAG.API.Middleware.ExceptionHandlingMiddleware[0]&#xD;
      Unhandled exception occurred: SQL_CONNECTION_STRING environment variable is required but not set. Please set this environment variable before starting the application.&#xD;
      System.InvalidOperationException: SQL_CONNECTION_STRING environment variable is required but not set. Please set this environment variable before starting the application.&#xD;
         at MotorcycleRAG.Persistence.Sql.SqlConnectionFactory..ctor(IOptions`1 sqlOptions, ILogger`1 logger) in C:\git\motorcycle-rag-system\4-Persistence\MotorcycleRAG.Persistence\Sql\SqlConnectionFactory.cs:line 36&#xD;
         at InvokeStub_SqlConnectionFactory..ctor(Object, Span`1)&#xD;
         at System.Reflection.RuntimeConstructorInfo.Invoke(BindingFlags invokeAttr, Binder binder, Object[] parameters, CultureInfo culture)&#xD;
         at Microsoft.Extensions.DependencyInjection.ServiceLookup.CallSiteVisitor`2.VisitCallSiteMain(ServiceCallSite callSite, TArgument argument)&#xD;
         at Microsoft.Extensions.DependencyInjection.ServiceLookup.CallSiteVisitor`2.VisitCallSite(ServiceCallSite callSite, TArgument argument)&#xD;
         at Microsoft.Extensions.DependencyInjection.ServiceLookup.CallSiteVisitor`2.VisitCallSiteMain(ServiceCallSite callSite, TArgument argument)&#xD;
         at Microsoft.Extensions.DependencyInjection.ServiceLookup.CallSiteRuntimeResolver.VisitCache(ServiceCallSite callSite, RuntimeResolverContext context, ServiceProviderEngineScope serviceProviderEngine, RuntimeResolverLock lockType)&#xD;
         at Microsoft.Extensions.DependencyInjection.ServiceLookup.CallSiteRuntimeResolver.VisitScopeCache(ServiceCallSite callSite, RuntimeResolverContext context)&#xD;
         at Microsoft.Extensions.DependencyInjection.ServiceLookup.CallSiteVisitor`2.VisitCallSite(ServiceCallSite callSite, TArgument argument)&#xD;
         at Microsoft.Extensions.DependencyInjection.ServiceLookup.CallSiteRuntimeResolver.Resolve(ServiceCallSite callSite, ServiceProviderEngineScope scope)&#xD;
         at Microsoft.Extensions.DependencyInjection.ServiceLookup.DynamicServiceProviderEngine.&lt;&gt;c__DisplayClass2_0.&lt;RealizeService&gt;b__0(ServiceProviderEngineScope scope)&#xD;
         at Microsoft.Extensions.DependencyInjection.ServiceLookup.ServiceProviderEngineScope.GetService(Type serviceType)&#xD;
         at lambda_method315(Closure, IServiceProvider, Object[])&#xD;
         at Microsoft.AspNetCore.Mvc.Controllers.ControllerFactoryProvider.&lt;&gt;c__DisplayClass6_0.&lt;CreateControllerFactory&gt;g__CreateController|0(ControllerContext controllerContext)&#xD;
         at Microsoft.AspNetCore.Mvc.Infrastructure.ControllerActionInvoker.Next(State&amp; next, Scope&amp; scope, Object&amp; state, Boolean&amp; isCompleted)&#xD;
         at Microsoft.AspNetCore.Mvc.Infrastructure.ControllerActionInvoker.InvokeInnerFilterAsync()&#xD;
      --- End of stack trace from previous location ---&#xD;
         at Microsoft.AspNetCore.Mvc.Infrastructure.ResourceInvoker.&lt;InvokeFilterPipelineAsync&gt;g__Awaited|20_0(ResourceInvoker invoker, Task lastTask, State next, Scope scope, Object state, Boolean isCompleted)&#xD;
         at Microsoft.AspNetCore.Mvc.Infrastructure.ResourceInvoker.&lt;InvokeAsync&gt;g__Awaited|17_0(ResourceInvoker invoker, Task task, IDisposable scope)&#xD;
         at Microsoft.AspNetCore.Mvc.Infrastructure.ResourceInvoker.&lt;InvokeAsync&gt;g__Awaited|17_0(ResourceInvoker invoker, Task task, IDisposable scope)&#xD;
         at Microsoft.AspNetCore.Authorization.AuthorizationMiddleware.Invoke(HttpContext context)&#xD;
         at MotorcycleRAG.API.Middleware.AuthorizationMiddleware.InvokeAsync(HttpContext context) in C:\git\motorcycle-rag-system\1-Presentation\MotorcycleRAG.API\Middleware\AuthorizationMiddleware.cs:line 60&#xD;
         at Microsoft.AspNetCore.Authentication.AuthenticationMiddleware.Invoke(HttpContext context)&#xD;
         at MotorcycleRAG.API.Middleware.ExceptionHandlingMiddleware.InvokeAsync(HttpContext context) in C:\git\motorcycle-rag-system\1-Presentation\MotorcycleRAG.API\Middleware\ExceptionHandlingMiddleware.cs:line 39&#xD;
info: Microsoft.Hosting.Lifetime[0]&#xD;
      Application is shutting down...&#xD;
info: MotorcycleRAG.Application.Pipeline.ScheduledPipelineService[0]&#xD;
      Stopping scheduled pipeline service&#xD;
info: MotorcycleRAG.Application.Pipeline.ScheduledPipelineService[0]&#xD;
      Stopping scheduled pipeline service&#xD;
info: MotorcycleRAG.Application.Pipeline.ScheduledPipelineService[0]&#xD;
      Scheduled pipeline service stopped&#xD;
[xUnit.net 00:00:24.74]       System.Net.Http.HttpRequestException : Response status code does not indicate success: 400 (Bad Request).&#xD;
[xUnit.net 00:00:24.74]       Stack Trace:&#xD;
[xUnit.net 00:00:24.74]            at System.Net.Http.HttpResponseMessage.EnsureSuccessStatusCode()&#xD;
[xUnit.net 00:00:24.74]         C:\git\motorcycle-rag-system\5-Test\tests\MotorcycleRAG.IntegrationTests\Api\MeApiIntegrationTests.cs(67,0): at MotorcycleRAG.IntegrationTests.Api.MeApiIntegrationTests.GetProfile_Authenticated_ReturnsUserProfile()&#xD;
[xUnit.net 00:00:24.74]         --- End of stack trace from previous location ---&#xD;
info: Microsoft.Hosting.Lifetime[0]&#xD;
      Application is shutting down...&#xD;
info: MotorcycleRAG.Application.Pipeline.ScheduledPipelineService[0]&#xD;
      Stopping scheduled pipeline service&#xD;
info: MotorcycleRAG.Application.Pipeline.ScheduledPipelineService[0]&#xD;
      Scheduled pipeline service stopped&#xD;
info: MotorcycleRAG.Application.Pipeline.ScheduledPipelineService[0]&#xD;
      Stopping scheduled pipeline service&#xD;
info: MotorcycleRAG.Application.Pipeline.ScheduledPipelineService[0]&#xD;
      Scheduled pipeline service stopped&#xD;
info: Microsoft.Hosting.Lifetime[0]&#xD;
      Application is shutting down...&#xD;
info: MotorcycleRAG.Application.Pipeline.ScheduledPipelineService[0]&#xD;
      Stopping scheduled pipeline service&#xD;
info: MotorcycleRAG.Application.Pipeline.ScheduledPipelineService[0]&#xD;
      Scheduled pipeline service stopped&#xD;
info: MotorcycleRAG.Application.Pipeline.ScheduledPipelineService[0]&#xD;
      Stopping scheduled pipeline service&#xD;
info: MotorcycleRAG.Application.Pipeline.ScheduledPipelineService[0]&#xD;
      Scheduled pipeline service stopped&#xD;
info: Microsoft.Hosting.Lifetime[0]&#xD;
      Application is shutting down...&#xD;
info: MotorcycleRAG.Application.Pipeline.ScheduledPipelineService[0]&#xD;
      Stopping scheduled pipeline service&#xD;
info: MotorcycleRAG.Application.Pipeline.ScheduledPipelineService[0]&#xD;
      Scheduled pipeline service stopped&#xD;
info: MotorcycleRAG.Application.Pipeline.ScheduledPipelineService[0]&#xD;
      Stopping scheduled pipeline service&#xD;
info: MotorcycleRAG.Application.Pipeline.ScheduledPipelineService[0]&#xD;
      Scheduled pipeline service stopped&#xD;
info: MotorcycleRAG.Application.Pipeline.ScheduledPipelineService[0]&#xD;
      Scheduled pipeline service stopped&#xD;
info: Microsoft.Hosting.Lifetime[0]&#xD;
      Application is shutting down...&#xD;
info: MotorcycleRAG.Application.Pipeline.ScheduledPipelineService[0]&#xD;
      Stopping scheduled pipeline service&#xD;
info: MotorcycleRAG.Application.Pipeline.ScheduledPipelineService[0]&#xD;
      Stopping scheduled pipeline service&#xD;
info: MotorcycleRAG.Application.Pipeline.ScheduledPipelineService[0]&#xD;
      Scheduled pipeline service stopped&#xD;
info: Microsoft.Hosting.Lifetime[0]&#xD;
      Application is shutting down...&#xD;
info: MotorcycleRAG.Application.Pipeline.ScheduledPipelineService[0]&#xD;
      Stopping scheduled pipeline service&#xD;
info: MotorcycleRAG.Application.Pipeline.ScheduledPipelineService[0]&#xD;
      Stopping scheduled pipeline service&#xD;
info: MotorcycleRAG.Application.Pipeline.ScheduledPipelineService[0]&#xD;
      Scheduled pipeline service stopped&#xD;
info: MotorcycleRAG.Application.Pipeline.ScheduledPipelineService[0]&#xD;
      Scheduled pipeline service stopped&#xD;
info: MotorcycleRAG.Application.Pipeline.ScheduledPipelineService[0]&#xD;
      Scheduled pipeline service stopped&#xD;
[xUnit.net 00:00:24.74]   Finished:    MotorcycleRAG.IntegrationTests&#xD;
</StdOut>
    </Output>
    <RunInfos>
      <RunInfo computerName="OVERLORD" outcome="Error" timestamp="2025-12-30T19:32:27.8351752-05:00">
        <Text>[xUnit.net 00:00:00.37]     MotorcycleRAG.IntegrationTests.PdfProcessing.MotorcycleManualCitationComponentTests.PdfProcessingToCitationMapping_FullFlow_PreservesLocatorMetadata [FAIL]</Text>
      </RunInfo>
      <RunInfo computerName="OVERLORD" outcome="Error" timestamp="2025-12-30T19:32:29.0464096-05:00">
        <Text>[xUnit.net 00:00:01.53]     MotorcycleRAG.IntegrationTests.Api.MeApiIntegrationTests.GetUsage_InvalidDays_ClampsToValidRange [FAIL]</Text>
      </RunInfo>
      <RunInfo computerName="OVERLORD" outcome="Error" timestamp="2025-12-30T19:32:29.0465741-05:00">
        <Text>[xUnit.net 00:00:01.53]     MotorcycleManualCitationControllerSerializationTests.QueryEndpoint_SerializesManualCitationWithLocatorMetadata_Correctly [FAIL]</Text>
      </RunInfo>
      <RunInfo computerName="OVERLORD" outcome="Error" timestamp="2025-12-30T19:32:29.0467603-05:00">
        <Text>[xUnit.net 00:00:01.53]     MotorcycleRAG.IntegrationTests.Api.AdminUserManagementIntegrationTests.CreatePlan_WithAdminRole_Succeeds [FAIL]</Text>
      </RunInfo>
      <RunInfo computerName="OVERLORD" outcome="Error" timestamp="2025-12-30T19:32:29.6490038-05:00">
        <Text>[xUnit.net 00:00:02.18]     MotorcycleRAG.IntegrationTests.Api.MotorcycleApiIntegrationTests.QueryEndpoint_ReturnsCitationsAndSources_WhenValidRequest [FAIL]</Text>
      </RunInfo>
      <RunInfo computerName="OVERLORD" outcome="Error" timestamp="2025-12-30T19:32:29.7073649-05:00">
        <Text>[xUnit.net 00:00:02.24]     MotorcycleRAG.IntegrationTests.Api.AdminUserManagementIntegrationTests.DeletePlan_WithAdminRole_Succeeds [FAIL]</Text>
      </RunInfo>
      <RunInfo computerName="OVERLORD" outcome="Error" timestamp="2025-12-30T19:32:29.7566734-05:00">
        <Text>[xUnit.net 00:00:02.29]     MotorcycleManualCitationControllerSerializationTests.QueryEndpoint_SerializesMultipleManualCitationsWithDifferentLocators_Correctly [FAIL]</Text>
      </RunInfo>
      <RunInfo computerName="OVERLORD" outcome="Error" timestamp="2025-12-30T19:32:30.0019539-05:00">
        <Text>[xUnit.net 00:00:02.53]     MotorcycleRAG.IntegrationTests.Api.MotorcycleApiIntegrationTests.HealthEndpoint_ReturnsOk [FAIL]</Text>
      </RunInfo>
      <RunInfo computerName="OVERLORD" outcome="Error" timestamp="2025-12-30T19:32:30.1097369-05:00">
        <Text>[xUnit.net 00:00:02.64]     MotorcycleRAG.IntegrationTests.Api.AdminUserManagementIntegrationTests.GetAllPlans_WithAdminRole_ReturnsPlans [FAIL]</Text>
      </RunInfo>
      <RunInfo computerName="OVERLORD" outcome="Error" timestamp="2025-12-30T19:32:30.1574537-05:00">
        <Text>[xUnit.net 00:00:02.69]     MotorcycleManualCitationControllerSerializationTests.QueryEndpoint_SerializesSectionHierarchyInLocator_Correctly [FAIL]</Text>
      </RunInfo>
      <RunInfo computerName="OVERLORD" outcome="Error" timestamp="2025-12-30T19:32:30.4383585-05:00">
        <Text>[xUnit.net 00:00:02.97]     MotorcycleRAG.IntegrationTests.Api.MotorcycleApiIntegrationTests.QueryEndpoint_HandlesNoResultsWithRefinementSuggestions [FAIL]</Text>
      </RunInfo>
      <RunInfo computerName="OVERLORD" outcome="Error" timestamp="2025-12-30T19:32:30.7210197-05:00">
        <Text>[xUnit.net 00:00:03.25]     MotorcycleManualCitationControllerSerializationTests.QueryEndpoint_SerializesMixedManualAndDatasetCitations_Correctly [FAIL]</Text>
      </RunInfo>
      <RunInfo computerName="OVERLORD" outcome="Error" timestamp="2025-12-30T19:32:30.8835801-05:00">
        <Text>[xUnit.net 00:00:03.42]     MotorcycleRAG.IntegrationTests.Api.MotorcycleApiIntegrationTests.QueryEndpoint_ReturnsStableQueryIdAndCompleteMetrics [FAIL]</Text>
      </RunInfo>
      <RunInfo computerName="OVERLORD" outcome="Error" timestamp="2025-12-30T19:32:31.2700041-05:00">
        <Text>[xUnit.net 00:00:03.80]     MotorcycleManualCitationControllerSerializationTests.QueryEndpoint_SerializesPageRangeInLocator_Correctly [FAIL]</Text>
      </RunInfo>
      <RunInfo computerName="OVERLORD" outcome="Error" timestamp="2025-12-30T19:32:31.3972380-05:00">
        <Text>[xUnit.net 00:00:03.93]     MotorcycleRAG.IntegrationTests.Api.MotorcycleApiIntegrationTests.QueryEndpoint_ReturnsOkAndResponseBody [FAIL]</Text>
      </RunInfo>
      <RunInfo computerName="OVERLORD" outcome="Error" timestamp="2025-12-30T19:32:31.7911358-05:00">
        <Text>[xUnit.net 00:00:04.32]     MotorcycleRAG.IntegrationTests.Api.AdminUserManagementIntegrationTests.UpdatePlan_WithAdminRole_Succeeds [FAIL]</Text>
      </RunInfo>
      <RunInfo computerName="OVERLORD" outcome="Error" timestamp="2025-12-30T19:32:51.5862461-05:00">
        <Text>[xUnit.net 00:00:24.12]     MotorcycleRAG.IntegrationTests.Api.MeApiIntegrationTests.Query_WithExceededLimit_Returns429 [FAIL]</Text>
      </RunInfo>
      <RunInfo computerName="OVERLORD" outcome="Error" timestamp="2025-12-30T19:32:51.9957384-05:00">
        <Text>[xUnit.net 00:00:24.53]     MotorcycleRAG.IntegrationTests.Api.MeApiIntegrationTests.GetUsage_Authenticated_ReturnsUsageInformation [FAIL]</Text>
      </RunInfo>
      <RunInfo computerName="OVERLORD" outcome="Error" timestamp="2025-12-30T19:32:52.2058457-05:00">
        <Text>[xUnit.net 00:00:24.74]     MotorcycleRAG.IntegrationTests.Api.MeApiIntegrationTests.GetProfile_Authenticated_ReturnsUserProfile [FAIL]</Text>
      </RunInfo>
    </RunInfos>
  </ResultSummary>
</TestRun>