<?xml version="1.0" encoding="utf-8"?>
<TestRun id="9966f1e1-77a2-4d97-b0fa-2252dd625778" name="dave@OVERLORD 2025-12-30 19:31:17" runUser="OVERLORD\dave" xmlns="http://microsoft.com/schemas/VisualStudio/TeamTest/2010">
  <Times creation="2025-12-30T19:31:17.4181765-05:00" queuing="2025-12-30T19:31:17.4181769-05:00" start="2025-12-30T19:31:16.6759057-05:00" finish="2025-12-30T19:31:32.8091752-05:00" />
  <TestSettings name="default" id="366f52a9-e279-4c44-9e1d-9a43d70db48a">
    <Deployment runDeploymentRoot="dave_OVERLORD_2025-12-30_19_31_17" />
  </TestSettings>
  <Results>
    <UnitTestResult executionId="672f466f-3295-436c-8fea-63b831953eac" testId="0860a7ce-8cc4-ee9e-88d3-e1666ae8630b" testName="MotorcycleRAG.UnitTests.Azure.AzureSearchClientWrapperTests.Constructor_WithNullLogger_ShouldThrowArgumentNullException" computerName="OVERLORD" duration="00:00:00.0015881" startTime="2025-12-30T19:31:17.7482873-05:00" endTime="2025-12-30T19:31:17.7498002-05:00" testType="13cdc9d9-ddb5-4fa4-a97d-d965ccfc6d4b" outcome="Passed" testListId="8c84fa94-04c1-424b-9868-57a2d4851a1d" relativeResultsDirectory="672f466f-3295-436c-8fea-63b831953eac" />
    <UnitTestResult executionId="f3a135a5-b26b-4f7f-b6d1-da0bacda57a1" testId="ab52484b-1328-0c60-8d3d-366929bfd6bb" testName="MotorcycleRAG.UnitTests.Azure.AzureOpenAIClientWrapperTests.IsCircuitBreakerError_WithServerErrors_ShouldReturnTrue(statusCode: 504)" computerName="OVERLORD" duration="00:00:00.0022976" startTime="2025-12-30T19:31:17.5399332-05:00" endTime="2025-12-30T19:31:17.5407225-05:00" testType="13cdc9d9-ddb5-4fa4-a97d-d965ccfc6d4b" outcome="Passed" testListId="8c84fa94-04c1-424b-9868-57a2d4851a1d" relativeResultsDirectory="f3a135a5-b26b-4f7f-b6d1-da0bacda57a1" />
    <UnitTestResult executionId="ae35b3a3-7a38-46bf-9d66-c7cb82b7d3ca" testId="11e0eff9-6036-5097-0868-8cfd576d71c6" testName="MotorcycleRAG.UnitTests.Azure.AzureSearchClientWrapperTests.IsRetryableError_WithRetryableStatusCodes_ShouldReturnTrue(statusCode: 503)" computerName="OVERLORD" duration="00:00:00.0015605" startTime="2025-12-30T19:31:17.5695974-05:00" endTime="2025-12-30T19:31:17.5710872-05:00" testType="13cdc9d9-ddb5-4fa4-a97d-d965ccfc6d4b" outcome="Passed" testListId="8c84fa94-04c1-424b-9868-57a2d4851a1d" relativeResultsDirectory="ae35b3a3-7a38-46bf-9d66-c7cb82b7d3ca" />
    <UnitTestResult executionId="fc39eb81-a237-4310-b392-1d0c8ecba84c" testId="c1788dde-a68a-3661-227f-aff9933f95c9" testName="MotorcycleRAG.UnitTests.Services.ModelValidationServiceTests.ValidateCitation_SectionHeadingsWithEmptyString_ReturnsError" computerName="OVERLORD" duration="00:00:00.0008475" startTime="2025-12-30T19:31:17.4679810-05:00" endTime="2025-12-30T19:31:17.4686560-05:00" testType="13cdc9d9-ddb5-4fa4-a97d-d965ccfc6d4b" outcome="Passed" testListId="8c84fa94-04c1-424b-9868-57a2d4851a1d" relativeResultsDirectory="fc39eb81-a237-4310-b392-1d0c8ecba84c" />
    <UnitTestResult executionId="115634e0-29f8-4df6-9ace-c6eeab120288" testId="ece838b3-ed88-cc7a-1bc8-5ba08b8ff779" testName="MotorcycleRAG.UnitTests.Services.UsageTrackingServiceTests.RecordUsageAsync_ThrowsOnNullEndpoint" computerName="OVERLORD" duration="00:00:00.1315258" startTime="2025-12-30T19:31:17.3686224-05:00" endTime="2025-12-30T19:31:17.4578245-05:00" testType="13cdc9d9-ddb5-4fa4-a97d-d965ccfc6d4b" outcome="Passed" testListId="8c84fa94-04c1-424b-9868-57a2d4851a1d" relativeResultsDirectory="115634e0-29f8-4df6-9ace-c6eeab120288" />
    <UnitTestResult executionId="d9894a19-cd39-4711-be2e-1eb48faa0fb8" testId="11fe4845-6223-9b9b-f8d4-c8ad62045979" testName="MotorcycleRAG.UnitTests.Azure.SearchConfigurationValidatorTests.Validate_WithInvalidMaxSearchResults_ShouldReturnFailure(maxResults: 0, expectedError: &quot;Search:MaxSearchResults must be greater than 0&quot;)" computerName="OVERLORD" duration="00:00:00.0004134" startTime="2025-12-30T19:31:17.4072773-05:00" endTime="2025-12-30T19:31:17.4094260-05:00" testType="13cdc9d9-ddb5-4fa4-a97d-d965ccfc6d4b" outcome="Passed" testListId="8c84fa94-04c1-424b-9868-57a2d4851a1d" relativeResultsDirectory="d9894a19-cd39-4711-be2e-1eb48faa0fb8" />
    <UnitTestResult executionId="814e3900-c6fb-4e86-a2c0-f58f3fc014eb" testId="145bbc2f-f162-b4da-6883-16f0dcb65a3f" testName="MotorcycleRAG.UnitTests.Services.ModelValidationServiceTests.ValidateCitation_InvalidSectionLevelTen_ReturnsError" computerName="OVERLORD" duration="00:00:00.0010814" startTime="2025-12-30T19:31:17.4573271-05:00" endTime="2025-12-30T19:31:17.4573667-05:00" testType="13cdc9d9-ddb5-4fa4-a97d-d965ccfc6d4b" outcome="Passed" testListId="8c84fa94-04c1-424b-9868-57a2d4851a1d" relativeResultsDirectory="814e3900-c6fb-4e86-a2c0-f58f3fc014eb" />
    <UnitTestResult executionId="9d2dec7a-0cf8-42b2-bf38-a45ec999a904" testId="a0ce2cca-6172-b39f-cfc1-4128671dfce3" testName="MotorcycleRAG.UnitTests.Services.ModelValidationServiceTests.ValidateCitation_CompleteValidManualPdfCitation_ReturnsEmptyErrors" computerName="OVERLORD" duration="00:00:00.0039229" startTime="2025-12-30T19:31:17.4605008-05:00" endTime="2025-12-30T19:31:17.4626020-05:00" testType="13cdc9d9-ddb5-4fa4-a97d-d965ccfc6d4b" outcome="Passed" testListId="8c84fa94-04c1-424b-9868-57a2d4851a1d" relativeResultsDirectory="9d2dec7a-0cf8-42b2-bf38-a45ec999a904" />
    <UnitTestResult executionId="b62f8ff8-d7a4-41af-be25-de2207715de5" testId="69aaf374-0e0b-b61c-3571-8bb965d74d0e" testName="MotorcycleRAG.UnitTests.Services.UsageTrackingServiceTests.RecordUsageAsync_ThrowsOnEmptyUserId" computerName="OVERLORD" duration="00:00:00.0045716" startTime="2025-12-30T19:31:17.5676245-05:00" endTime="2025-12-30T19:31:17.5740036-05:00" testType="13cdc9d9-ddb5-4fa4-a97d-d965ccfc6d4b" outcome="Passed" testListId="8c84fa94-04c1-424b-9868-57a2d4851a1d" relativeResultsDirectory="b62f8ff8-d7a4-41af-be25-de2207715de5" />
    <UnitTestResult executionId="9db595da-0642-4fcf-98b5-97fd013c3c46" testId="81ef7eb4-4bb4-5696-43cd-ccb1c36f1af4" testName="MotorcycleRAG.UnitTests.Resilience.CorrelationServiceTests.ExecuteWithCorrelationAsync_ThrowsException_RestoresOriginalId" computerName="OVERLORD" duration="00:00:00.0577568" startTime="2025-12-30T19:31:17.5502772-05:00" endTime="2025-12-30T19:31:17.6231984-05:00" testType="13cdc9d9-ddb5-4fa4-a97d-d965ccfc6d4b" outcome="Passed" testListId="8c84fa94-04c1-424b-9868-57a2d4851a1d" relativeResultsDirectory="9db595da-0642-4fcf-98b5-97fd013c3c46" />
    <UnitTestResult executionId="7df75814-23d0-46b8-8f5b-f30ddbf1ff4e" testId="c5d4e47d-b7b9-c1a0-8a96-909b3a1c775a" testName="MotorcycleRAG.UnitTests.Services.PlanPolicyServiceTests.GetDailyRequestLimitAsync_UserWithPlan_ReturnsPlanLimit" computerName="OVERLORD" duration="00:00:00.0014904" startTime="2025-12-30T19:31:17.5510022-05:00" endTime="2025-12-30T19:31:17.5517304-05:00" testType="13cdc9d9-ddb5-4fa4-a97d-d965ccfc6d4b" outcome="Passed" testListId="8c84fa94-04c1-424b-9868-57a2d4851a1d" relativeResultsDirectory="7df75814-23d0-46b8-8f5b-f30ddbf1ff4e" />
    <UnitTestResult executionId="f6dddffc-36eb-4745-9e8e-109845290838" testId="7ba57ccd-eac4-ad98-aac1-4bd2b7f2263a" testName="MotorcycleRAG.UnitTests.Azure.AzureAIConfigurationValidatorTests.Validate_WithInvalidFoundryEndpoint_ShouldReturnFailure(endpoint: &quot;invalid-uri&quot;, expectedError: &quot;AzureAI:FoundryEndpoint must be a valid URI&quot;)" computerName="OVERLORD" duration="00:00:00.0002125" startTime="2025-12-30T19:31:17.4133978-05:00" endTime="2025-12-30T19:31:17.4134755-05:00" testType="13cdc9d9-ddb5-4fa4-a97d-d965ccfc6d4b" outcome="Passed" testListId="8c84fa94-04c1-424b-9868-57a2d4851a1d" relativeResultsDirectory="f6dddffc-36eb-4745-9e8e-109845290838" />
    <UnitTestResult executionId="e6d83529-db01-4338-84bd-7580984bdef0" testId="5b73b41c-4207-abdf-63a5-2d242bf65c84" testName="MotorcycleRAG.UnitTests.Services.ModelValidationServiceTests.ValidateCitation_WithNegativeSourceIndex_DoesNotIncludeSourceIndex" computerName="OVERLORD" duration="00:00:00.0013907" startTime="2025-12-30T19:31:17.4663234-05:00" endTime="2025-12-30T19:31:17.4678319-05:00" testType="13cdc9d9-ddb5-4fa4-a97d-d965ccfc6d4b" outcome="Passed" testListId="8c84fa94-04c1-424b-9868-57a2d4851a1d" relativeResultsDirectory="e6d83529-db01-4338-84bd-7580984bdef0" />
    <UnitTestResult executionId="ae9d1f39-990d-47ff-a4c8-08308b9b2e9d" testId="ea85b3db-9e71-68ef-e9b4-79c7bd842a11" testName="MotorcycleRAG.UnitTests.Azure.AzureOpenAIClientWrapperTests.IsCircuitBreakerError_WithServerErrors_ShouldReturnTrue(statusCode: 502)" computerName="OVERLORD" duration="00:00:00.0000174" startTime="2025-12-30T19:31:17.5427026-05:00" endTime="2025-12-30T19:31:17.5427915-05:00" testType="13cdc9d9-ddb5-4fa4-a97d-d965ccfc6d4b" outcome="Passed" testListId="8c84fa94-04c1-424b-9868-57a2d4851a1d" relativeResultsDirectory="ae9d1f39-990d-47ff-a4c8-08308b9b2e9d" />
    <UnitTestResult executionId="5e6446af-e1d9-4719-969b-7f6eb30ddad8" testId="fe17a4b6-6d30-cfc7-5f04-8b32137353d6" testName="MotorcycleRAG.UnitTests.Azure.DocumentIntelligenceClientWrapperTests.IsRetryableError_WithNonRetryableStatusCodes_ShouldReturnFalse(statusCode: 403)" computerName="OVERLORD" duration="00:00:00.0000341" startTime="2025-12-30T19:31:17.5175839-05:00" endTime="2025-12-30T19:31:17.5176361-05:00" testType="13cdc9d9-ddb5-4fa4-a97d-d965ccfc6d4b" outcome="Passed" testListId="8c84fa94-04c1-424b-9868-57a2d4851a1d" relativeResultsDirectory="5e6446af-e1d9-4719-969b-7f6eb30ddad8" />
    <UnitTestResult executionId="a65f97bf-f956-4402-9022-55e179ffca57" testId="2ae63fad-07a6-174e-71d8-4d0eebd236b4" testName="MotorcycleRAG.UnitTests.Pipeline.ScheduledPipelineServiceReliabilityTests.GetProcessingStatsAsync_ShouldReturnValidStats" computerName="OVERLORD" duration="00:00:00.0098338" startTime="2025-12-30T19:31:17.6263121-05:00" endTime="2025-12-30T19:31:17.6361813-05:00" testType="13cdc9d9-ddb5-4fa4-a97d-d965ccfc6d4b" outcome="Passed" testListId="8c84fa94-04c1-424b-9868-57a2d4851a1d" relativeResultsDirectory="a65f97bf-f956-4402-9022-55e179ffca57" />
    <UnitTestResult executionId="888b013e-1b73-4bf0-a5cf-84780560db58" testId="ede07272-1ead-4eb7-a99d-bc8b49c8d9c0" testName="MotorcycleRAG.UnitTests.Pipeline.FileUploadServiceReliabilityTests.UploadFileAsync_WithOversizedFile_ShouldFail" computerName="OVERLORD" duration="00:00:00.3073383" startTime="2025-12-30T19:31:17.3792033-05:00" endTime="2025-12-30T19:31:17.6319761-05:00" testType="13cdc9d9-ddb5-4fa4-a97d-d965ccfc6d4b" outcome="Passed" testListId="8c84fa94-04c1-424b-9868-57a2d4851a1d" relativeResultsDirectory="888b013e-1b73-4bf0-a5cf-84780560db58" />
    <UnitTestResult executionId="dca9e836-7229-4f3b-92f9-267f9c4a6092" testId="c8e18f73-23ca-591e-1895-2bf6bb589b12" testName="MotorcycleRAG.UnitTests.Services.ModelValidationServiceTests.ValidateCitation_ValidPageNumberOnly_ReturnsEmptyErrors" computerName="OVERLORD" duration="00:00:00.0002173" startTime="2025-12-30T19:31:17.5197138-05:00" endTime="2025-12-30T19:31:17.5197530-05:00" testType="13cdc9d9-ddb5-4fa4-a97d-d965ccfc6d4b" outcome="Passed" testListId="8c84fa94-04c1-424b-9868-57a2d4851a1d" relativeResultsDirectory="dca9e836-7229-4f3b-92f9-267f9c4a6092" />
    <UnitTestResult executionId="81270c0b-08b3-474e-9f40-bd8e64955aec" testId="2e94ef6d-888e-95f6-fc96-d6efaf48b3f2" testName="MotorcycleRAG.UnitTests.Azure.DocumentIntelligenceClientWrapperTests.IsCircuitBreakerError_WithClientErrors_ShouldReturnFalse(statusCode: 429)" computerName="OVERLORD" duration="00:00:00.0000331" startTime="2025-12-30T19:31:17.5185825-05:00" endTime="2025-12-30T19:31:17.5186280-05:00" testType="13cdc9d9-ddb5-4fa4-a97d-d965ccfc6d4b" outcome="Passed" testListId="8c84fa94-04c1-424b-9868-57a2d4851a1d" relativeResultsDirectory="81270c0b-08b3-474e-9f40-bd8e64955aec" />
    <UnitTestResult executionId="53d0b459-33da-4217-a910-5d9b60e4961f" testId="5aa4737e-bac8-999d-6a92-818b48ea992c" testName="MotorcycleRAG.UnitTests.Azure.SearchConfigurationValidatorTests.Validate_WithInvalidBatchSize_ShouldReturnFailure(batchSize: -1, expectedError: &quot;Search:BatchSize must be greater than 0&quot;)" computerName="OVERLORD" duration="00:00:00.0002197" startTime="2025-12-30T19:31:17.4135107-05:00" endTime="2025-12-30T19:31:17.4135982-05:00" testType="13cdc9d9-ddb5-4fa4-a97d-d965ccfc6d4b" outcome="Passed" testListId="8c84fa94-04c1-424b-9868-57a2d4851a1d" relativeResultsDirectory="53d0b459-33da-4217-a910-5d9b60e4961f" />
    <UnitTestResult executionId="13aad2c3-130e-4bfd-81d7-59d73870af0e" testId="5e5aa6bc-ce82-b5c6-6514-08e690bbaca6" testName="MotorcycleRAG.UnitTests.Azure.AzureAIConfigurationValidatorTests.Validate_WithInvalidMaxRetries_ShouldReturnFailure(maxRetries: -1, expectedError: &quot;AzureAI:Retry:MaxRetries must be greater than 0&quot;)" computerName="OVERLORD" duration="00:00:00.0002588" startTime="2025-12-30T19:31:17.4129828-05:00" endTime="2025-12-30T19:31:17.4130222-05:00" testType="13cdc9d9-ddb5-4fa4-a97d-d965ccfc6d4b" outcome="Passed" testListId="8c84fa94-04c1-424b-9868-57a2d4851a1d" relativeResultsDirectory="13aad2c3-130e-4bfd-81d7-59d73870af0e" />
    <UnitTestResult executionId="d71c5985-adb8-4666-b4bf-aea3eeb6c57b" testId="fa639833-f524-6c84-d68d-abe097f94e5c" testName="MotorcycleRAG.UnitTests.Resilience.ResilienceServiceTests.ExecuteAsync_CancellationRequested_ThrowsOperationCanceledException" computerName="OVERLORD" duration="00:00:00.0008957" startTime="2025-12-30T19:31:29.7082451-05:00" endTime="2025-12-30T19:31:29.7091127-05:00" testType="13cdc9d9-ddb5-4fa4-a97d-d965ccfc6d4b" outcome="Passed" testListId="8c84fa94-04c1-424b-9868-57a2d4851a1d" relativeResultsDirectory="d71c5985-adb8-4666-b4bf-aea3eeb6c57b" />
    <UnitTestResult executionId="37ad9621-ea1e-4019-8e83-73144feee95c" testId="9866167b-6be2-d333-cab3-91bf110efe1b" testName="MotorcycleRAG.UnitTests.Azure.AzureOpenAIClientWrapperResilienceTests.GetEmbeddingAsync_SingleText_ReturnsFirstEmbedding" computerName="OVERLORD" duration="00:00:00.2251514" startTime="2025-12-30T19:31:17.3789640-05:00" endTime="2025-12-30T19:31:17.5510350-05:00" testType="13cdc9d9-ddb5-4fa4-a97d-d965ccfc6d4b" outcome="Passed" testListId="8c84fa94-04c1-424b-9868-57a2d4851a1d" relativeResultsDirectory="37ad9621-ea1e-4019-8e83-73144feee95c" />
    <UnitTestResult executionId="6cf4ccc8-a607-4beb-9906-93f3558aebc2" testId="9f9e1dd5-dc20-ee07-5948-10b3a54a4280" testName="MotorcycleRAG.UnitTests.Agents.WebSearchAgentTests.SearchAsync_ShouldHandleOpenAIFailure_WhenSearchTermGenerationFails" computerName="OVERLORD" duration="00:00:00.0121454" startTime="2025-12-30T19:31:17.8612659-05:00" endTime="2025-12-30T19:31:17.8732420-05:00" testType="13cdc9d9-ddb5-4fa4-a97d-d965ccfc6d4b" outcome="Passed" testListId="8c84fa94-04c1-424b-9868-57a2d4851a1d" relativeResultsDirectory="6cf4ccc8-a607-4beb-9906-93f3558aebc2" />
    <UnitTestResult executionId="8603c8ca-9303-4689-be04-9d88d46e8b67" testId="45419331-ab77-f905-4fb4-7cc92e31cc0f" testName="MotorcycleRAG.UnitTests.Resilience.CorrelationServiceTests.ClearCorrelationId_WithExistingId_ClearsSuccessfully" computerName="OVERLORD" duration="00:00:00.0087339" startTime="2025-12-30T19:31:17.5052458-05:00" endTime="2025-12-30T19:31:17.5178448-05:00" testType="13cdc9d9-ddb5-4fa4-a97d-d965ccfc6d4b" outcome="Passed" testListId="8c84fa94-04c1-424b-9868-57a2d4851a1d" relativeResultsDirectory="8603c8ca-9303-4689-be04-9d88d46e8b67" />
    <UnitTestResult executionId="e96fc804-b740-4c76-87f2-afb5c5241b70" testId="713b7bae-a24c-6a13-90aa-c42edd613587" testName="MotorcycleRAG.UnitTests.Agents.WebSearchAgentTests.SearchAsync_ShouldApplyMinRelevanceScoreFilter_WhenFilterSet" computerName="OVERLORD" duration="00:00:00.0091654" startTime="2025-12-30T19:31:17.8915688-05:00" endTime="2025-12-30T19:31:17.9005417-05:00" testType="13cdc9d9-ddb5-4fa4-a97d-d965ccfc6d4b" outcome="Passed" testListId="8c84fa94-04c1-424b-9868-57a2d4851a1d" relativeResultsDirectory="e96fc804-b740-4c76-87f2-afb5c5241b70" />
    <UnitTestResult executionId="b7a70f71-51eb-4b40-9892-56aac8cbf02c" testId="3961b1bc-28ed-c15d-9ead-cbf7f059a37a" testName="MotorcycleRAG.UnitTests.Azure.AzureOpenAIClientWrapperResilienceTests.GetChatCompletionAsync_WithCancellation_PassesCancellationToken" computerName="OVERLORD" duration="00:00:00.0096042" startTime="2025-12-30T19:31:17.6230690-05:00" endTime="2025-12-30T19:31:17.6329875-05:00" testType="13cdc9d9-ddb5-4fa4-a97d-d965ccfc6d4b" outcome="Passed" testListId="8c84fa94-04c1-424b-9868-57a2d4851a1d" relativeResultsDirectory="b7a70f71-51eb-4b40-9892-56aac8cbf02c" />
    <UnitTestResult executionId="37e97be0-0312-489e-95d3-bf139e563b06" testId="8a84a939-2fda-8b58-e699-c73b0675dcd9" testName="MotorcycleRAG.UnitTests.Pipeline.ScheduledPipelineServiceReliabilityTests.ExecuteImmediateRunAsync_WithProcessingErrors_ShouldHandleGracefully" computerName="OVERLORD" duration="00:00:00.0061033" startTime="2025-12-30T19:31:17.6429128-05:00" endTime="2025-12-30T19:31:17.6489445-05:00" testType="13cdc9d9-ddb5-4fa4-a97d-d965ccfc6d4b" outcome="Passed" testListId="8c84fa94-04c1-424b-9868-57a2d4851a1d" relativeResultsDirectory="37e97be0-0312-489e-95d3-bf139e563b06" />
    <UnitTestResult executionId="bf52d3fe-35f2-4d11-a23f-bddd3ea4e11e" testId="9f0581da-7aad-2e0e-434b-f55ca4896421" testName="MotorcycleRAG.UnitTests.Azure.AzureOpenAIClientWrapperTests.IsRetryableError_WithNonRetryableStatusCodes_ShouldReturnFalse(statusCode: 403)" computerName="OVERLORD" duration="00:00:00.0002457" startTime="2025-12-30T19:31:17.5389092-05:00" endTime="2025-12-30T19:31:17.5389505-05:00" testType="13cdc9d9-ddb5-4fa4-a97d-d965ccfc6d4b" outcome="Passed" testListId="8c84fa94-04c1-424b-9868-57a2d4851a1d" relativeResultsDirectory="bf52d3fe-35f2-4d11-a23f-bddd3ea4e11e" />
    <UnitTestResult executionId="6f0c813f-a30b-4ab1-b0a9-50485a63553c" testId="4a0ca1b5-b167-dd06-9a18-1154f74a09c7" testName="MotorcycleRAG.UnitTests.Services.ModelValidationServiceTests.ValidateCitation_SectionHeadingsWithWhitespaceOnly_ReturnsError" computerName="OVERLORD" duration="00:00:00.0002490" startTime="2025-12-30T19:31:17.4590552-05:00" endTime="2025-12-30T19:31:17.4590863-05:00" testType="13cdc9d9-ddb5-4fa4-a97d-d965ccfc6d4b" outcome="Passed" testListId="8c84fa94-04c1-424b-9868-57a2d4851a1d" relativeResultsDirectory="6f0c813f-a30b-4ab1-b0a9-50485a63553c" />
    <UnitTestResult executionId="5315e4b6-3e29-4f19-ab5b-cccdf3820976" testId="ecdea13f-c2cd-7e30-52df-c3b2b2652b2b" testName="MotorcycleRAG.UnitTests.Azure.DocumentIntelligenceClientWrapperTests.IsRetryableError_WithRetryableStatusCodes_ShouldReturnTrue(statusCode: 502)" computerName="OVERLORD" duration="00:00:00.0000076" startTime="2025-12-30T19:31:17.4093723-05:00" endTime="2025-12-30T19:31:17.4095003-05:00" testType="13cdc9d9-ddb5-4fa4-a97d-d965ccfc6d4b" outcome="Passed" testListId="8c84fa94-04c1-424b-9868-57a2d4851a1d" relativeResultsDirectory="5315e4b6-3e29-4f19-ab5b-cccdf3820976" />
    <UnitTestResult executionId="3bb3587f-038d-44d7-a1eb-334e7ecb55a7" testId="b1c2a52d-a119-0041-a6d8-887236f177ba" testName="MotorcycleRAG.UnitTests.Azure.DocumentIntelligenceClientWrapperTests.Constructor_WithValidConfiguration_ShouldInitializeSuccessfully" computerName="OVERLORD" duration="00:00:00.0016129" startTime="2025-12-30T19:31:17.5213145-05:00" endTime="2025-12-30T19:31:17.5229367-05:00" testType="13cdc9d9-ddb5-4fa4-a97d-d965ccfc6d4b" outcome="Passed" testListId="8c84fa94-04c1-424b-9868-57a2d4851a1d" relativeResultsDirectory="3bb3587f-038d-44d7-a1eb-334e7ecb55a7" />
    <UnitTestResult executionId="563e4201-572e-4f06-9a04-a5f2c5fbc0c0" testId="b26c4866-34ab-5a20-73f0-92fe001170d2" testName="MotorcycleRAG.UnitTests.Services.MotorcycleRAGServiceTests.Constructor_ShouldThrow_WhenLoggerIsNull" computerName="OVERLORD" duration="00:00:00.0010343" startTime="2025-12-30T19:31:17.6610015-05:00" endTime="2025-12-30T19:31:17.6618757-05:00" testType="13cdc9d9-ddb5-4fa4-a97d-d965ccfc6d4b" outcome="Passed" testListId="8c84fa94-04c1-424b-9868-57a2d4851a1d" relativeResultsDirectory="563e4201-572e-4f06-9a04-a5f2c5fbc0c0" />
    <UnitTestResult executionId="c5fdc241-208b-40a5-8884-c698e39b1e17" testId="df0d3eaf-673e-e825-d62a-597a1820a203" testName="MotorcycleRAG.UnitTests.Services.MotorcycleRAGServiceTests.GetHealthAsync_ShouldReturnHealthyResult" computerName="OVERLORD" duration="00:00:00.0038244" startTime="2025-12-30T19:31:17.6535149-05:00" endTime="2025-12-30T19:31:17.6571632-05:00" testType="13cdc9d9-ddb5-4fa4-a97d-d965ccfc6d4b" outcome="Passed" testListId="8c84fa94-04c1-424b-9868-57a2d4851a1d" relativeResultsDirectory="c5fdc241-208b-40a5-8884-c698e39b1e17" />
    <UnitTestResult executionId="492929c4-c26f-4c62-91b9-b4be2936476c" testId="4c2a98c4-021e-14b5-53e5-53e1f45e889e" testName="MotorcycleRAG.UnitTests.Azure.AzureSearchClientWrapperTests.SearchAsync_WithValidQuery_ShouldReturnResults" computerName="OVERLORD" duration="00:00:00.1221296" startTime="2025-12-30T19:31:17.6258965-05:00" endTime="2025-12-30T19:31:17.7481172-05:00" testType="13cdc9d9-ddb5-4fa4-a97d-d965ccfc6d4b" outcome="Passed" testListId="8c84fa94-04c1-424b-9868-57a2d4851a1d" relativeResultsDirectory="492929c4-c26f-4c62-91b9-b4be2936476c" />
    <UnitTestResult executionId="36468cc5-347c-4c7a-870a-99a3bed4842d" testId="d3b16502-8985-7285-3135-acabd53b71ae" testName="MotorcycleRAG.UnitTests.Azure.AzureOpenAIClientWrapperTests.IsCircuitBreakerError_WithClientErrors_ShouldReturnFalse(statusCode: 401)" computerName="OVERLORD" duration="00:00:00.0011232" startTime="2025-12-30T19:31:17.5466647-05:00" endTime="2025-12-30T19:31:17.5476753-05:00" testType="13cdc9d9-ddb5-4fa4-a97d-d965ccfc6d4b" outcome="Passed" testListId="8c84fa94-04c1-424b-9868-57a2d4851a1d" relativeResultsDirectory="36468cc5-347c-4c7a-870a-99a3bed4842d" />
    <UnitTestResult executionId="4318916b-9ba2-4358-86c0-7a14a4ea803d" testId="4395a9b3-999b-993c-f560-ec351d8f7e96" testName="MotorcycleRAG.UnitTests.Azure.AzureOpenAIClientWrapperTests.Dispose_ShouldDisposeResourcesGracefully" computerName="OVERLORD" duration="00:00:00.0045009" startTime="2025-12-30T19:31:17.5430196-05:00" endTime="2025-12-30T19:31:17.5465736-05:00" testType="13cdc9d9-ddb5-4fa4-a97d-d965ccfc6d4b" outcome="Passed" testListId="8c84fa94-04c1-424b-9868-57a2d4851a1d" relativeResultsDirectory="4318916b-9ba2-4358-86c0-7a14a4ea803d" />
    <UnitTestResult executionId="7a389c50-4e0b-4b5c-abfa-d33fe9b18c7c" testId="a0d07429-e5e0-7c81-f185-bd15bcc3ebd7" testName="MotorcycleRAG.UnitTests.Azure.AzureOpenAIClientWrapperTests.Constructor_ShouldLogInitializationMessage" computerName="OVERLORD" duration="00:00:00.0085999" startTime="2025-12-30T19:31:17.5289761-05:00" endTime="2025-12-30T19:31:17.5368658-05:00" testType="13cdc9d9-ddb5-4fa4-a97d-d965ccfc6d4b" outcome="Passed" testListId="8c84fa94-04c1-424b-9868-57a2d4851a1d" relativeResultsDirectory="7a389c50-4e0b-4b5c-abfa-d33fe9b18c7c" />
    <UnitTestResult executionId="c4a59e38-663b-40b5-bd89-6c7f34ef156d" testId="7f474700-5302-060a-c633-b47a78767ea0" testName="MotorcycleRAG.UnitTests.Azure.AzureSearchClientWrapperTests.IndexDocumentsAsync_WithValidDocuments_ShouldReturnTrue" computerName="OVERLORD" duration="00:00:00.0010000" startTime="2025-12-30T19:31:17.7532492-05:00" endTime="2025-12-30T19:31:17.7532639-05:00" testType="13cdc9d9-ddb5-4fa4-a97d-d965ccfc6d4b" outcome="NotExecuted" testListId="8c84fa94-04c1-424b-9868-57a2d4851a1d" relativeResultsDirectory="c4a59e38-663b-40b5-bd89-6c7f34ef156d">
      <Output>
        <ErrorInfo>
          <Message>Integration test - requires actual Azure Search service</Message>
        </ErrorInfo>
      </Output>
    </UnitTestResult>
    <UnitTestResult executionId="a336c157-f144-4bb9-a340-fb6cfaf4c57d" testId="e2e8723f-9077-7ac1-a202-a9de7e3a34c8" testName="MotorcycleRAG.UnitTests.Services.MotorcycleRAGServiceTests.QueryAsync_ShouldThrow_WhenRequestIsNull" computerName="OVERLORD" duration="00:00:00.0048126" startTime="2025-12-30T19:31:17.6327927-05:00" endTime="2025-12-30T19:31:17.6373830-05:00" testType="13cdc9d9-ddb5-4fa4-a97d-d965ccfc6d4b" outcome="Passed" testListId="8c84fa94-04c1-424b-9868-57a2d4851a1d" relativeResultsDirectory="a336c157-f144-4bb9-a340-fb6cfaf4c57d" />
    <UnitTestResult executionId="ef1abcd4-67b7-47ec-9e0f-b5777974ee7a" testId="f1ac7bd0-cf0b-5e8c-ec9b-a61c77117ad3" testName="MotorcycleRAG.UnitTests.Azure.DocumentIntelligenceClientWrapperTests.IsCircuitBreakerError_WithServerErrors_ShouldReturnTrue(statusCode: 502)" computerName="OVERLORD" duration="00:00:00.0003154" startTime="2025-12-30T19:31:17.4101460-05:00" endTime="2025-12-30T19:31:17.4105230-05:00" testType="13cdc9d9-ddb5-4fa4-a97d-d965ccfc6d4b" outcome="Passed" testListId="8c84fa94-04c1-424b-9868-57a2d4851a1d" relativeResultsDirectory="ef1abcd4-67b7-47ec-9e0f-b5777974ee7a" />
    <UnitTestResult executionId="0c49267e-f0a7-44b1-9f8d-9db1075165f7" testId="7d02520e-dce7-a17a-410f-27048938f15c" testName="MotorcycleRAG.UnitTests.Services.ModelValidationServiceTests.ValidateCitation_InvalidPageNumberZeroAndEmptyPageRange_ReturnsError" computerName="OVERLORD" duration="00:00:00.0001827" startTime="2025-12-30T19:31:17.4603967-05:00" endTime="2025-12-30T19:31:17.4604263-05:00" testType="13cdc9d9-ddb5-4fa4-a97d-d965ccfc6d4b" outcome="Passed" testListId="8c84fa94-04c1-424b-9868-57a2d4851a1d" relativeResultsDirectory="0c49267e-f0a7-44b1-9f8d-9db1075165f7" />
    <UnitTestResult executionId="e68094ef-b331-41db-bafb-d60fefe52637" testId="b3ec97aa-4401-3198-384e-d2d33ebe557a" testName="MotorcycleRAG.UnitTests.Services.MotorcycleRAGServiceTests.Constructor_ShouldThrow_WhenOrchestratorIsNull" computerName="OVERLORD" duration="00:00:00.0013511" startTime="2025-12-30T19:31:17.6400935-05:00" endTime="2025-12-30T19:31:17.6413740-05:00" testType="13cdc9d9-ddb5-4fa4-a97d-d965ccfc6d4b" outcome="Passed" testListId="8c84fa94-04c1-424b-9868-57a2d4851a1d" relativeResultsDirectory="e68094ef-b331-41db-bafb-d60fefe52637" />
    <UnitTestResult executionId="379c6b91-bdb1-4278-b6ca-6d58e3278f34" testId="63e75701-0a80-830c-569c-418c36f1d6a3" testName="MotorcycleRAG.UnitTests.Services.PlanPolicyServiceTests.HasExceededDailyLimitAsync_UsageAtLimit_ReturnsTrue" computerName="OVERLORD" duration="00:00:00.0338862" startTime="2025-12-30T19:31:17.5173799-05:00" endTime="2025-12-30T19:31:17.5453708-05:00" testType="13cdc9d9-ddb5-4fa4-a97d-d965ccfc6d4b" outcome="Passed" testListId="8c84fa94-04c1-424b-9868-57a2d4851a1d" relativeResultsDirectory="379c6b91-bdb1-4278-b6ca-6d58e3278f34" />
    <UnitTestResult executionId="de027329-cd4a-4ff2-9ce2-ecd84f89e39a" testId="3bd1742f-8f9f-71de-73e3-782d34498932" testName="MotorcycleRAG.UnitTests.Services.MotorcycleRAGServiceTests.QueryAsync_ShouldThrow_WhenQueryIsEmpty(query: &quot;&quot;)" computerName="OVERLORD" duration="00:00:00.0014384" startTime="2025-12-30T19:31:17.6524394-05:00" endTime="2025-12-30T19:31:17.6533627-05:00" testType="13cdc9d9-ddb5-4fa4-a97d-d965ccfc6d4b" outcome="Passed" testListId="8c84fa94-04c1-424b-9868-57a2d4851a1d" relativeResultsDirectory="de027329-cd4a-4ff2-9ce2-ecd84f89e39a" />
    <UnitTestResult executionId="27bb2fba-6aeb-4a46-b66c-61e56cbd1445" testId="af9bd4dd-3411-b199-edf1-c51e5b165bb3" testName="MotorcycleRAG.UnitTests.Pipeline.FileUploadServiceReliabilityTests.UploadFilesAsync_WithMixedValidAndInvalidFiles_ShouldProcessAll" computerName="OVERLORD" duration="00:00:00.0071175" startTime="2025-12-30T19:31:17.6639214-05:00" endTime="2025-12-30T19:31:17.6698120-05:00" testType="13cdc9d9-ddb5-4fa4-a97d-d965ccfc6d4b" outcome="Passed" testListId="8c84fa94-04c1-424b-9868-57a2d4851a1d" relativeResultsDirectory="27bb2fba-6aeb-4a46-b66c-61e56cbd1445" />
    <UnitTestResult executionId="45c5e6d0-2f3d-4160-8c0f-0f64fe9d2296" testId="9e141ad3-ad14-b8d6-d28e-0439beab6975" testName="MotorcycleRAG.UnitTests.Azure.DocumentIntelligenceClientWrapperTests.IsRetryableError_WithNonRetryableStatusCodes_ShouldReturnFalse(statusCode: 404)" computerName="OVERLORD" duration="00:00:00.0032406" startTime="2025-12-30T19:31:17.5090921-05:00" endTime="2025-12-30T19:31:17.5174993-05:00" testType="13cdc9d9-ddb5-4fa4-a97d-d965ccfc6d4b" outcome="Passed" testListId="8c84fa94-04c1-424b-9868-57a2d4851a1d" relativeResultsDirectory="45c5e6d0-2f3d-4160-8c0f-0f64fe9d2296" />
    <UnitTestResult executionId="25a7cb40-4c6c-41ce-9c32-e4f72ee2efd9" testId="8416329b-48ac-a2bb-bec0-409c893bbbed" testName="MotorcycleRAG.UnitTests.Resilience.CorrelationServiceTests.ExecuteWithCorrelationAsync_SetsAndRestoresCorrelationId" computerName="OVERLORD" duration="00:00:00.0071651" startTime="2025-12-30T19:31:17.5314161-05:00" endTime="2025-12-30T19:31:17.5399684-05:00" testType="13cdc9d9-ddb5-4fa4-a97d-d965ccfc6d4b" outcome="Passed" testListId="8c84fa94-04c1-424b-9868-57a2d4851a1d" relativeResultsDirectory="25a7cb40-4c6c-41ce-9c32-e4f72ee2efd9" />
    <UnitTestResult executionId="e071874e-b4a2-491f-8897-365af0cdc1d4" testId="f34782ec-455c-de80-a23c-4f20c0a7922d" testName="MotorcycleRAG.UnitTests.Agents.WebSearchAgentTests.SearchAsync_ShouldHandleMotorcycleSpecificQueries_WhenDifferentBrandsQueried(query: &quot;Honda CBR1000RR&quot;)" computerName="OVERLORD" duration="00:00:00.0109877" startTime="2025-12-30T19:31:17.6892452-05:00" endTime="2025-12-30T19:31:17.7002249-05:00" testType="13cdc9d9-ddb5-4fa4-a97d-d965ccfc6d4b" outcome="Passed" testListId="8c84fa94-04c1-424b-9868-57a2d4851a1d" relativeResultsDirectory="e071874e-b4a2-491f-8897-365af0cdc1d4" />
    <UnitTestResult executionId="30a94541-3444-4219-ba99-bb7d1f997b80" testId="c6b5a99e-f7d2-893d-cf2f-ed98d9e5c046" testName="MotorcycleRAG.UnitTests.Agents.WebSearchAgentTests.SearchAsync_ShouldHandleMotorcycleSpecificQueries_WhenDifferentBrandsQueried(query: &quot;Kawasaki Ninja ZX-10R&quot;)" computerName="OVERLORD" duration="00:00:00.0077376" startTime="2025-12-30T19:31:17.7162776-05:00" endTime="2025-12-30T19:31:17.7231890-05:00" testType="13cdc9d9-ddb5-4fa4-a97d-d965ccfc6d4b" outcome="Passed" testListId="8c84fa94-04c1-424b-9868-57a2d4851a1d" relativeResultsDirectory="30a94541-3444-4219-ba99-bb7d1f997b80" />
    <UnitTestResult executionId="594bc3e8-10ac-4140-84df-759bdfc9cf65" testId="8d05e9aa-dd78-a825-6721-b5df2d6656ce" testName="MotorcycleRAG.UnitTests.Agents.VectorSearchAgentTests.SearchAsync_ShouldReturnEmptyArray_WhenQueryIsNull" computerName="OVERLORD" duration="00:00:00.0065588" startTime="2025-12-30T19:31:17.5829120-05:00" endTime="2025-12-30T19:31:17.5892969-05:00" testType="13cdc9d9-ddb5-4fa4-a97d-d965ccfc6d4b" outcome="Passed" testListId="8c84fa94-04c1-424b-9868-57a2d4851a1d" relativeResultsDirectory="594bc3e8-10ac-4140-84df-759bdfc9cf65" />
    <UnitTestResult executionId="69c554da-00f8-40f1-b657-58f211dae074" testId="0c84f40d-69ed-6f73-76ca-5cc3d1acd494" testName="MotorcycleRAG.UnitTests.Azure.AzureSearchClientWrapperTests.IsRetryableError_WithRetryableStatusCodes_ShouldReturnTrue(statusCode: 504)" computerName="OVERLORD" duration="00:00:00.0086864" startTime="2025-12-30T19:31:17.5608415-05:00" endTime="2025-12-30T19:31:17.5694701-05:00" testType="13cdc9d9-ddb5-4fa4-a97d-d965ccfc6d4b" outcome="Passed" testListId="8c84fa94-04c1-424b-9868-57a2d4851a1d" relativeResultsDirectory="69c554da-00f8-40f1-b657-58f211dae074" />
    <UnitTestResult executionId="a25d4f82-ad48-4089-b8e7-848a7b975e5f" testId="d34863df-6158-c453-9dd2-203db8c8e678" testName="MotorcycleRAG.UnitTests.Agents.WebSearchAgentTests.SearchAsync_ShouldReturnEmptyArray_WhenQueryIsNull" computerName="OVERLORD" duration="00:00:00.0006798" startTime="2025-12-30T19:31:17.8816892-05:00" endTime="2025-12-30T19:31:17.8822694-05:00" testType="13cdc9d9-ddb5-4fa4-a97d-d965ccfc6d4b" outcome="Passed" testListId="8c84fa94-04c1-424b-9868-57a2d4851a1d" relativeResultsDirectory="a25d4f82-ad48-4089-b8e7-848a7b975e5f" />
    <UnitTestResult executionId="effa4064-fae3-4ea2-a880-c7a8e8d8e3c4" testId="d2fe89aa-3194-08c6-b9f8-438e052db38e" testName="MotorcycleRAG.UnitTests.Azure.DocumentIntelligenceClientWrapperTests.IsRetryableError_WithNonRetryableStatusCodes_ShouldReturnFalse(statusCode: 401)" computerName="OVERLORD" duration="00:00:00.0000067" startTime="2025-12-30T19:31:17.5176889-05:00" endTime="2025-12-30T19:31:17.5177455-05:00" testType="13cdc9d9-ddb5-4fa4-a97d-d965ccfc6d4b" outcome="Passed" testListId="8c84fa94-04c1-424b-9868-57a2d4851a1d" relativeResultsDirectory="effa4064-fae3-4ea2-a880-c7a8e8d8e3c4" />
    <UnitTestResult executionId="2cc2a77b-6f0e-435e-b6e2-74822f755074" testId="df6efffd-fb60-3f1b-8273-c3f13a5305af" testName="MotorcycleRAG.UnitTests.Resilience.CorrelationServiceTests.SetCorrelationId_ValidId_SetsSuccessfully" computerName="OVERLORD" duration="00:00:00.1672199" startTime="2025-12-30T19:31:17.3685890-05:00" endTime="2025-12-30T19:31:17.4925749-05:00" testType="13cdc9d9-ddb5-4fa4-a97d-d965ccfc6d4b" outcome="Passed" testListId="8c84fa94-04c1-424b-9868-57a2d4851a1d" relativeResultsDirectory="2cc2a77b-6f0e-435e-b6e2-74822f755074" />
    <UnitTestResult executionId="43d85fbc-7658-4502-bac2-abbe73e736c2" testId="9f9748b3-4944-0139-51a8-f2089c661aeb" testName="MotorcycleRAG.UnitTests.Resilience.ResilienceServiceTests.ExecuteAsync_WithCorrelationId_LogsWithCorrelation" computerName="OVERLORD" duration="00:00:00.0037535" startTime="2025-12-30T19:31:29.7048308-05:00" endTime="2025-12-30T19:31:29.7081130-05:00" testType="13cdc9d9-ddb5-4fa4-a97d-d965ccfc6d4b" outcome="Passed" testListId="8c84fa94-04c1-424b-9868-57a2d4851a1d" relativeResultsDirectory="43d85fbc-7658-4502-bac2-abbe73e736c2" />
    <UnitTestResult executionId="4255e813-b243-426f-9bfd-c95244b34c02" testId="56ecb49c-a8d0-6b82-c253-3b6c7ee46dda" testName="MotorcycleRAG.UnitTests.Pipeline.FileUploadServiceReliabilityTests.ValidateFileAsync_WithCorruptedPDF_ShouldDetectIssue" computerName="OVERLORD" duration="00:00:00.0013286" startTime="2025-12-30T19:31:17.6430551-05:00" endTime="2025-12-30T19:31:17.6441321-05:00" testType="13cdc9d9-ddb5-4fa4-a97d-d965ccfc6d4b" outcome="Passed" testListId="8c84fa94-04c1-424b-9868-57a2d4851a1d" relativeResultsDirectory="4255e813-b243-426f-9bfd-c95244b34c02" />
    <UnitTestResult executionId="6af28568-5cab-40e3-b81d-c34028ce8e71" testId="4ede46bd-6083-dee6-7795-005b1fed54f4" testName="MotorcycleRAG.UnitTests.Azure.AzureOpenAIClientWrapperTests.IsRetryableError_WithRetryableStatusCodes_ShouldReturnTrue(statusCode: 503)" computerName="OVERLORD" duration="00:00:00.0000327" startTime="2025-12-30T19:31:17.5383493-05:00" endTime="2025-12-30T19:31:17.5384024-05:00" testType="13cdc9d9-ddb5-4fa4-a97d-d965ccfc6d4b" outcome="Passed" testListId="8c84fa94-04c1-424b-9868-57a2d4851a1d" relativeResultsDirectory="6af28568-5cab-40e3-b81d-c34028ce8e71" />
    <UnitTestResult executionId="a3e7452b-3a20-40a3-90e5-a8afab8f4044" testId="72081a3d-19ca-3366-2069-c7838a2de116" testName="MotorcycleRAG.UnitTests.Azure.AzureSearchClientWrapperTests.IsCircuitBreakerError_WithServerErrors_ShouldReturnTrue(statusCode: 500)" computerName="OVERLORD" duration="00:00:00.0033143" startTime="2025-12-30T19:31:17.6072461-05:00" endTime="2025-12-30T19:31:17.6105247-05:00" testType="13cdc9d9-ddb5-4fa4-a97d-d965ccfc6d4b" outcome="Passed" testListId="8c84fa94-04c1-424b-9868-57a2d4851a1d" relativeResultsDirectory="a3e7452b-3a20-40a3-90e5-a8afab8f4044" />
    <UnitTestResult executionId="86e37698-6ea1-4450-95c6-c41777cc8855" testId="cd4dc502-d3fe-c0b3-366f-97a4651a4b4c" testName="MotorcycleRAG.UnitTests.Agents.VectorSearchAgentTests.SearchAsync_ShouldHandleMotorcycleSpecificQueries_WhenDifferentBrandsQueried(query: &quot;Honda CBR1000RR&quot;)" computerName="OVERLORD" duration="00:00:00.1045756" startTime="2025-12-30T19:31:17.9350866-05:00" endTime="2025-12-30T19:31:18.0390762-05:00" testType="13cdc9d9-ddb5-4fa4-a97d-d965ccfc6d4b" outcome="Passed" testListId="8c84fa94-04c1-424b-9868-57a2d4851a1d" relativeResultsDirectory="86e37698-6ea1-4450-95c6-c41777cc8855" />
    <UnitTestResult executionId="cfb3f25f-0913-4d88-89e6-f50c21b01fbe" testId="52785ae1-c167-842a-bf03-4211e404ae22" testName="MotorcycleRAG.UnitTests.DataProcessing.MotorcyclePDFProcessorTests.ProcessAsync_WithAllCapsHeading_SetsSectionLevel2" computerName="OVERLORD" duration="00:00:00.0021032" startTime="2025-12-30T19:31:17.6827913-05:00" endTime="2025-12-30T19:31:17.6848708-05:00" testType="13cdc9d9-ddb5-4fa4-a97d-d965ccfc6d4b" outcome="Passed" testListId="8c84fa94-04c1-424b-9868-57a2d4851a1d" relativeResultsDirectory="cfb3f25f-0913-4d88-89e6-f50c21b01fbe" />
    <UnitTestResult executionId="4be02f4c-c3cb-4079-a8e0-69b287a270c2" testId="f7390289-ad21-c5f8-c4a8-a4198fe10eac" testName="MotorcycleRAG.UnitTests.Services.ModelValidationServiceTests.ValidateCitation_EmptySectionHeadingsArray_ReturnsEmptyErrors" computerName="OVERLORD" duration="00:00:00.0001655" startTime="2025-12-30T19:31:17.4594616-05:00" endTime="2025-12-30T19:31:17.4594945-05:00" testType="13cdc9d9-ddb5-4fa4-a97d-d965ccfc6d4b" outcome="Passed" testListId="8c84fa94-04c1-424b-9868-57a2d4851a1d" relativeResultsDirectory="4be02f4c-c3cb-4079-a8e0-69b287a270c2" />
    <UnitTestResult executionId="5dcf0a31-9db9-43f2-bed0-48d2a1f9c7b0" testId="9747143c-142c-5ff9-d955-915932741719" testName="MotorcycleRAG.UnitTests.Azure.AzureOpenAIClientWrapperResilienceTests.GetEmbeddingsAsync_CreatesLoggingScopeWithTextCount" computerName="OVERLORD" duration="00:00:00.1159546" startTime="2025-12-30T19:31:17.6331357-05:00" endTime="2025-12-30T19:31:17.7490527-05:00" testType="13cdc9d9-ddb5-4fa4-a97d-d965ccfc6d4b" outcome="Passed" testListId="8c84fa94-04c1-424b-9868-57a2d4851a1d" relativeResultsDirectory="5dcf0a31-9db9-43f2-bed0-48d2a1f9c7b0" />
    <UnitTestResult executionId="5a743b2c-d606-4ff6-980e-d41c30c06b88" testId="f04cbeb3-6f5a-66b0-5fbc-89ac52f86b38" testName="MotorcycleRAG.UnitTests.Services.ModelValidationServiceTests.ValidateCitation_BothPageNumberAndPageRangeValid_ReturnsEmptyErrors" computerName="OVERLORD" duration="00:00:00.0004194" startTime="2025-12-30T19:31:17.4629962-05:00" endTime="2025-12-30T19:31:17.4634702-05:00" testType="13cdc9d9-ddb5-4fa4-a97d-d965ccfc6d4b" outcome="Passed" testListId="8c84fa94-04c1-424b-9868-57a2d4851a1d" relativeResultsDirectory="5a743b2c-d606-4ff6-980e-d41c30c06b88" />
    <UnitTestResult executionId="e9fab20e-cce0-4f2f-8806-325bffe090e1" testId="353f0a7c-a9c8-d1e6-4ae1-7c0a999e4895" testName="MotorcycleRAG.UnitTests.Services.MotorcycleRAGServiceTests.QueryAsync_ShouldThrow_WhenQueryIsEmpty(query: &quot;   &quot;)" computerName="OVERLORD" duration="00:00:00.0020365" startTime="2025-12-30T19:31:17.6498104-05:00" endTime="2025-12-30T19:31:17.6517985-05:00" testType="13cdc9d9-ddb5-4fa4-a97d-d965ccfc6d4b" outcome="Passed" testListId="8c84fa94-04c1-424b-9868-57a2d4851a1d" relativeResultsDirectory="e9fab20e-cce0-4f2f-8806-325bffe090e1" />
    <UnitTestResult executionId="cf9bde99-b157-44b6-89f2-dbfcd52d3968" testId="a5f93340-0336-a4b4-ebb2-d9c4c2a4b345" testName="MotorcycleRAG.UnitTests.Azure.AzureSearchClientWrapperTests.IsRetryableError_WithRetryableStatusCodes_ShouldReturnTrue(statusCode: 502)" computerName="OVERLORD" duration="00:00:00.0049734" startTime="2025-12-30T19:31:17.5447256-05:00" endTime="2025-12-30T19:31:17.5503521-05:00" testType="13cdc9d9-ddb5-4fa4-a97d-d965ccfc6d4b" outcome="Passed" testListId="8c84fa94-04c1-424b-9868-57a2d4851a1d" relativeResultsDirectory="cf9bde99-b157-44b6-89f2-dbfcd52d3968" />
    <UnitTestResult executionId="bce06689-a87a-4692-92e3-5ee455b39c28" testId="5623f634-a0a7-791f-98fa-b42ed545dcbb" testName="MotorcycleRAG.UnitTests.Services.ModelValidationServiceTests.ValidateCitation_ValidSectionLevelThree_ReturnsEmptyErrors" computerName="OVERLORD" duration="00:00:00.0002041" startTime="2025-12-30T19:31:17.4588549-05:00" endTime="2025-12-30T19:31:17.4588812-05:00" testType="13cdc9d9-ddb5-4fa4-a97d-d965ccfc6d4b" outcome="Passed" testListId="8c84fa94-04c1-424b-9868-57a2d4851a1d" relativeResultsDirectory="bce06689-a87a-4692-92e3-5ee455b39c28" />
    <UnitTestResult executionId="4977ce64-429d-4ca8-8260-dbfb86c5919e" testId="55642f8f-de86-5e21-c6fc-86eb906295fb" testName="MotorcycleRAG.UnitTests.Services.UsageTrackingServiceTests.RecordUsageAsync_ThrowsOnNullUserId" computerName="OVERLORD" duration="00:00:00.0071872" startTime="2025-12-30T19:31:17.5595264-05:00" endTime="2025-12-30T19:31:17.5666392-05:00" testType="13cdc9d9-ddb5-4fa4-a97d-d965ccfc6d4b" outcome="Passed" testListId="8c84fa94-04c1-424b-9868-57a2d4851a1d" relativeResultsDirectory="4977ce64-429d-4ca8-8260-dbfb86c5919e" />
    <UnitTestResult executionId="73cdc70b-f2d5-490f-a3bc-536bf1685985" testId="ab703f41-ecbb-afd9-108b-ba87dcf6fcae" testName="MotorcycleRAG.UnitTests.Agents.VectorSearchAgentTests.SearchAsync_ShouldIncludeMetadata_WhenIncludeMetadataIsTrue" computerName="OVERLORD" duration="00:00:00.1207920" startTime="2025-12-30T19:31:18.1529934-05:00" endTime="2025-12-30T19:31:18.2743164-05:00" testType="13cdc9d9-ddb5-4fa4-a97d-d965ccfc6d4b" outcome="Passed" testListId="8c84fa94-04c1-424b-9868-57a2d4851a1d" relativeResultsDirectory="73cdc70b-f2d5-490f-a3bc-536bf1685985" />
    <UnitTestResult executionId="afbe095c-44d3-4b92-ae37-0996efea6570" testId="f26df35e-ca25-709d-dab0-ece36de4db85" testName="MotorcycleRAG.UnitTests.Azure.AzureOpenAIClientWrapperTests.IsRetryableError_WithNonRetryableStatusCodes_ShouldReturnFalse(statusCode: 401)" computerName="OVERLORD" duration="00:00:00.0000258" startTime="2025-12-30T19:31:17.5396528-05:00" endTime="2025-12-30T19:31:17.5397162-05:00" testType="13cdc9d9-ddb5-4fa4-a97d-d965ccfc6d4b" outcome="Passed" testListId="8c84fa94-04c1-424b-9868-57a2d4851a1d" relativeResultsDirectory="afbe095c-44d3-4b92-ae37-0996efea6570" />
    <UnitTestResult executionId="6a262499-c97e-41b9-bc73-05152fc98508" testId="c569631b-af40-49f7-34ca-edfb48860434" testName="MotorcycleRAG.UnitTests.Services.ModelValidationServiceTests.ValidateCitation_NullSectionHeadings_ReturnsEmptyErrors" computerName="OVERLORD" duration="00:00:00.0002691" startTime="2025-12-30T19:31:17.4627576-05:00" endTime="2025-12-30T19:31:17.4629101-05:00" testType="13cdc9d9-ddb5-4fa4-a97d-d965ccfc6d4b" outcome="Passed" testListId="8c84fa94-04c1-424b-9868-57a2d4851a1d" relativeResultsDirectory="6a262499-c97e-41b9-bc73-05152fc98508" />
    <UnitTestResult executionId="76c99912-2caa-4121-bef3-913615c58f74" testId="b5256fb8-a10a-b05a-17b6-7ad1b2a86e8b" testName="MotorcycleRAG.UnitTests.Pipeline.ScheduledPipelineServiceReliabilityTests.ExecuteImmediateRunAsync_WithValidFiles_ShouldProcessSuccessfully" computerName="OVERLORD" duration="00:00:00.0132589" startTime="2025-12-30T19:31:17.6140958-05:00" endTime="2025-12-30T19:31:17.6261653-05:00" testType="13cdc9d9-ddb5-4fa4-a97d-d965ccfc6d4b" outcome="Passed" testListId="8c84fa94-04c1-424b-9868-57a2d4851a1d" relativeResultsDirectory="76c99912-2caa-4121-bef3-913615c58f74" />
    <UnitTestResult executionId="9cebd30f-3023-412a-83a4-84209c3e807a" testId="a33e187f-41d2-4164-db4c-9ba2d32eccec" testName="MotorcycleRAG.UnitTests.Agents.WebSearchAgentTests.SearchAsync_ShouldApplyRateLimiting_WhenMultipleRequestsMade" computerName="OVERLORD" duration="00:00:00.1228620" startTime="2025-12-30T19:31:17.7377507-05:00" endTime="2025-12-30T19:31:17.8610573-05:00" testType="13cdc9d9-ddb5-4fa4-a97d-d965ccfc6d4b" outcome="Passed" testListId="8c84fa94-04c1-424b-9868-57a2d4851a1d" relativeResultsDirectory="9cebd30f-3023-412a-83a4-84209c3e807a" />
    <UnitTestResult executionId="2de0ec1d-b358-4a72-9a34-e31fb28a10fb" testId="72d382c1-859c-9d25-157c-e5fe775286d0" testName="MotorcycleRAG.UnitTests.DataProcessing.MotorcyclePDFProcessorTests.ProcessAsync_WithChapterHeading_SetsPrimarySectionAndLevel1" computerName="OVERLORD" duration="00:00:00.0033010" startTime="2025-12-30T19:31:17.6689832-05:00" endTime="2025-12-30T19:31:17.6722313-05:00" testType="13cdc9d9-ddb5-4fa4-a97d-d965ccfc6d4b" outcome="Passed" testListId="8c84fa94-04c1-424b-9868-57a2d4851a1d" relativeResultsDirectory="2de0ec1d-b358-4a72-9a34-e31fb28a10fb" />
    <UnitTestResult executionId="eb473715-8195-42d2-9469-61a3a724c082" testId="66ad9b45-2b4d-fde9-3153-83c287f0be0e" testName="MotorcycleRAG.UnitTests.Azure.ServiceCollectionExtensionsTests.AddAzureServices_ShouldRegisterServicesAsSingletons" computerName="OVERLORD" duration="00:00:00.0248265" startTime="2025-12-30T19:31:17.5293041-05:00" endTime="2025-12-30T19:31:17.5533358-05:00" testType="13cdc9d9-ddb5-4fa4-a97d-d965ccfc6d4b" outcome="Passed" testListId="8c84fa94-04c1-424b-9868-57a2d4851a1d" relativeResultsDirectory="eb473715-8195-42d2-9469-61a3a724c082" />
    <UnitTestResult executionId="91c6a4d0-7fbc-454b-b70c-95093d7642af" testId="3207ff1a-7a9e-eb2a-d83a-0f8b569ad687" testName="MotorcycleRAG.UnitTests.Azure.AzureOpenAIClientWrapperTests.IsCircuitBreakerError_WithClientErrors_ShouldReturnFalse(statusCode: 400)" computerName="OVERLORD" duration="00:00:00.0007709" startTime="2025-12-30T19:31:17.5478053-05:00" endTime="2025-12-30T19:31:17.5485115-05:00" testType="13cdc9d9-ddb5-4fa4-a97d-d965ccfc6d4b" outcome="Passed" testListId="8c84fa94-04c1-424b-9868-57a2d4851a1d" relativeResultsDirectory="91c6a4d0-7fbc-454b-b70c-95093d7642af" />
    <UnitTestResult executionId="0693ef03-7651-4dc8-becb-fd6c190600b9" testId="409a08b1-c066-3dcf-fcf3-a8bf5cb78646" testName="MotorcycleRAG.UnitTests.Services.ModelValidationServiceTests.ValidateCitation_InvalidPageNumberZeroAndWhitespacePageRange_ReturnsError" computerName="OVERLORD" duration="00:00:00.0002828" startTime="2025-12-30T19:31:17.4577925-05:00" endTime="2025-12-30T19:31:17.4586079-05:00" testType="13cdc9d9-ddb5-4fa4-a97d-d965ccfc6d4b" outcome="Passed" testListId="8c84fa94-04c1-424b-9868-57a2d4851a1d" relativeResultsDirectory="0693ef03-7651-4dc8-becb-fd6c190600b9" />
    <UnitTestResult executionId="ca7e6f7b-fa42-4e77-932f-5d1ead3ea68f" testId="658859b8-0324-332f-5afe-0ce50db9b159" testName="MotorcycleRAG.UnitTests.Services.ModelValidationServiceTests.ValidateCitation_SectionHeadingsWithTabAndNewline_ReturnsError" computerName="OVERLORD" duration="00:00:00.0023480" startTime="2025-12-30T19:31:17.4576882-05:00" endTime="2025-12-30T19:31:17.4577198-05:00" testType="13cdc9d9-ddb5-4fa4-a97d-d965ccfc6d4b" outcome="Passed" testListId="8c84fa94-04c1-424b-9868-57a2d4851a1d" relativeResultsDirectory="ca7e6f7b-fa42-4e77-932f-5d1ead3ea68f" />
    <UnitTestResult executionId="c514bb4f-5cfc-4a34-abdd-66c1dedf0d2d" testId="774c053d-ccf0-0ad0-3cd5-c2046023ecb0" testName="MotorcycleRAG.UnitTests.Services.MotorcycleRAGServiceTests.QueryAsync_ShouldHandleNoResultsWithRefinementSuggestions" computerName="OVERLORD" duration="00:00:00.2615385" startTime="2025-12-30T19:31:17.3884076-05:00" endTime="2025-12-30T19:31:17.5865746-05:00" testType="13cdc9d9-ddb5-4fa4-a97d-d965ccfc6d4b" outcome="Passed" testListId="8c84fa94-04c1-424b-9868-57a2d4851a1d" relativeResultsDirectory="c514bb4f-5cfc-4a34-abdd-66c1dedf0d2d" />
    <UnitTestResult executionId="3d75c5d3-eb6c-471c-830f-cb34f2a2f02f" testId="117056f2-5fb7-4cb3-7198-7c27e76c72a4" testName="MotorcycleRAG.UnitTests.Services.ModelValidationServiceTests.ValidateCitation_ValidPageRangeOnly_ReturnsEmptyErrors" computerName="OVERLORD" duration="00:00:00.0004204" startTime="2025-12-30T19:31:17.4642440-05:00" endTime="2025-12-30T19:31:17.4645144-05:00" testType="13cdc9d9-ddb5-4fa4-a97d-d965ccfc6d4b" outcome="Passed" testListId="8c84fa94-04c1-424b-9868-57a2d4851a1d" relativeResultsDirectory="3d75c5d3-eb6c-471c-830f-cb34f2a2f02f" />
    <UnitTestResult executionId="1cefbf53-a3e9-4e20-8e18-ce26571536ba" testId="a7fba805-8670-9f8f-4058-d47cc8dc4b12" testName="MotorcycleRAG.UnitTests.Pipeline.ScheduledPipelineServiceReliabilityTests.ExecuteImmediateRunAsync_WithNoFiles_ShouldCompleteSuccessfully" computerName="OVERLORD" duration="00:00:00.0030900" startTime="2025-12-30T19:31:17.6803474-05:00" endTime="2025-12-30T19:31:17.6833293-05:00" testType="13cdc9d9-ddb5-4fa4-a97d-d965ccfc6d4b" outcome="Passed" testListId="8c84fa94-04c1-424b-9868-57a2d4851a1d" relativeResultsDirectory="1cefbf53-a3e9-4e20-8e18-ce26571536ba" />
    <UnitTestResult executionId="7e428479-0b5e-4156-b74c-fe5ef507301c" testId="fcdb9756-b374-a50b-7de0-9a0a7107ce9c" testName="MotorcycleRAG.UnitTests.Azure.AzureOpenAIClientWrapperTests.Constructor_WithValidConfiguration_ShouldInitializeSuccessfully" computerName="OVERLORD" duration="00:00:00.2029341" startTime="2025-12-30T19:31:17.3888324-05:00" endTime="2025-12-30T19:31:17.5280117-05:00" testType="13cdc9d9-ddb5-4fa4-a97d-d965ccfc6d4b" outcome="Passed" testListId="8c84fa94-04c1-424b-9868-57a2d4851a1d" relativeResultsDirectory="7e428479-0b5e-4156-b74c-fe5ef507301c" />
    <UnitTestResult executionId="73186e3e-d57e-40c7-99de-45553b10037c" testId="0426aa95-f5a1-d2f9-bfb3-1ca97922887f" testName="MotorcycleRAG.UnitTests.Azure.AzureAIConfigurationValidatorTests.Validate_WithInvalidMaxTokens_ShouldReturnFailure(maxTokens: -1, expectedError: &quot;AzureAI:Models:MaxTokens must be greater than 0&quot;)" computerName="OVERLORD" duration="00:00:00.0002569" startTime="2025-12-30T19:31:17.4094121-05:00" endTime="2025-12-30T19:31:17.4102069-05:00" testType="13cdc9d9-ddb5-4fa4-a97d-d965ccfc6d4b" outcome="Passed" testListId="8c84fa94-04c1-424b-9868-57a2d4851a1d" relativeResultsDirectory="73186e3e-d57e-40c7-99de-45553b10037c" />
    <UnitTestResult executionId="a4797810-03cf-4ba6-83ce-594c56dc98a4" testId="4ba2be2f-b391-2120-5b85-ba120b5c5d26" testName="MotorcycleRAG.UnitTests.Services.ModelValidationServiceTests.ValidateCitation_ValidSectionLevelTwo_ReturnsEmptyErrors" computerName="OVERLORD" duration="00:00:00.0001539" startTime="2025-12-30T19:31:17.4589533-05:00" endTime="2025-12-30T19:31:17.4589808-05:00" testType="13cdc9d9-ddb5-4fa4-a97d-d965ccfc6d4b" outcome="Passed" testListId="8c84fa94-04c1-424b-9868-57a2d4851a1d" relativeResultsDirectory="a4797810-03cf-4ba6-83ce-594c56dc98a4" />
    <UnitTestResult executionId="553ccbfc-8994-4298-ab4a-274c3160902a" testId="7c38252c-4c0e-55b7-e198-4d439090714e" testName="MotorcycleRAG.UnitTests.Azure.AzureOpenAIClientWrapperTests.IsCircuitBreakerError_WithClientErrors_ShouldReturnFalse(statusCode: 403)" computerName="OVERLORD" duration="00:00:00.0000060" startTime="2025-12-30T19:31:17.5489057-05:00" endTime="2025-12-30T19:31:17.5489685-05:00" testType="13cdc9d9-ddb5-4fa4-a97d-d965ccfc6d4b" outcome="Passed" testListId="8c84fa94-04c1-424b-9868-57a2d4851a1d" relativeResultsDirectory="553ccbfc-8994-4298-ab4a-274c3160902a" />
    <UnitTestResult executionId="10a6b64d-5b74-47e3-a931-fca1edaa5b09" testId="24d4efbd-4d5a-85d4-dcf6-d7c6d4db03dd" testName="MotorcycleRAG.UnitTests.Agents.WebSearchAgentTests.SearchAsync_ShouldHandleMotorcycleSpecificQueries_WhenDifferentBrandsQueried(query: &quot;Yamaha YZF-R1&quot;)" computerName="OVERLORD" duration="00:00:00.0075166" startTime="2025-12-30T19:31:17.7078889-05:00" endTime="2025-12-30T19:31:17.7153513-05:00" testType="13cdc9d9-ddb5-4fa4-a97d-d965ccfc6d4b" outcome="Passed" testListId="8c84fa94-04c1-424b-9868-57a2d4851a1d" relativeResultsDirectory="10a6b64d-5b74-47e3-a931-fca1edaa5b09" />
    <UnitTestResult executionId="987b4a28-2452-4a51-854c-c1215b733358" testId="acb4cd26-f1cc-97cf-81f6-5355a13aee40" testName="MotorcycleRAG.UnitTests.Azure.DocumentIntelligenceClientWrapperTests.IsCircuitBreakerError_WithClientErrors_ShouldReturnFalse(statusCode: 404)" computerName="OVERLORD" duration="00:00:00.0009597" startTime="2025-12-30T19:31:17.5179858-05:00" endTime="2025-12-30T19:31:17.5180255-05:00" testType="13cdc9d9-ddb5-4fa4-a97d-d965ccfc6d4b" outcome="Passed" testListId="8c84fa94-04c1-424b-9868-57a2d4851a1d" relativeResultsDirectory="987b4a28-2452-4a51-854c-c1215b733358" />
    <UnitTestResult executionId="2012a3f0-9bd9-4bdf-bff4-b2b752a2da54" testId="85749ffa-6e40-9e15-c210-6958f3a84957" testName="MotorcycleRAG.UnitTests.Azure.DocumentIntelligenceClientWrapperTests.IsCircuitBreakerError_WithServerErrors_ShouldReturnTrue(statusCode: 503)" computerName="OVERLORD" duration="00:00:00.0000151" startTime="2025-12-30T19:31:17.4119121-05:00" endTime="2025-12-30T19:31:17.4119623-05:00" testType="13cdc9d9-ddb5-4fa4-a97d-d965ccfc6d4b" outcome="Passed" testListId="8c84fa94-04c1-424b-9868-57a2d4851a1d" relativeResultsDirectory="2012a3f0-9bd9-4bdf-bff4-b2b752a2da54" />
    <UnitTestResult executionId="90cd4feb-7062-4331-8961-e6317759a269" testId="e035d29f-cc86-ed97-ea19-00f9c8f9990b" testName="MotorcycleRAG.UnitTests.Azure.AzureOpenAIClientWrapperTests.IsCircuitBreakerError_WithClientErrors_ShouldReturnFalse(statusCode: 429)" computerName="OVERLORD" duration="00:00:00.0000293" startTime="2025-12-30T19:31:17.5486322-05:00" endTime="2025-12-30T19:31:17.5487064-05:00" testType="13cdc9d9-ddb5-4fa4-a97d-d965ccfc6d4b" outcome="Passed" testListId="8c84fa94-04c1-424b-9868-57a2d4851a1d" relativeResultsDirectory="90cd4feb-7062-4331-8961-e6317759a269" />
    <UnitTestResult executionId="34e67e8c-6f20-4552-9534-6dc72f834a21" testId="96283e5a-3087-c699-85f6-4c5baaeb4635" testName="MotorcycleRAG.UnitTests.Azure.AzureAIConfigurationValidatorTests.Validate_WithInvalidOpenAIEndpoint_ShouldReturnFailure(endpoint: &quot;&quot;, expectedError: &quot;AzureAI:OpenAIEndpoint is required&quot;)" computerName="OVERLORD" duration="00:00:00.0426369" startTime="2025-12-30T19:31:17.3685542-05:00" endTime="2025-12-30T19:31:17.4071035-05:00" testType="13cdc9d9-ddb5-4fa4-a97d-d965ccfc6d4b" outcome="Passed" testListId="8c84fa94-04c1-424b-9868-57a2d4851a1d" relativeResultsDirectory="34e67e8c-6f20-4552-9534-6dc72f834a21" />
    <UnitTestResult executionId="3ee92246-a171-44f3-be76-581a80697042" testId="c34cace7-ca39-27bf-e834-852fda546483" testName="MotorcycleRAG.UnitTests.Azure.AzureSearchClientWrapperTests.Constructor_WithNullAzureConfiguration_ShouldThrowArgumentNullException" computerName="OVERLORD" duration="00:00:00.0011748" startTime="2025-12-30T19:31:17.7499111-05:00" endTime="2025-12-30T19:31:17.7510957-05:00" testType="13cdc9d9-ddb5-4fa4-a97d-d965ccfc6d4b" outcome="Passed" testListId="8c84fa94-04c1-424b-9868-57a2d4851a1d" relativeResultsDirectory="3ee92246-a171-44f3-be76-581a80697042" />
    <UnitTestResult executionId="b43f5b68-c4eb-452d-afe8-b6f5d0941329" testId="d05bffd6-48fa-97cc-3419-5dc7de1d1f6b" testName="MotorcycleRAG.UnitTests.DataProcessing.MotorcyclePDFProcessorTests.ProcessAsync_WithMultiPageTable_SetsCorrectPageRangeInLocator" computerName="OVERLORD" duration="00:00:00.0039756" startTime="2025-12-30T19:31:17.6568227-05:00" endTime="2025-12-30T19:31:17.6608084-05:00" testType="13cdc9d9-ddb5-4fa4-a97d-d965ccfc6d4b" outcome="Passed" testListId="8c84fa94-04c1-424b-9868-57a2d4851a1d" relativeResultsDirectory="b43f5b68-c4eb-452d-afe8-b6f5d0941329" />
    <UnitTestResult executionId="73495b0b-1c66-4295-ad8a-8f82c5967394" testId="4ab313e4-eb23-9b7d-d51b-adba762afd67" testName="MotorcycleRAG.UnitTests.Services.ModelValidationServiceTests.ValidateCitation_WithLongDocumentId_TruncatesInErrorMessage" computerName="OVERLORD" duration="00:00:00.1023723" startTime="2025-12-30T19:31:17.3686068-05:00" endTime="2025-12-30T19:31:17.4385470-05:00" testType="13cdc9d9-ddb5-4fa4-a97d-d965ccfc6d4b" outcome="Failed" testListId="8c84fa94-04c1-424b-9868-57a2d4851a1d" relativeResultsDirectory="73495b0b-1c66-4295-ad8a-8f82c5967394">
      <Output>
        <ErrorInfo>
          <Message>Assert.Contains() Failure: Sub-string not found&#xD;
String:    "Manual citation must have either PageNumb"···&#xD;
Not found: "DocumentId: aaaaaaaaaaaaaaaaaaaaaaaaaaaaa"···</Message>
          <StackTrace>   at MotorcycleRAG.UnitTests.Services.ModelValidationServiceTests.ValidateCitation_WithLongDocumentId_TruncatesInErrorMessage() in C:\git\motorcycle-rag-system\5-Test\tests\MotorcycleRAG.UnitTests\Services\ModelValidationServiceTests.cs:line 898&#xD;
   at System.Reflection.MethodBaseInvoker.InterpretedInvoke_Method(Object obj, IntPtr* args)&#xD;
   at System.Reflection.MethodBaseInvoker.InvokeWithNoArgs(Object obj, BindingFlags invokeAttr)</StackTrace>
        </ErrorInfo>
      </Output>
    </UnitTestResult>
    <UnitTestResult executionId="acded1b6-8437-4172-8aef-04a1f6010577" testId="bad2675c-10eb-f98e-48ea-eaca02b5d2bd" testName="MotorcycleRAG.UnitTests.Azure.DocumentIntelligenceClientWrapperTests.IsCircuitBreakerError_WithServerErrors_ShouldReturnTrue(statusCode: 500)" computerName="OVERLORD" duration="00:00:00.0002318" startTime="2025-12-30T19:31:17.4113420-05:00" endTime="2025-12-30T19:31:17.4118489-05:00" testType="13cdc9d9-ddb5-4fa4-a97d-d965ccfc6d4b" outcome="Passed" testListId="8c84fa94-04c1-424b-9868-57a2d4851a1d" relativeResultsDirectory="acded1b6-8437-4172-8aef-04a1f6010577" />
    <UnitTestResult executionId="3827201f-e4e9-4fe4-b49c-ee5ebf12044e" testId="60d6e656-8d30-853d-554b-860a6d8ad949" testName="MotorcycleRAG.UnitTests.Services.UsageTrackingServiceTests.RecordUsageAsync_ThrowsOnNullHttpMethod" computerName="OVERLORD" duration="00:00:00.0007062" startTime="2025-12-30T19:31:17.5453277-05:00" endTime="2025-12-30T19:31:17.5463860-05:00" testType="13cdc9d9-ddb5-4fa4-a97d-d965ccfc6d4b" outcome="Passed" testListId="8c84fa94-04c1-424b-9868-57a2d4851a1d" relativeResultsDirectory="3827201f-e4e9-4fe4-b49c-ee5ebf12044e" />
    <UnitTestResult executionId="2c512f2e-fd5f-46e2-9244-daed3cbf145d" testId="951613fe-6f8a-3dfd-60de-b293c79e9c43" testName="MotorcycleRAG.UnitTests.Azure.AzureSearchClientWrapperTests.Constructor_WithNullSearchConfiguration_ShouldThrowArgumentNullException" computerName="OVERLORD" duration="00:00:00.0011381" startTime="2025-12-30T19:31:17.7538648-05:00" endTime="2025-12-30T19:31:17.7543171-05:00" testType="13cdc9d9-ddb5-4fa4-a97d-d965ccfc6d4b" outcome="Passed" testListId="8c84fa94-04c1-424b-9868-57a2d4851a1d" relativeResultsDirectory="2c512f2e-fd5f-46e2-9244-daed3cbf145d" />
    <UnitTestResult executionId="d08d97d2-8c43-48bb-9250-6ccfcff43020" testId="6d5d711e-407c-970a-6f97-f456c923a502" testName="MotorcycleRAG.UnitTests.Azure.AzureSearchClientWrapperIntegrationTests.IsHealthyAsync_WithValidService_ShouldReturnTrue" computerName="OVERLORD" duration="00:00:00.0010000" startTime="2025-12-30T19:31:17.4022783-05:00" endTime="2025-12-30T19:31:17.4022933-05:00" testType="13cdc9d9-ddb5-4fa4-a97d-d965ccfc6d4b" outcome="NotExecuted" testListId="8c84fa94-04c1-424b-9868-57a2d4851a1d" relativeResultsDirectory="d08d97d2-8c43-48bb-9250-6ccfcff43020">
      <Output>
        <ErrorInfo>
          <Message>Integration test - requires actual Azure Search service</Message>
        </ErrorInfo>
      </Output>
    </UnitTestResult>
    <UnitTestResult executionId="fe08f210-d637-48a1-bf85-21f0dc3555c0" testId="fd6c3f24-f2c8-0f8c-b3c6-83c00eb4c285" testName="MotorcycleRAG.UnitTests.Azure.AzureSearchClientWrapperTests.Dispose_ShouldDisposeResourcesGracefully" computerName="OVERLORD" duration="00:00:00.0019966" startTime="2025-12-30T19:31:17.7521014-05:00" endTime="2025-12-30T19:31:17.7531427-05:00" testType="13cdc9d9-ddb5-4fa4-a97d-d965ccfc6d4b" outcome="Passed" testListId="8c84fa94-04c1-424b-9868-57a2d4851a1d" relativeResultsDirectory="fe08f210-d637-48a1-bf85-21f0dc3555c0" />
    <UnitTestResult executionId="3afbd56b-b90a-4a91-b448-ee91cda8ea1b" testId="344982a5-8f46-bde0-6500-becc7906317d" testName="MotorcycleRAG.UnitTests.Services.ModelValidationServiceTests.ValidateCitation_WithSourceIndex_IncludesSourceIndexInErrorMessage" computerName="OVERLORD" duration="00:00:00.0001667" startTime="2025-12-30T19:31:17.4602911-05:00" endTime="2025-12-30T19:31:17.4603247-05:00" testType="13cdc9d9-ddb5-4fa4-a97d-d965ccfc6d4b" outcome="Passed" testListId="8c84fa94-04c1-424b-9868-57a2d4851a1d" relativeResultsDirectory="3afbd56b-b90a-4a91-b448-ee91cda8ea1b" />
    <UnitTestResult executionId="53a2fa2b-d7d4-4f71-8adf-efc36608023f" testId="2869c5e8-a4f7-2f22-9c24-e2116583fc4a" testName="MotorcycleRAG.UnitTests.Services.PlanPolicyServiceTests.HasExceededDailyLimitAsync_UsageAboveLimit_ReturnsTrue" computerName="OVERLORD" duration="00:00:00.0075919" startTime="2025-12-30T19:31:17.5751485-05:00" endTime="2025-12-30T19:31:17.5826456-05:00" testType="13cdc9d9-ddb5-4fa4-a97d-d965ccfc6d4b" outcome="Passed" testListId="8c84fa94-04c1-424b-9868-57a2d4851a1d" relativeResultsDirectory="53a2fa2b-d7d4-4f71-8adf-efc36608023f" />
    <UnitTestResult executionId="c8230b7c-f7dc-4aed-9775-eb29a201fa26" testId="683b42ba-313c-117c-bce1-4c3e96e01441" testName="MotorcycleRAG.UnitTests.Azure.AzureAIConfigurationValidatorTests.Validate_WithInvalidTemperature_ShouldReturnFailure(temperature: 2.0999999, expectedError: &quot;AzureAI:Models:Temperature must be between 0 and 2&quot;)" computerName="OVERLORD" duration="00:00:00.0003629" startTime="2025-12-30T19:31:17.4122366-05:00" endTime="2025-12-30T19:31:17.4122640-05:00" testType="13cdc9d9-ddb5-4fa4-a97d-d965ccfc6d4b" outcome="Passed" testListId="8c84fa94-04c1-424b-9868-57a2d4851a1d" relativeResultsDirectory="c8230b7c-f7dc-4aed-9775-eb29a201fa26" />
    <UnitTestResult executionId="afac0fa3-6f26-4169-9f17-9b84f5659de9" testId="72c3d179-e696-42e2-2185-df3aa1a33a46" testName="MotorcycleRAG.UnitTests.Agents.VectorSearchAgentTests.SearchAsync_ShouldHandleMotorcycleSpecificQueries_WhenDifferentBrandsQueried(query: &quot;Ducati Panigale V4&quot;)" computerName="OVERLORD" duration="00:00:00.1086894" startTime="2025-12-30T19:31:17.7152759-05:00" endTime="2025-12-30T19:31:17.8242891-05:00" testType="13cdc9d9-ddb5-4fa4-a97d-d965ccfc6d4b" outcome="Passed" testListId="8c84fa94-04c1-424b-9868-57a2d4851a1d" relativeResultsDirectory="afac0fa3-6f26-4169-9f17-9b84f5659de9" />
    <UnitTestResult executionId="236a4b82-af09-4f38-9edd-b28a29507a32" testId="0f0d56dc-49f9-cc39-8a1c-8222e8187f2f" testName="MotorcycleRAG.UnitTests.Pipeline.FileUploadServiceReliabilityTests.ValidateFileAsync_ShouldDetectCorrectFileType(fileName: &quot;unknown.txt&quot;, contentType: &quot;text/plain&quot;, expectedType: Unknown)" computerName="OVERLORD" duration="00:00:00.0075160" startTime="2025-12-30T19:31:17.6321759-05:00" endTime="2025-12-30T19:31:17.6395430-05:00" testType="13cdc9d9-ddb5-4fa4-a97d-d965ccfc6d4b" outcome="Passed" testListId="8c84fa94-04c1-424b-9868-57a2d4851a1d" relativeResultsDirectory="236a4b82-af09-4f38-9edd-b28a29507a32" />
    <UnitTestResult executionId="e64d8833-79ca-43ee-8ac2-be76b4c1d341" testId="bdc9957f-3aeb-ffca-313a-f36bcf85c0c7" testName="MotorcycleRAG.UnitTests.Agents.WebSearchAgentTests.SearchAsync_ShouldHandleHttpErrors_WhenWebRequestFails" computerName="OVERLORD" duration="00:00:00.0057901" startTime="2025-12-30T19:31:17.9007230-05:00" endTime="2025-12-30T19:31:17.9064427-05:00" testType="13cdc9d9-ddb5-4fa4-a97d-d965ccfc6d4b" outcome="Passed" testListId="8c84fa94-04c1-424b-9868-57a2d4851a1d" relativeResultsDirectory="e64d8833-79ca-43ee-8ac2-be76b4c1d341" />
    <UnitTestResult executionId="89a9e080-1f2d-4baa-811a-e77aba6bf2a0" testId="77a9633d-8a86-1fe2-986f-7aef9b5ecf79" testName="MotorcycleRAG.UnitTests.Services.ModelValidationServiceTests.ValidateCitation_DatasetSourceWithLocator_ReturnsEmptyErrors" computerName="OVERLORD" duration="00:00:00.0001410" startTime="2025-12-30T19:31:17.4601622-05:00" endTime="2025-12-30T19:31:17.4602010-05:00" testType="13cdc9d9-ddb5-4fa4-a97d-d965ccfc6d4b" outcome="Passed" testListId="8c84fa94-04c1-424b-9868-57a2d4851a1d" relativeResultsDirectory="89a9e080-1f2d-4baa-811a-e77aba6bf2a0" />
    <UnitTestResult executionId="be25d563-7f88-4091-a256-d000db0afd2b" testId="64f20194-b75f-fc7d-842f-15efc7fe90c5" testName="MotorcycleRAG.UnitTests.Pipeline.FileUploadServiceReliabilityTests.DeleteFileAsync_WithNonExistentFile_ShouldReturnFalse" computerName="OVERLORD" duration="00:00:00.0008788" startTime="2025-12-30T19:31:17.6494290-05:00" endTime="2025-12-30T19:31:17.6502262-05:00" testType="13cdc9d9-ddb5-4fa4-a97d-d965ccfc6d4b" outcome="Passed" testListId="8c84fa94-04c1-424b-9868-57a2d4851a1d" relativeResultsDirectory="be25d563-7f88-4091-a256-d000db0afd2b" />
    <UnitTestResult executionId="3d4a5364-2ddf-4b27-874f-a287586891af" testId="fd25d6e7-15dd-6692-49a0-45d89f7d4ddc" testName="MotorcycleRAG.UnitTests.Azure.AzureOpenAIClientWrapperTests.IsCircuitBreakerError_WithServerErrors_ShouldReturnTrue(statusCode: 500)" computerName="OVERLORD" duration="00:00:00.0008555" startTime="2025-12-30T19:31:17.5408806-05:00" endTime="2025-12-30T19:31:17.5416426-05:00" testType="13cdc9d9-ddb5-4fa4-a97d-d965ccfc6d4b" outcome="Passed" testListId="8c84fa94-04c1-424b-9868-57a2d4851a1d" relativeResultsDirectory="3d4a5364-2ddf-4b27-874f-a287586891af" />
    <UnitTestResult executionId="e686187d-c30c-4add-aeaf-ea36157f87f5" testId="cc6399ab-19d9-632b-d717-315f9e494027" testName="MotorcycleRAG.UnitTests.Azure.DocumentIntelligenceClientWrapperTests.IsCircuitBreakerError_WithClientErrors_ShouldReturnFalse(statusCode: 400)" computerName="OVERLORD" duration="00:00:00.0000056" startTime="2025-12-30T19:31:17.5186823-05:00" endTime="2025-12-30T19:31:17.5187293-05:00" testType="13cdc9d9-ddb5-4fa4-a97d-d965ccfc6d4b" outcome="Passed" testListId="8c84fa94-04c1-424b-9868-57a2d4851a1d" relativeResultsDirectory="e686187d-c30c-4add-aeaf-ea36157f87f5" />
    <UnitTestResult executionId="1cb95b40-7ed0-4df6-babd-cc9210d1fbde" testId="cba75631-4035-f24d-e271-8804cf439987" testName="MotorcycleRAG.UnitTests.Azure.AzureOpenAIClientWrapperTests.IsCircuitBreakerError_WithServerErrors_ShouldReturnTrue(statusCode: 503)" computerName="OVERLORD" duration="00:00:00.0001328" startTime="2025-12-30T19:31:17.5417658-05:00" endTime="2025-12-30T19:31:17.5418293-05:00" testType="13cdc9d9-ddb5-4fa4-a97d-d965ccfc6d4b" outcome="Passed" testListId="8c84fa94-04c1-424b-9868-57a2d4851a1d" relativeResultsDirectory="1cb95b40-7ed0-4df6-babd-cc9210d1fbde" />
    <UnitTestResult executionId="fcbc1cb2-2e00-42f7-aec7-9a8242cf6b1a" testId="110c1850-ba3f-ac40-c18f-7f94be9c3641" testName="MotorcycleRAG.UnitTests.Azure.AzureSearchClientWrapperTests.IsCircuitBreakerError_WithClientErrors_ShouldReturnFalse(statusCode: 400)" computerName="OVERLORD" duration="00:00:00.0034793" startTime="2025-12-30T19:31:17.5221675-05:00" endTime="2025-12-30T19:31:17.5256100-05:00" testType="13cdc9d9-ddb5-4fa4-a97d-d965ccfc6d4b" outcome="Passed" testListId="8c84fa94-04c1-424b-9868-57a2d4851a1d" relativeResultsDirectory="fcbc1cb2-2e00-42f7-aec7-9a8242cf6b1a" />
    <UnitTestResult executionId="44d22b54-230d-4a03-a941-841983550ca4" testId="30d0d7d0-3e82-ce11-f2f2-0bccedb2ab0b" testName="MotorcycleRAG.UnitTests.Azure.DocumentIntelligenceClientWrapperTests.IsRetryableError_WithRetryableStatusCodes_ShouldReturnTrue(statusCode: 429)" computerName="OVERLORD" duration="00:00:00.0002962" startTime="2025-12-30T19:31:17.4073189-05:00" endTime="2025-12-30T19:31:17.4074184-05:00" testType="13cdc9d9-ddb5-4fa4-a97d-d965ccfc6d4b" outcome="Passed" testListId="8c84fa94-04c1-424b-9868-57a2d4851a1d" relativeResultsDirectory="44d22b54-230d-4a03-a941-841983550ca4" />
    <UnitTestResult executionId="9c6053a4-5d97-4d9e-9bba-0676106c2ad9" testId="cd959fa7-119d-373a-4293-a659a2433ea4" testName="MotorcycleRAG.UnitTests.Services.ModelValidationServiceTests.ValidateCitation_ValidSectionHeadings_ReturnsEmptyErrors" computerName="OVERLORD" duration="00:00:00.0116456" startTime="2025-12-30T19:31:17.4575732-05:00" endTime="2025-12-30T19:31:17.4576072-05:00" testType="13cdc9d9-ddb5-4fa4-a97d-d965ccfc6d4b" outcome="Passed" testListId="8c84fa94-04c1-424b-9868-57a2d4851a1d" relativeResultsDirectory="9c6053a4-5d97-4d9e-9bba-0676106c2ad9" />
    <UnitTestResult executionId="cee1b509-0ab8-4838-8c55-34dda0d84fa4" testId="843a3577-1443-f0fc-cd8b-d64b7b2f0f91" testName="MotorcycleRAG.UnitTests.Azure.AzureOpenAIClientWrapperIntegrationTests.GetEmbeddingsAsync_WithValidRequest_ShouldReturnEmbeddings" computerName="OVERLORD" duration="00:00:00.0010000" startTime="2025-12-30T19:31:17.3902751-05:00" endTime="2025-12-30T19:31:17.3903006-05:00" testType="13cdc9d9-ddb5-4fa4-a97d-d965ccfc6d4b" outcome="NotExecuted" testListId="8c84fa94-04c1-424b-9868-57a2d4851a1d" relativeResultsDirectory="cee1b509-0ab8-4838-8c55-34dda0d84fa4">
      <Output>
        <ErrorInfo>
          <Message>Integration test - requires actual Azure OpenAI service</Message>
        </ErrorInfo>
      </Output>
    </UnitTestResult>
    <UnitTestResult executionId="3b0dc858-ccf9-42da-ad4b-471cd6efa934" testId="9193d113-8635-4915-a2eb-c34afdfb26d2" testName="MotorcycleRAG.UnitTests.Resilience.ResilienceServiceTests.ExecuteAsync_OperationFailsWithCircuitBreakerOpen_UsesFallback" computerName="OVERLORD" duration="00:00:06.0620699" startTime="2025-12-30T19:31:23.6420150-05:00" endTime="2025-12-30T19:31:29.7042482-05:00" testType="13cdc9d9-ddb5-4fa4-a97d-d965ccfc6d4b" outcome="Passed" testListId="8c84fa94-04c1-424b-9868-57a2d4851a1d" relativeResultsDirectory="3b0dc858-ccf9-42da-ad4b-471cd6efa934" />
    <UnitTestResult executionId="8de0ea96-c137-41c4-96f8-02438a5f501c" testId="94cc4f1b-b800-c5ef-64e5-32359aeb70ae" testName="MotorcycleRAG.UnitTests.Services.UsageTrackingServiceTests.RecordSuccessAsync_CallsRepositoryWithSuccessStatus" computerName="OVERLORD" duration="00:00:00.0160438" startTime="2025-12-30T19:31:17.5247361-05:00" endTime="2025-12-30T19:31:17.5409196-05:00" testType="13cdc9d9-ddb5-4fa4-a97d-d965ccfc6d4b" outcome="Passed" testListId="8c84fa94-04c1-424b-9868-57a2d4851a1d" relativeResultsDirectory="8de0ea96-c137-41c4-96f8-02438a5f501c" />
    <UnitTestResult executionId="39a16aa0-71c7-40a7-a863-1fe2c8915ab4" testId="bea83e08-dd79-62d3-5c95-17c3c0ba2fa5" testName="MotorcycleRAG.UnitTests.Agents.VectorSearchAgentTests.AgentType_ShouldReturnVectorSearch" computerName="OVERLORD" duration="00:00:00.0003372" startTime="2025-12-30T19:31:18.3818889-05:00" endTime="2025-12-30T19:31:18.3820121-05:00" testType="13cdc9d9-ddb5-4fa4-a97d-d965ccfc6d4b" outcome="Passed" testListId="8c84fa94-04c1-424b-9868-57a2d4851a1d" relativeResultsDirectory="39a16aa0-71c7-40a7-a863-1fe2c8915ab4" />
    <UnitTestResult executionId="57d39a07-7c18-4fe0-9657-f7b0e6a5baee" testId="2a47a5bc-79fb-7f7f-8fe4-c829788349b3" testName="MotorcycleRAG.UnitTests.Azure.AzureAIConfigurationValidatorTests.Validate_WithInvalidFoundryEndpoint_ShouldReturnFailure(endpoint: &quot;&quot;, expectedError: &quot;AzureAI:FoundryEndpoint is required&quot;)" computerName="OVERLORD" duration="00:00:00.0003527" startTime="2025-12-30T19:31:17.4132127-05:00" endTime="2025-12-30T19:31:17.4133489-05:00" testType="13cdc9d9-ddb5-4fa4-a97d-d965ccfc6d4b" outcome="Passed" testListId="8c84fa94-04c1-424b-9868-57a2d4851a1d" relativeResultsDirectory="57d39a07-7c18-4fe0-9657-f7b0e6a5baee" />
    <UnitTestResult executionId="06ebf51f-18ba-4c1c-a700-d53645f4356c" testId="d377c991-c1f4-2a67-39d7-d86f26d79120" testName="MotorcycleRAG.UnitTests.Azure.DocumentIntelligenceClientWrapperTests.Constructor_WithNullConfiguration_ShouldThrowArgumentNullException" computerName="OVERLORD" duration="00:00:00.0022650" startTime="2025-12-30T19:31:17.5061990-05:00" endTime="2025-12-30T19:31:17.5084395-05:00" testType="13cdc9d9-ddb5-4fa4-a97d-d965ccfc6d4b" outcome="Passed" testListId="8c84fa94-04c1-424b-9868-57a2d4851a1d" relativeResultsDirectory="06ebf51f-18ba-4c1c-a700-d53645f4356c" />
    <UnitTestResult executionId="dfe90b0d-0967-486f-8387-f3b98036797d" testId="723cdbaa-44fa-5b0e-a92d-d3ce1c9fd80d" testName="MotorcycleRAG.UnitTests.Azure.DocumentIntelligenceClientWrapperIntegrationTests.AnalyzeDocumentFromUriAsync_WithValidUri_ShouldReturnAnalysis" computerName="OVERLORD" duration="00:00:00.0010000" startTime="2025-12-30T19:31:17.3884467-05:00" endTime="2025-12-30T19:31:17.3884661-05:00" testType="13cdc9d9-ddb5-4fa4-a97d-d965ccfc6d4b" outcome="NotExecuted" testListId="8c84fa94-04c1-424b-9868-57a2d4851a1d" relativeResultsDirectory="dfe90b0d-0967-486f-8387-f3b98036797d">
      <Output>
        <ErrorInfo>
          <Message>Integration test - requires actual Document Intelligence service</Message>
        </ErrorInfo>
      </Output>
    </UnitTestResult>
    <UnitTestResult executionId="dd4e647e-d14c-4025-8925-2b4497be4e4f" testId="65acb3f4-a27d-6d38-9d3c-95315e7f07a9" testName="MotorcycleRAG.UnitTests.Azure.AzureAIConfigurationValidatorTests.Validate_WithInvalidMaxTokens_ShouldReturnFailure(maxTokens: 0, expectedError: &quot;AzureAI:Models:MaxTokens must be greater than 0&quot;)" computerName="OVERLORD" duration="00:00:00.0002939" startTime="2025-12-30T19:31:17.4103140-05:00" endTime="2025-12-30T19:31:17.4116432-05:00" testType="13cdc9d9-ddb5-4fa4-a97d-d965ccfc6d4b" outcome="Passed" testListId="8c84fa94-04c1-424b-9868-57a2d4851a1d" relativeResultsDirectory="dd4e647e-d14c-4025-8925-2b4497be4e4f" />
    <UnitTestResult executionId="63c18f59-6ae5-4500-8c97-9556ae2ad2b2" testId="99a3a1fb-40b8-4205-b96f-9c5a9c7c040d" testName="MotorcycleRAG.UnitTests.Services.UsageTrackingServiceTests.GetUsageByDateRangeAsync_ValidParameters_ReturnsUsageRecords" computerName="OVERLORD" duration="00:00:00.0552301" startTime="2025-12-30T19:31:17.4586887-05:00" endTime="2025-12-30T19:31:17.5114470-05:00" testType="13cdc9d9-ddb5-4fa4-a97d-d965ccfc6d4b" outcome="Passed" testListId="8c84fa94-04c1-424b-9868-57a2d4851a1d" relativeResultsDirectory="63c18f59-6ae5-4500-8c97-9556ae2ad2b2" />
    <UnitTestResult executionId="29371d1f-c996-4acb-a6df-9ded12edd838" testId="cd23588c-168f-96c1-4bdb-f1bf17ea40f3" testName="MotorcycleRAG.UnitTests.Pipeline.ScheduledPipelineServiceReliabilityTests.UpdateScheduleAsync_WithInvalidCronExpression_ShouldHandleGracefully" computerName="OVERLORD" duration="00:00:00.0021664" startTime="2025-12-30T19:31:17.6779977-05:00" endTime="2025-12-30T19:31:17.6801852-05:00" testType="13cdc9d9-ddb5-4fa4-a97d-d965ccfc6d4b" outcome="Passed" testListId="8c84fa94-04c1-424b-9868-57a2d4851a1d" relativeResultsDirectory="29371d1f-c996-4acb-a6df-9ded12edd838" />
    <UnitTestResult executionId="8df3c92d-03d3-486d-a924-e42ecea141d6" testId="97bd0592-61f9-33c0-18ce-6467b520cb83" testName="MotorcycleRAG.UnitTests.Azure.DocumentIntelligenceClientWrapperTests.IsRetryableError_WithRetryableStatusCodes_ShouldReturnTrue(statusCode: 503)" computerName="OVERLORD" duration="00:00:00.0000258" startTime="2025-12-30T19:31:17.4074744-05:00" endTime="2025-12-30T19:31:17.4075862-05:00" testType="13cdc9d9-ddb5-4fa4-a97d-d965ccfc6d4b" outcome="Passed" testListId="8c84fa94-04c1-424b-9868-57a2d4851a1d" relativeResultsDirectory="8df3c92d-03d3-486d-a924-e42ecea141d6" />
    <UnitTestResult executionId="1e812e27-ff9c-4edf-b5a8-22da01d59b55" testId="53cae650-26ad-ef78-01b0-1f89b05648b3" testName="MotorcycleRAG.UnitTests.Pipeline.ScheduledPipelineServiceReliabilityTests.ExecuteImmediateRunAsync_ShouldDetectCorrectFileTypes(fileName: &quot;test.csv&quot;, expectedType: CSV)" computerName="OVERLORD" duration="00:00:00.0070286" startTime="2025-12-30T19:31:17.6536486-05:00" endTime="2025-12-30T19:31:17.6606683-05:00" testType="13cdc9d9-ddb5-4fa4-a97d-d965ccfc6d4b" outcome="Passed" testListId="8c84fa94-04c1-424b-9868-57a2d4851a1d" relativeResultsDirectory="1e812e27-ff9c-4edf-b5a8-22da01d59b55" />
    <UnitTestResult executionId="6529bfca-efe0-4731-be82-36efa1afc629" testId="960ae0d1-c676-3682-b94d-409be5beb925" testName="MotorcycleRAG.UnitTests.Services.ModelValidationServiceTests.ValidateCitation_ManualPdfWithNullLocator_ReturnsEmptyErrors_BestEffort" computerName="OVERLORD" duration="00:00:00.0001581" startTime="2025-12-30T19:31:17.4591606-05:00" endTime="2025-12-30T19:31:17.4591882-05:00" testType="13cdc9d9-ddb5-4fa4-a97d-d965ccfc6d4b" outcome="Passed" testListId="8c84fa94-04c1-424b-9868-57a2d4851a1d" relativeResultsDirectory="6529bfca-efe0-4731-be82-36efa1afc629" />
    <UnitTestResult executionId="bd84ef06-c62b-4ef8-9f93-eb5febf305e9" testId="e5a4e95c-af94-20d5-ddbd-d30a73d94ff9" testName="MotorcycleRAG.UnitTests.Agents.VectorSearchAgentTests.SearchAsync_ShouldRespectMaxResultsLimit_WhenLimitSet" computerName="OVERLORD" duration="00:00:00.1100347" startTime="2025-12-30T19:31:18.3821597-05:00" endTime="2025-12-30T19:31:18.4927042-05:00" testType="13cdc9d9-ddb5-4fa4-a97d-d965ccfc6d4b" outcome="Passed" testListId="8c84fa94-04c1-424b-9868-57a2d4851a1d" relativeResultsDirectory="bd84ef06-c62b-4ef8-9f93-eb5febf305e9" />
    <UnitTestResult executionId="db08d224-dfc4-4394-815e-2960aea00b51" testId="0d107ec5-4a58-e578-4529-18bf353287df" testName="MotorcycleRAG.UnitTests.Services.PlanPolicyServiceTests.GetDailyRequestLimitAsync_UserWithoutPlan_ReturnsDefaultLimit" computerName="OVERLORD" duration="00:00:00.0031519" startTime="2025-12-30T19:31:17.5829467-05:00" endTime="2025-12-30T19:31:17.5859267-05:00" testType="13cdc9d9-ddb5-4fa4-a97d-d965ccfc6d4b" outcome="Passed" testListId="8c84fa94-04c1-424b-9868-57a2d4851a1d" relativeResultsDirectory="db08d224-dfc4-4394-815e-2960aea00b51" />
    <UnitTestResult executionId="29c36850-01a8-4da1-89df-d7a413e4f682" testId="dcca900a-d1a2-3d2d-78bb-35c9dc19c917" testName="MotorcycleRAG.UnitTests.Azure.AzureOpenAIClientWrapperTests.Constructor_WithNullLogger_ShouldThrowArgumentNullException" computerName="OVERLORD" duration="00:00:00.0009794" startTime="2025-12-30T19:31:17.5490582-05:00" endTime="2025-12-30T19:31:17.5506639-05:00" testType="13cdc9d9-ddb5-4fa4-a97d-d965ccfc6d4b" outcome="Passed" testListId="8c84fa94-04c1-424b-9868-57a2d4851a1d" relativeResultsDirectory="29c36850-01a8-4da1-89df-d7a413e4f682" />
    <UnitTestResult executionId="447d4598-d3ef-4c58-94ac-4e9142fafc43" testId="8627696d-21c8-70f2-24b9-3c0ec982266c" testName="MotorcycleRAG.UnitTests.Services.ModelValidationServiceTests.ValidateCitation_NullCitation_ReturnsEmptyErrors_NoException" computerName="OVERLORD" duration="00:00:00.0001185" startTime="2025-12-30T19:31:17.5198436-05:00" endTime="2025-12-30T19:31:17.5198716-05:00" testType="13cdc9d9-ddb5-4fa4-a97d-d965ccfc6d4b" outcome="Passed" testListId="8c84fa94-04c1-424b-9868-57a2d4851a1d" relativeResultsDirectory="447d4598-d3ef-4c58-94ac-4e9142fafc43" />
    <UnitTestResult executionId="050016c7-01ed-4df0-a0d2-4f7c0ca5a0e1" testId="c74cbd44-d424-8a31-802f-f2b19a45b4a2" testName="MotorcycleRAG.UnitTests.Pipeline.FileUploadServiceReliabilityTests.UploadFileAsync_WithEmptyFile_ShouldFail" computerName="OVERLORD" duration="00:00:00.0009363" startTime="2025-12-30T19:31:17.6699737-05:00" endTime="2025-12-30T19:31:17.6708250-05:00" testType="13cdc9d9-ddb5-4fa4-a97d-d965ccfc6d4b" outcome="Passed" testListId="8c84fa94-04c1-424b-9868-57a2d4851a1d" relativeResultsDirectory="050016c7-01ed-4df0-a0d2-4f7c0ca5a0e1" />
    <UnitTestResult executionId="e83a8e12-e944-4162-88b2-e88a95bc1910" testId="75588c54-1b7d-0e60-a5f3-c54352e72be4" testName="MotorcycleRAG.UnitTests.Azure.AzureSearchClientWrapperTests.IsRetryableError_WithNonRetryableStatusCodes_ShouldReturnFalse(statusCode: 403)" computerName="OVERLORD" duration="00:00:00.0030791" startTime="2025-12-30T19:31:17.6217484-05:00" endTime="2025-12-30T19:31:17.6247936-05:00" testType="13cdc9d9-ddb5-4fa4-a97d-d965ccfc6d4b" outcome="Passed" testListId="8c84fa94-04c1-424b-9868-57a2d4851a1d" relativeResultsDirectory="e83a8e12-e944-4162-88b2-e88a95bc1910" />
    <UnitTestResult executionId="49cf790f-97ce-4538-bd7d-4f15a499647c" testId="38466812-c9a6-e48f-9283-f873b0af2102" testName="MotorcycleRAG.UnitTests.Services.PlanPolicyServiceTests.GetDailyRequestLimitAsync_PlanNotFound_ReturnsDefaultLimit" computerName="OVERLORD" duration="00:00:00.0034663" startTime="2025-12-30T19:31:17.5743946-05:00" endTime="2025-12-30T19:31:17.5749493-05:00" testType="13cdc9d9-ddb5-4fa4-a97d-d965ccfc6d4b" outcome="Passed" testListId="8c84fa94-04c1-424b-9868-57a2d4851a1d" relativeResultsDirectory="49cf790f-97ce-4538-bd7d-4f15a499647c" />
    <UnitTestResult executionId="952d934c-f854-4348-9227-b627273b2914" testId="5bf7b074-ff40-5851-d3ec-26b358b2df6b" testName="MotorcycleRAG.UnitTests.Services.ModelValidationServiceTests.ValidateCitation_WithEmptyDocumentId_ShowsEmptyPlaceholder" computerName="OVERLORD" duration="00:00:00.0002824" startTime="2025-12-30T19:31:17.4636316-05:00" endTime="2025-12-30T19:31:17.4637616-05:00" testType="13cdc9d9-ddb5-4fa4-a97d-d965ccfc6d4b" outcome="Passed" testListId="8c84fa94-04c1-424b-9868-57a2d4851a1d" relativeResultsDirectory="952d934c-f854-4348-9227-b627273b2914" />
[...]
    <TestEntry testId="7e003185-2979-9842-840e-ddf4758714ec" executionId="850d71f4-af5f-4d5a-aa90-f123e78d235f" testListId="8c84fa94-04c1-424b-9868-57a2d4851a1d" />
    <TestEntry testId="8b23536f-db69-8b88-bf74-ff3cc8a7b98c" executionId="653016dc-53fd-4aad-956e-2d0fa7237541" testListId="8c84fa94-04c1-424b-9868-57a2d4851a1d" />
    <TestEntry testId="0fb0ba5e-862a-6dc9-f276-acf4f54411fb" executionId="9060f0f6-a857-411b-9ecd-c665af3a3706" testListId="8c84fa94-04c1-424b-9868-57a2d4851a1d" />
    <TestEntry testId="5b3e727a-65a6-5846-4616-ec88d41c9930" executionId="223a2a0e-9b25-4f60-aaa5-e22e4895f0fd" testListId="8c84fa94-04c1-424b-9868-57a2d4851a1d" />
    <TestEntry testId="e395b325-7115-2a53-91a8-bb04ab827128" executionId="908ea78b-ee25-43a7-aa88-4d0ee6d791be" testListId="8c84fa94-04c1-424b-9868-57a2d4851a1d" />
    <TestEntry testId="687b2e76-7d6f-2677-ee04-89ea2a5d299c" executionId="2be67937-b0a7-4d75-a6e0-e1090eebd866" testListId="8c84fa94-04c1-424b-9868-57a2d4851a1d" />
    <TestEntry testId="8dc626b5-36e9-b75c-2ba2-6c4379287f55" executionId="e5a22b33-5c15-41b6-813b-cbc84c969702" testListId="8c84fa94-04c1-424b-9868-57a2d4851a1d" />
    <TestEntry testId="593ed86a-cfa4-60fc-779a-65fac9e7b276" executionId="23f6ba02-7f2b-4785-8b8e-029791286a35" testListId="8c84fa94-04c1-424b-9868-57a2d4851a1d" />
    <TestEntry testId="e910d482-71e7-4ae2-f6c2-2e7acd095ec4" executionId="b8efa88c-a0c4-4355-b94c-626ed1ddb5d9" testListId="8c84fa94-04c1-424b-9868-57a2d4851a1d" />
    <TestEntry testId="904dd6ed-306b-37cd-84c7-62dc4c95e4af" executionId="c389fcc5-5c12-4dd4-a985-68d83aa37021" testListId="8c84fa94-04c1-424b-9868-57a2d4851a1d" />
    <TestEntry testId="ed50e37f-9a01-d919-34e5-dc64bf8770fc" executionId="c778b029-892c-4d0e-95e6-109f0f2d2985" testListId="8c84fa94-04c1-424b-9868-57a2d4851a1d" />
    <TestEntry testId="7ab3b581-7622-57a5-60be-82ec4aa3131b" executionId="d4d37477-a8af-4fe7-9b9f-35da2c62ba78" testListId="8c84fa94-04c1-424b-9868-57a2d4851a1d" />
    <TestEntry testId="4505106f-6787-5cbc-bd00-4a52f72cafcd" executionId="ac1724b8-a04a-448a-9cb9-4bb6fe7548e2" testListId="8c84fa94-04c1-424b-9868-57a2d4851a1d" />
    <TestEntry testId="8c80233c-ccbe-3b6f-6a2f-1eeaccb731af" executionId="c3706607-571b-4521-b1d1-d69aa9f02f4c" testListId="8c84fa94-04c1-424b-9868-57a2d4851a1d" />
    <TestEntry testId="8b087e9c-d133-0c9d-4df6-3afd27ba8a17" executionId="9bd31a2a-c5cc-40fc-bedc-d6fe40c7dd47" testListId="8c84fa94-04c1-424b-9868-57a2d4851a1d" />
    <TestEntry testId="7a69cf93-9973-6f11-5708-05b290c310ba" executionId="ec119513-db9a-48e3-919a-335c184e79ca" testListId="8c84fa94-04c1-424b-9868-57a2d4851a1d" />
    <TestEntry testId="164521df-11fe-c34f-5ad5-25b1d758fcb8" executionId="c6a0f941-1db8-497b-9547-d96495bf5be9" testListId="8c84fa94-04c1-424b-9868-57a2d4851a1d" />
    <TestEntry testId="1911419b-aa40-3c8c-b804-7a5df7256814" executionId="f636c471-6c06-436b-a0f1-69ec92a321fa" testListId="8c84fa94-04c1-424b-9868-57a2d4851a1d" />
    <TestEntry testId="d0b6d5cd-2243-205d-fbe2-1f841d7efd92" executionId="bdcfb0f2-ed09-47f2-93d8-ac71437fd37b" testListId="8c84fa94-04c1-424b-9868-57a2d4851a1d" />
    <TestEntry testId="c298fde3-77e3-ed64-a344-caf0c553c515" executionId="f9ed2818-ec81-4b91-8638-71cc8575efd1" testListId="8c84fa94-04c1-424b-9868-57a2d4851a1d" />
    <TestEntry testId="d7838280-9f60-0818-b6fa-38f9a7b2a8a7" executionId="b8d1193b-756a-4886-a29d-4155aada4fb0" testListId="8c84fa94-04c1-424b-9868-57a2d4851a1d" />
    <TestEntry testId="95327a2c-e64a-450f-8b99-3646505f0fb8" executionId="a553d698-0f5f-4d2f-a474-dfa6450e36d3" testListId="8c84fa94-04c1-424b-9868-57a2d4851a1d" />
    <TestEntry testId="a058e5f7-9153-a312-d52f-5fc86955356c" executionId="42efb89f-67e5-4f53-b5f6-6845ac5cb1ea" testListId="8c84fa94-04c1-424b-9868-57a2d4851a1d" />
    <TestEntry testId="08968bd7-34b5-da77-c470-9e827f6f6f00" executionId="566805d3-4df3-41b0-80c0-ee1ee329ce62" testListId="8c84fa94-04c1-424b-9868-57a2d4851a1d" />
    <TestEntry testId="b3e16aa4-d8b2-9924-611a-6f8d5d3e257c" executionId="42073f79-54a9-463c-a9e4-f8d130906906" testListId="8c84fa94-04c1-424b-9868-57a2d4851a1d" />
    <TestEntry testId="dae4f880-1b94-6be3-c3a0-9528456d2433" executionId="b2819a6e-db1c-4403-a63e-213c29e96d01" testListId="8c84fa94-04c1-424b-9868-57a2d4851a1d" />
    <TestEntry testId="58483631-17b4-7482-6dd7-d969e2416743" executionId="f2e60eeb-853a-4095-85d7-b29136d4d8da" testListId="8c84fa94-04c1-424b-9868-57a2d4851a1d" />
    <TestEntry testId="5fe727be-a0a7-75af-fc54-b5d93ebe80fb" executionId="c80d0005-2a4b-4fe5-b070-6911066a625b" testListId="8c84fa94-04c1-424b-9868-57a2d4851a1d" />
    <TestEntry testId="c6275f70-6fbb-8ba8-09a6-5bd831bc1c44" executionId="af9fbbfa-c7e0-4148-8a66-e1935165f025" testListId="8c84fa94-04c1-424b-9868-57a2d4851a1d" />
    <TestEntry testId="dccff181-4784-9e6d-45a6-df24dcfc1ae7" executionId="3bec6851-b128-4fea-a78a-94793a30c983" testListId="8c84fa94-04c1-424b-9868-57a2d4851a1d" />
    <TestEntry testId="8ef5189c-21ae-9126-16a0-442b8a3587de" executionId="6d1044c7-4f26-4f5d-8f6d-bac96ff67d66" testListId="8c84fa94-04c1-424b-9868-57a2d4851a1d" />
    <TestEntry testId="c3f8a356-04f3-f85e-09a2-d3cd8129cb82" executionId="82fdf4d1-b328-45a8-a61d-25df89675cf0" testListId="8c84fa94-04c1-424b-9868-57a2d4851a1d" />
    <TestEntry testId="40ee0795-8f4b-4a04-4998-1344c98f2685" executionId="b278ac8e-7561-4b2a-892a-20e243225d33" testListId="8c84fa94-04c1-424b-9868-57a2d4851a1d" />
    <TestEntry testId="b5882f20-475a-3dd2-1309-61ca11a895bd" executionId="6a3d765f-fdce-46ca-8726-a7a5d3622296" testListId="8c84fa94-04c1-424b-9868-57a2d4851a1d" />
    <TestEntry testId="281c75eb-cf6d-825c-049f-bdbd5e5b1128" executionId="4156c766-1c55-4161-a4d8-7183974e3e64" testListId="8c84fa94-04c1-424b-9868-57a2d4851a1d" />
    <TestEntry testId="4f1b81e4-33d3-747f-8603-8e44c87b015f" executionId="82f3d62e-17a0-4705-8e42-fcbcd5e973f9" testListId="8c84fa94-04c1-424b-9868-57a2d4851a1d" />
    <TestEntry testId="52b16570-af75-e0de-856c-d68c978f328f" executionId="92722156-8631-4670-bea2-52edf8580339" testListId="8c84fa94-04c1-424b-9868-57a2d4851a1d" />
    <TestEntry testId="c17b5d84-315d-a489-80ca-b2a2e769e934" executionId="07e7acb6-c2de-4654-8a7c-b2afadc71969" testListId="8c84fa94-04c1-424b-9868-57a2d4851a1d" />
    <TestEntry testId="2e478768-653f-c218-1693-8f44d70041cb" executionId="9f797f52-85c2-4f93-b468-d51cfffa75e3" testListId="8c84fa94-04c1-424b-9868-57a2d4851a1d" />
    <TestEntry testId="a1dc1f65-abc7-9eaa-373e-3045d68a2002" executionId="fbfb0fcf-59ea-4e65-b333-af4989fac351" testListId="8c84fa94-04c1-424b-9868-57a2d4851a1d" />
    <TestEntry testId="7b8139a4-1c41-ded1-4e1b-ceae2d497e68" executionId="28772ca9-b1be-412f-95e3-b2c074e687a6" testListId="8c84fa94-04c1-424b-9868-57a2d4851a1d" />
    <TestEntry testId="def03e5d-79bb-d9b3-e8ff-e9ed9f6c3bfb" executionId="d244391f-4ddc-4a96-837b-9361a3158373" testListId="8c84fa94-04c1-424b-9868-57a2d4851a1d" />
    <TestEntry testId="463a2517-8fef-377f-e62f-c786929595ee" executionId="cc8d2b07-0a74-4710-bfda-919baea22d43" testListId="8c84fa94-04c1-424b-9868-57a2d4851a1d" />
    <TestEntry testId="6baf0fd9-cec5-1098-d25f-5ac74f935332" executionId="c3a39c41-85db-4a33-930f-4fb288ee3e24" testListId="8c84fa94-04c1-424b-9868-57a2d4851a1d" />
    <TestEntry testId="f9716d51-256d-05e3-975a-785914d3d27c" executionId="be1b2fdd-c924-47ab-8331-6c9838a9a0b2" testListId="8c84fa94-04c1-424b-9868-57a2d4851a1d" />
    <TestEntry testId="33dd9131-65ff-4b9d-0b77-41f86a1eceeb" executionId="18f7dbee-74e8-43c2-b2d4-76f58b61749c" testListId="8c84fa94-04c1-424b-9868-57a2d4851a1d" />
    <TestEntry testId="a16bef01-57b9-6b87-2a5a-3ff798e0e23a" executionId="db53d52e-8a43-41b0-9f29-3f2111fe07d7" testListId="8c84fa94-04c1-424b-9868-57a2d4851a1d" />
    <TestEntry testId="2908a19c-ef0d-f8fd-4311-0fa1e2ceb239" executionId="977d97dc-f673-4fe1-96d2-bbfd16e0fb36" testListId="8c84fa94-04c1-424b-9868-57a2d4851a1d" />
    <TestEntry testId="f2befffe-22bc-6b64-b3b9-b5d54cc187f3" executionId="af5cb1d6-1b5e-41e5-8ca3-a42b793a2b3a" testListId="8c84fa94-04c1-424b-9868-57a2d4851a1d" />
    <TestEntry testId="42ca7a33-1570-da59-b58a-1c5b834ec542" executionId="48737c65-82f9-4de8-adb6-f78051feeacd" testListId="8c84fa94-04c1-424b-9868-57a2d4851a1d" />
    <TestEntry testId="77158986-20da-958f-bbd7-2d54b4e1586e" executionId="2f61f113-1efe-4ff3-85b9-fa9f6f15c316" testListId="8c84fa94-04c1-424b-9868-57a2d4851a1d" />
    <TestEntry testId="cfd4a1f4-b5d1-d9f0-fb82-565458d66afb" executionId="75007938-3374-494e-b20e-14542848bafa" testListId="8c84fa94-04c1-424b-9868-57a2d4851a1d" />
    <TestEntry testId="281e563a-4feb-19e3-6b9d-f8c6bdcd705c" executionId="e7ee63ae-3dae-47f1-a3d2-3a5017091ccc" testListId="8c84fa94-04c1-424b-9868-57a2d4851a1d" />
    <TestEntry testId="c9a642b4-9cee-8095-1540-86bc56fe96ba" executionId="20600e6e-0a54-4bc0-be6a-222c9c658c8d" testListId="8c84fa94-04c1-424b-9868-57a2d4851a1d" />
    <TestEntry testId="d5d31f54-5294-a7f7-298e-8ad23435a414" executionId="0fe90c4c-159e-4984-a6b1-c140839cf0a2" testListId="8c84fa94-04c1-424b-9868-57a2d4851a1d" />
    <TestEntry testId="d97ef369-c92b-c116-323e-7a186a7c9d4b" executionId="3ec2716d-2dbf-44ec-b5a7-a189d0a2ea4b" testListId="8c84fa94-04c1-424b-9868-57a2d4851a1d" />
    <TestEntry testId="52abd427-87fb-87bb-34e7-beb1a6380160" executionId="0a4c978b-c2c3-4d40-82b0-7ed6b3f48877" testListId="8c84fa94-04c1-424b-9868-57a2d4851a1d" />
    <TestEntry testId="0b436bb6-9780-6fd8-e89b-ae2d22c10b25" executionId="49d170c1-c735-4eb9-b046-51949a945cb5" testListId="8c84fa94-04c1-424b-9868-57a2d4851a1d" />
    <TestEntry testId="fff3955e-a295-9ec5-d714-39522b06f8da" executionId="e410b3b9-c378-40f3-aa47-0e5ea0876990" testListId="8c84fa94-04c1-424b-9868-57a2d4851a1d" />
    <TestEntry testId="bb0d04ce-b3bf-2f85-44f9-34751ce026b2" executionId="83391da8-35a0-4c54-9e39-e07f939afeea" testListId="8c84fa94-04c1-424b-9868-57a2d4851a1d" />
    <TestEntry testId="396a90cc-3e04-38aa-c49e-c9cd3b98c6ad" executionId="5436783c-0c93-4ac9-9ac2-65a96f3aae70" testListId="8c84fa94-04c1-424b-9868-57a2d4851a1d" />
    <TestEntry testId="59426ef7-2330-2043-6fa0-fc87636238fa" executionId="52fa572b-bc1a-40ef-ba4f-fb34dd2a7f8a" testListId="8c84fa94-04c1-424b-9868-57a2d4851a1d" />
    <TestEntry testId="14566d88-a0d8-4db9-fbc8-3821f4b18920" executionId="f83d03b6-afa5-4316-91f6-f4f661c21112" testListId="8c84fa94-04c1-424b-9868-57a2d4851a1d" />
    <TestEntry testId="a8e0fc60-8d55-0ee1-9052-79386277ada2" executionId="305f7cc9-5962-4eca-b022-25965e6bdf38" testListId="8c84fa94-04c1-424b-9868-57a2d4851a1d" />
    <TestEntry testId="4f40f490-8524-72bc-3781-66f742f6617b" executionId="6daab517-7968-45d3-a235-04c647b18ef8" testListId="8c84fa94-04c1-424b-9868-57a2d4851a1d" />
    <TestEntry testId="6dae3627-3f5a-78a1-c79c-b66b94b98612" executionId="216251a7-c71f-47d2-803d-c28c474a7f0e" testListId="8c84fa94-04c1-424b-9868-57a2d4851a1d" />
    <TestEntry testId="9b63ed0d-0c05-1663-4b78-fdd775e76153" executionId="40f1c9ba-a881-40f5-a540-a3a9a6ac35f6" testListId="8c84fa94-04c1-424b-9868-57a2d4851a1d" />
    <TestEntry testId="9d26505c-8ffc-d681-062c-1fd22fc05029" executionId="6343479c-ccfd-47ff-b179-c81755026c2e" testListId="8c84fa94-04c1-424b-9868-57a2d4851a1d" />
    <TestEntry testId="ed749ebe-4072-7dd3-6782-8d2a85dd417d" executionId="5685944a-ea27-4b3f-a769-d216832fd330" testListId="8c84fa94-04c1-424b-9868-57a2d4851a1d" />
  </TestEntries>
  <TestLists>
    <TestList name="Results Not in a List" id="8c84fa94-04c1-424b-9868-57a2d4851a1d" />
    <TestList name="All Loaded Results" id="19431567-8539-422a-85d7-44ee4e166bda" />
  </TestLists>
  <ResultSummary outcome="Failed">
    <Counters total="274" executed="264" passed="263" failed="1" error="0" timeout="0" aborted="0" inconclusive="0" passedButRunAborted="0" notRunnable="0" notExecuted="0" disconnected="0" warning="0" completed="0" inProgress="0" pending="0" />
    <Output>
      <StdOut>[xUnit.net 00:00:00.00] xUnit.net VSTest Adapter v3.1.5+1b188a7b0a (64-bit .NET 10.0.1)&#xD;
[xUnit.net 00:00:00.07]   Discovering: MotorcycleRAG.UnitTests&#xD;
[xUnit.net 00:00:00.16]   Discovered:  MotorcycleRAG.UnitTests&#xD;
[xUnit.net 00:00:00.21]   Starting:    MotorcycleRAG.UnitTests&#xD;
     Warning:&#xD;
     The component "Fluent Assertions" is governed by the rules defined in the Xceed License Agreement and&#xD;
     the Xceed Fluent Assertions Community License. You may use Fluent Assertions free of charge for&#xD;
     non-commercial use only. An active subscription is required to use Fluent Assertions for commercial use.&#xD;
     Please contact Xceed Sales mailto:sales@xceed.com to acquire a subscription at a very low cost.&#xD;
     A paid commercial license supports the development and continued increasing support of&#xD;
     Fluent Assertions users under both commercial and community licenses. Help us&#xD;
     keep Fluent Assertions at the forefront of unit testing.&#xD;
     For more information, visit https://xceed.com/products/unit-testing/fluent-assertions/&#xD;
[xUnit.net 00:00:00.30]       Integration test - requires actual Azure OpenAI service&#xD;
[xUnit.net 00:00:00.30]       Integration test - requires actual Azure Search service&#xD;
[xUnit.net 00:00:00.31]       Integration test - requires actual Document Intelligence service&#xD;
[xUnit.net 00:00:00.31]       Integration test - requires actual Azure OpenAI service&#xD;
[xUnit.net 00:00:00.31]       Integration test - requires actual Document Intelligence service&#xD;
[xUnit.net 00:00:00.31]       Integration test - requires actual Azure OpenAI service&#xD;
[xUnit.net 00:00:00.31]       Integration test - requires actual Document Intelligence service&#xD;
Test 'MotorcycleRAG.UnitTests.Azure.AzureOpenAIClientWrapperIntegrationTests.GetChatCompletionsAsync_WithValidRequest_ShouldReturnResponse' was skipped in the test run.&#xD;
Test 'MotorcycleRAG.UnitTests.Azure.AzureSearchClientWrapperIntegrationTests.IndexDocumentsAsync_WithValidDocuments_ShouldIndexSuccessfully' was skipped in the test run.&#xD;
Test 'MotorcycleRAG.UnitTests.Azure.DocumentIntelligenceClientWrapperIntegrationTests.AnalyzeDocumentFromUriAsync_WithValidUri_ShouldReturnAnalysis' was skipped in the test run.&#xD;
Test 'MotorcycleRAG.UnitTests.Azure.AzureOpenAIClientWrapperIntegrationTests.GetEmbeddingsAsync_WithValidRequest_ShouldReturnEmbeddings' was skipped in the test run.&#xD;
Test 'MotorcycleRAG.UnitTests.Azure.DocumentIntelligenceClientWrapperIntegrationTests.IsHealthyAsync_WithValidService_ShouldReturnTrue' was skipped in the test run.&#xD;
Test 'MotorcycleRAG.UnitTests.Azure.AzureOpenAIClientWrapperIntegrationTests.IsHealthyAsync_WithValidService_ShouldReturnTrue' was skipped in the test run.&#xD;
Test 'MotorcycleRAG.UnitTests.Azure.DocumentIntelligenceClientWrapperIntegrationTests.AnalyzeDocumentAsync_WithValidPDF_ShouldReturnAnalysis' was skipped in the test run.&#xD;
[xUnit.net 00:00:00.33]       Integration test - requires actual Azure Search service&#xD;
[xUnit.net 00:00:00.33]       Integration test - requires actual Azure Search service&#xD;
Test 'MotorcycleRAG.UnitTests.Azure.AzureSearchClientWrapperIntegrationTests.SearchAsync_WithValidQuery_ShouldReturnResults' was skipped in the test run.&#xD;
Test 'MotorcycleRAG.UnitTests.Azure.AzureSearchClientWrapperIntegrationTests.IsHealthyAsync_WithValidService_ShouldReturnTrue' was skipped in the test run.&#xD;
[xUnit.net 00:00:00.38]       Assert.Contains() Failure: Sub-string not found&#xD;
[xUnit.net 00:00:00.38]       String:    "Manual citation must have either PageNumb"···&#xD;
[xUnit.net 00:00:00.38]       Not found: "DocumentId: aaaaaaaaaaaaaaaaaaaaaaaaaaaaa"···&#xD;
[xUnit.net 00:00:00.38]       Stack Trace:&#xD;
[xUnit.net 00:00:00.38]         C:\git\motorcycle-rag-system\5-Test\tests\MotorcycleRAG.UnitTests\Services\ModelValidationServiceTests.cs(898,0): at MotorcycleRAG.UnitTests.Services.ModelValidationServiceTests.ValidateCitation_WithLongDocumentId_TruncatesInErrorMessage()&#xD;
[xUnit.net 00:00:00.38]            at System.Reflection.MethodBaseInvoker.InterpretedInvoke_Method(Object obj, IntPtr* args)&#xD;
[xUnit.net 00:00:00.38]            at System.Reflection.MethodBaseInvoker.InvokeWithNoArgs(Object obj, BindingFlags invokeAttr)&#xD;
[xUnit.net 00:00:00.68]       Integration test - requires actual Azure Search service&#xD;
Test 'MotorcycleRAG.UnitTests.Azure.AzureSearchClientWrapperTests.IndexDocumentsAsync_WithValidDocuments_ShouldReturnTrue' was skipped in the test run.&#xD;
[xUnit.net 00:00:15.66]   Finished:    MotorcycleRAG.UnitTests&#xD;
</StdOut>
    </Output>
    <RunInfos>
      <RunInfo computerName="OVERLORD" outcome="Warning" timestamp="2025-12-30T19:31:17.3971556-05:00">
        <Text>[xUnit.net 00:00:00.30]     MotorcycleRAG.UnitTests.Azure.AzureOpenAIClientWrapperIntegrationTests.GetChatCompletionsAsync_WithValidRequest_ShouldReturnResponse [SKIP]</Text>
      </RunInfo>
      <RunInfo computerName="OVERLORD" outcome="Warning" timestamp="2025-12-30T19:31:17.3972814-05:00">
        <Text>[xUnit.net 00:00:00.30]     MotorcycleRAG.UnitTests.Azure.AzureSearchClientWrapperIntegrationTests.IndexDocumentsAsync_WithValidDocuments_ShouldIndexSuccessfully [SKIP]</Text>
      </RunInfo>
      <RunInfo computerName="OVERLORD" outcome="Warning" timestamp="2025-12-30T19:31:17.3973553-05:00">
        <Text>[xUnit.net 00:00:00.31]     MotorcycleRAG.UnitTests.Azure.DocumentIntelligenceClientWrapperIntegrationTests.AnalyzeDocumentFromUriAsync_WithValidUri_ShouldReturnAnalysis [SKIP]</Text>
      </RunInfo>
      <RunInfo computerName="OVERLORD" outcome="Warning" timestamp="2025-12-30T19:31:17.3974017-05:00">
        <Text>[xUnit.net 00:00:00.31]     MotorcycleRAG.UnitTests.Azure.AzureOpenAIClientWrapperIntegrationTests.GetEmbeddingsAsync_WithValidRequest_ShouldReturnEmbeddings [SKIP]</Text>
      </RunInfo>
      <RunInfo computerName="OVERLORD" outcome="Warning" timestamp="2025-12-30T19:31:17.3974411-05:00">
        <Text>[xUnit.net 00:00:00.31]     MotorcycleRAG.UnitTests.Azure.DocumentIntelligenceClientWrapperIntegrationTests.IsHealthyAsync_WithValidService_ShouldReturnTrue [SKIP]</Text>
      </RunInfo>
      <RunInfo computerName="OVERLORD" outcome="Warning" timestamp="2025-12-30T19:31:17.3974798-05:00">
        <Text>[xUnit.net 00:00:00.31]     MotorcycleRAG.UnitTests.Azure.AzureOpenAIClientWrapperIntegrationTests.IsHealthyAsync_WithValidService_ShouldReturnTrue [SKIP]</Text>
      </RunInfo>
      <RunInfo computerName="OVERLORD" outcome="Warning" timestamp="2025-12-30T19:31:17.3975204-05:00">
        <Text>[xUnit.net 00:00:00.31]     MotorcycleRAG.UnitTests.Azure.DocumentIntelligenceClientWrapperIntegrationTests.AnalyzeDocumentAsync_WithValidPDF_ShouldReturnAnalysis [SKIP]</Text>
      </RunInfo>
      <RunInfo computerName="OVERLORD" outcome="Warning" timestamp="2025-12-30T19:31:17.4237056-05:00">
        <Text>[xUnit.net 00:00:00.33]     MotorcycleRAG.UnitTests.Azure.AzureSearchClientWrapperIntegrationTests.SearchAsync_WithValidQuery_ShouldReturnResults [SKIP]</Text>
      </RunInfo>
      <RunInfo computerName="OVERLORD" outcome="Warning" timestamp="2025-12-30T19:31:17.4237984-05:00">
        <Text>[xUnit.net 00:00:00.33]     MotorcycleRAG.UnitTests.Azure.AzureSearchClientWrapperIntegrationTests.IsHealthyAsync_WithValidService_ShouldReturnTrue [SKIP]</Text>
      </RunInfo>
      <RunInfo computerName="OVERLORD" outcome="Error" timestamp="2025-12-30T19:31:17.4535956-05:00">
        <Text>[xUnit.net 00:00:00.38]     MotorcycleRAG.UnitTests.Services.ModelValidationServiceTests.ValidateCitation_WithLongDocumentId_TruncatesInErrorMessage [FAIL]</Text>
      </RunInfo>
      <RunInfo computerName="OVERLORD" outcome="Warning" timestamp="2025-12-30T19:31:17.7535555-05:00">
        <Text>[xUnit.net 00:00:00.68]     MotorcycleRAG.UnitTests.Azure.AzureSearchClientWrapperTests.IndexDocumentsAsync_WithValidDocuments_ShouldReturnTrue [SKIP]</Text>
      </RunInfo>
    </RunInfos>
  </ResultSummary>
</TestRun>