============================= test session starts =============================
platform win32 -- Python 3.13.12, pytest-9.0.2, pluggy-1.6.0
rootdir: D:\motorcycle-rag-system-local-docling\2-Application\local-processing-service
configfile: pyproject.toml
plugins: anyio-4.12.1, Faker-40.5.1, asyncio-1.3.0
asyncio: mode=Mode.AUTO, debug=False, asyncio_default_fixture_loop_scope=None, asyncio_default_test_loop_scope=function
collected 35 items

tests\test_blob_writer.py ........                                       [ 22%]
tests\test_csv_processor.py .......                                      [ 42%]
tests\test_graph_extractor.py .......                                    [ 62%]
tests\test_ollama_embedder.py ......                                     [ 80%]
tests\test_pdf_processor.py .......                                      [100%]

============================= 35 passed in 20.65s =============================
